<?xml version="1.0" encoding="UTF-8"?>
<TestRun id="c9442f65-a0da-4575-9448-c65901695f21" name="testresults" runUser="rolim-PC\rolim" xmlns="http://microsoft.com/schemas/VisualStudio/TeamTest/2010">
  <TestSettings name="SW" id="f0dbb167-77f5-4991-a445-2387d694f5ca">
    <Description>These are default test settings for a local test run.</Description>
    <Deployment userDeploymentRoot="C:\Users\rolim\Documents\GitHub\softwrench\Build" useDefaultDeploymentRoot="false" runDeploymentRoot="testresults[4]">
      <DeploymentItem filename="softWrench.sW4.Web\App_Data\" />
      <DeploymentItem filename="softwrench.sW4.test\App_data\" />
    </Deployment>
    <NamingScheme baseName="testresults" appendTimeStamp="false" useDefault="false" />
    <Execution hostProcessPlatform="MSIL">
      <TestTypeSpecific>
        <UnitTestRunConfig testTypeId="13cdc9d9-ddb5-4fa4-a97d-d965ccfc6d4b">
          <AssemblyResolution>
            <TestDirectory useLoadContext="true" />
          </AssemblyResolution>
        </UnitTestRunConfig>
        <WebTestRunConfiguration testTypeId="4e7599fa-5ecb-43e9-a887-cd63cf72d207">
          <Browser name="Internet Explorer 9.0" MaxConnections="6">
            <Headers>
              <Header name="User-Agent" value="Mozilla/5.0 (compatible; MSIE 9.0; Windows NT 6.1; Trident/5.0)" />
              <Header name="Accept" value="*/*" />
              <Header name="Accept-Language" value="{{$IEAcceptLanguage}}" />
              <Header name="Accept-Encoding" value="GZIP" />
            </Headers>
          </Browser>
        </WebTestRunConfiguration>
      </TestTypeSpecific>
      <AgentRule name="LocalMachineDefaultRole">
      </AgentRule>
    </Execution>
    <Properties />
  </TestSettings>
  <Times creation="2015-02-02T13:59:16.8903324-02:00" queuing="2015-02-02T13:59:17.2583534-02:00" start="2015-02-02T13:59:17.3733600-02:00" finish="2015-02-02T13:59:21.0055678-02:00" />
  <ResultSummary outcome="Completed">
    <Counters total="111" executed="111" passed="111" error="0" failed="0" timeout="0" aborted="0" inconclusive="0" passedButRunAborted="0" notRunnable="0" notExecuted="0" disconnected="0" warning="0" completed="0" inProgress="0" pending="0" />
  </ResultSummary>
  <TestDefinitions>
    <UnitTest name="SecureBars" storage="../softwrench.sw4.test/bin/debug/softwrench.sw4.test.dll" id="4685f03c-8b62-fde2-b4be-9edd60faaed3">
      <Execution id="1e572aa9-880a-4bc9-8b18-a5e57516a2c0" />
      <TestMethod codeBase="C:/Users/rolim/Documents/GitHub/softwrench/softwrench.sW4.test/bin/Debug/softwrench.sW4.test.DLL" adapterTypeName="Microsoft.VisualStudio.TestTools.TestTypes.Unit.UnitTestAdapter, Microsoft.VisualStudio.QualityTools.Tips.UnitTest.Adapter, Version=12.0.0.0, Culture=neutral, PublicKeyToken=b03f5f7f11d50a3a" className="softwrench.sW4.test.Metadata.Applications.Command.ApplicationCommandUtilsTest, softwrench.sW4.test, Version=1.0.0.0, Culture=neutral, PublicKeyToken=null" name="SecureBars" />
    </UnitTest>
    <UnitTest name="ConfigThenEnvThenGlobal" storage="../softwrench.sw4.test/bin/debug/softwrench.sw4.test.dll" id="b34b1695-ae71-155d-66cf-eeeb475a677b">
      <Execution id="c937c722-19d5-4d1b-a5c0-ea13a69dc3ae" />
      <TestMethod codeBase="C:/Users/rolim/Documents/GitHub/softwrench/softwrench.sW4.test/bin/Debug/softwrench.sW4.test.DLL" adapterTypeName="Microsoft.VisualStudio.TestTools.TestTypes.Unit.UnitTestAdapter, Microsoft.VisualStudio.QualityTools.Tips.UnitTest.Adapter, Version=12.0.0.0, Culture=neutral, PublicKeyToken=b03f5f7f11d50a3a" className="softwrench.sW4.test.Metadata.MetadataPropertiesTest, softwrench.sW4.test, Version=1.0.0.0, Culture=neutral, PublicKeyToken=null" name="ConfigThenEnvThenGlobal" />
    </UnitTest>
    <UnitTest name="CheckFieldsOrderOrder2" storage="../softwrench.sw4.test/bin/debug/softwrench.sw4.test.dll" id="ecf50f5d-1505-8b7d-5392-a60e99531be0">
      <Execution id="37ad4eec-27db-406a-8d3a-fad31d5af661" />
      <TestMethod codeBase="C:/Users/rolim/Documents/GitHub/softwrench/softwrench.sW4.test/bin/Debug/softwrench.sW4.test.DLL" adapterTypeName="Microsoft.VisualStudio.TestTools.TestTypes.Unit.UnitTestAdapter, Microsoft.VisualStudio.QualityTools.Tips.UnitTest.Adapter, Version=12.0.0.0, Culture=neutral, PublicKeyToken=b03f5f7f11d50a3a" className="softwrench.sW4.test.Metadata.AbstractSchemaTest, softwrench.sW4.test, Version=1.0.0.0, Culture=neutral, PublicKeyToken=null" name="CheckFieldsOrderOrder2" />
    </UnitTest>
    <UnitTest name="NoneRequestOverriding" storage="../softwrench.sw4.test/bin/debug/softwrench.sw4.test.dll" id="79cd2259-0782-0434-e74d-14e7891a5b76">
      <Execution id="31363dac-9b0e-45cd-8749-deea738949f3" />
      <TestMethod codeBase="C:/Users/rolim/Documents/GitHub/softwrench/softwrench.sW4.test/bin/Debug/softwrench.sW4.test.DLL" adapterTypeName="Microsoft.VisualStudio.TestTools.TestTypes.Unit.UnitTestAdapter, Microsoft.VisualStudio.QualityTools.Tips.UnitTest.Adapter, Version=12.0.0.0, Culture=neutral, PublicKeyToken=b03f5f7f11d50a3a" className="softwrench.sW4.test.Metadata.Association.AssociationHelperTest, softwrench.sW4.test, Version=1.0.0.0, Culture=neutral, PublicKeyToken=null" name="NoneRequestOverriding" />
    </UnitTest>
    <UnitTest name="TestMethod2" storage="../softwrench.sw4.test/bin/debug/softwrench.sw4.test.dll" id="6967fa50-19a3-b358-2875-068a48bc7d11">
      <Execution id="c36c5720-07af-4b20-9496-78bf527b51c4" />
      <TestMethod codeBase="C:/Users/rolim/Documents/GitHub/softwrench/softwrench.sW4.test/bin/Debug/softwrench.sW4.test.DLL" adapterTypeName="Microsoft.VisualStudio.TestTools.TestTypes.Unit.UnitTestAdapter, Microsoft.VisualStudio.QualityTools.Tips.UnitTest.Adapter, Version=12.0.0.0, Culture=neutral, PublicKeyToken=b03f5f7f11d50a3a" className="softwrench.sW4.test.PaginationUtilsTest, softwrench.sW4.test, Version=1.0.0.0, Culture=neutral, PublicKeyToken=null" name="TestMethod2" />
    </UnitTest>
    <UnitTest name="TestProjectionFieldWithQuery" storage="../softwrench.sw4.test/bin/debug/softwrench.sw4.test.dll" id="a3f31eec-7b4a-07c8-4e24-061ae3cab06f">
      <Execution id="720f2d46-3c22-4d59-9b2f-97cf1a3049ad" />
      <TestMethod codeBase="C:/Users/rolim/Documents/GitHub/softwrench/softwrench.sW4.test/bin/Debug/softwrench.sW4.test.DLL" adapterTypeName="Microsoft.VisualStudio.TestTools.TestTypes.Unit.UnitTestAdapter, Microsoft.VisualStudio.QualityTools.Tips.UnitTest.Adapter, Version=12.0.0.0, Culture=neutral, PublicKeyToken=b03f5f7f11d50a3a" className="softwrench.sW4.test.Data.Persistence.Relational.QueryBuilder.Basic.QuerySelectBuilderTest, softwrench.sW4.test, Version=1.0.0.0, Culture=neutral, PublicKeyToken=null" name="TestProjectionFieldWithQuery" />
    </UnitTest>
    <UnitTest name="SimulateFaqRealData" storage="../softwrench.sw4.test/bin/debug/softwrench.sw4.test.dll" id="0af06012-3841-913f-698b-cbdd9adfe552">
      <Execution id="2566ab69-614d-4c36-ab7f-656bdb470937" />
      <TestMethod codeBase="C:/Users/rolim/Documents/GitHub/softwrench/softwrench.sW4.test/bin/Debug/softwrench.sW4.test.DLL" adapterTypeName="Microsoft.VisualStudio.TestTools.TestTypes.Unit.UnitTestAdapter, Microsoft.VisualStudio.QualityTools.Tips.UnitTest.Adapter, Version=12.0.0.0, Culture=neutral, PublicKeyToken=b03f5f7f11d50a3a" className="softwrench.sW4.test.Util.FaqTest, softwrench.sW4.test, Version=1.0.0.0, Culture=neutral, PublicKeyToken=null" name="SimulateFaqRealData" />
    </UnitTest>
    <UnitTest name="TestMethod1" storage="../softwrench.sw4.test/bin/debug/softwrench.sw4.test.dll" id="d1c9e1a2-c791-6f91-f773-49741e5ecfdc">
      <Execution id="092959fe-49b6-4222-bc12-d575db483966" />
      <TestMethod codeBase="C:/Users/rolim/Documents/GitHub/softwrench/softwrench.sW4.test/bin/Debug/softwrench.sW4.test.DLL" adapterTypeName="Microsoft.VisualStudio.TestTools.TestTypes.Unit.UnitTestAdapter, Microsoft.VisualStudio.QualityTools.Tips.UnitTest.Adapter, Version=12.0.0.0, Culture=neutral, PublicKeyToken=b03f5f7f11d50a3a" className="softwrench.sW4.test.Metadata.Entities.ParentEntityTest, softwrench.sW4.test, Version=1.0.0.0, Culture=neutral, PublicKeyToken=null" name="TestMethod1" />
    </UnitTest>
    <UnitTest name="TestReplaceInner" storage="../softwrench.sw4.test/bin/debug/softwrench.sw4.test.dll" id="6203c23b-2b32-7bab-0f88-4832a355bd8a">
      <Execution id="5663da3c-64f0-47f3-9e43-0ddc4470f79f" />
      <TestMethod codeBase="C:/Users/rolim/Documents/GitHub/softwrench/softwrench.sW4.test/bin/Debug/softwrench.sW4.test.DLL" adapterTypeName="Microsoft.VisualStudio.TestTools.TestTypes.Unit.UnitTestAdapter, Microsoft.VisualStudio.QualityTools.Tips.UnitTest.Adapter, Version=12.0.0.0, Culture=neutral, PublicKeyToken=b03f5f7f11d50a3a" className="softwrench.sW4.test.Data.Persistence.Relational.QueryBuilder.Basic.QuerySelectBuilderTest, softwrench.sW4.test, Version=1.0.0.0, Culture=neutral, PublicKeyToken=null" name="TestReplaceInner" />
    </UnitTest>
    <UnitTest name="TestCreationNewWorkLog" storage="../softwrench.sw4.test/bin/debug/softwrench.sw4.test.dll" id="42e40acf-3810-c590-2c93-aee312a7d3ba">
      <Execution id="6a66620a-04bc-4a98-8eee-f3483ba75454" />
      <TestMethod codeBase="C:/Users/rolim/Documents/GitHub/softwrench/softwrench.sW4.test/bin/Debug/softwrench.sW4.test.DLL" adapterTypeName="Microsoft.VisualStudio.TestTools.TestTypes.Unit.UnitTestAdapter, Microsoft.VisualStudio.QualityTools.Tips.UnitTest.Adapter, Version=12.0.0.0, Culture=neutral, PublicKeyToken=b03f5f7f11d50a3a" className="softwrench.sW4.test.Data.Entities.EntityBuilderTest2, softwrench.sW4.test, Version=1.0.0.0, Culture=neutral, PublicKeyToken=null" name="TestCreationNewWorkLog" />
    </UnitTest>
    <UnitTest name="TestRelationshipQueryField" storage="../softwrench.sw4.test/bin/debug/softwrench.sw4.test.dll" id="5dcf0036-21e9-84de-c458-a6b89095045d">
      <Execution id="44864cac-2440-4f95-8bdd-02c6c20fc32c" />
      <TestMethod codeBase="C:/Users/rolim/Documents/GitHub/softwrench/softwrench.sW4.test/bin/Debug/softwrench.sW4.test.DLL" adapterTypeName="Microsoft.VisualStudio.TestTools.TestTypes.Unit.UnitTestAdapter, Microsoft.VisualStudio.QualityTools.Tips.UnitTest.Adapter, Version=12.0.0.0, Culture=neutral, PublicKeyToken=b03f5f7f11d50a3a" className="softwrench.sW4.test.Data.Persistence.Relational.QueryBuilder.Basic.QueryFromBuilderTest, softwrench.sW4.test, Version=1.0.0.0, Culture=neutral, PublicKeyToken=null" name="TestRelationshipQueryField" />
    </UnitTest>
    <UnitTest name="Simple" storage="../softwrench.sw4.test/bin/debug/softwrench.sw4.test.dll" id="e0ebff6d-f10f-7498-cdda-c1bd9e383256">
      <Execution id="23996973-64d3-4284-a186-472935b6bdc5" />
      <TestMethod codeBase="C:/Users/rolim/Documents/GitHub/softwrench/softwrench.sW4.test/bin/Debug/softwrench.sW4.test.DLL" adapterTypeName="Microsoft.VisualStudio.TestTools.TestTypes.Unit.UnitTestAdapter, Microsoft.VisualStudio.QualityTools.Tips.UnitTest.Adapter, Version=12.0.0.0, Culture=neutral, PublicKeyToken=b03f5f7f11d50a3a" className="softwrench.sW4.test.Category.CategoryUtilTest, softwrench.sW4.test, Version=1.0.0.0, Culture=neutral, PublicKeyToken=null" name="Simple" />
    </UnitTest>
    <UnitTest name="IncidentHardwareReport" storage="../softwrench.sw4.test/bin/debug/softwrench.sw4.test.dll" id="640af98e-ea30-bb3f-f9af-2abd1cdf33b7">
      <Execution id="9e4e350e-4669-436f-95aa-2ca014c1eca6" />
      <TestMethod codeBase="C:/Users/rolim/Documents/GitHub/softwrench/softwrench.sW4.test/bin/Debug/softwrench.sW4.test.DLL" adapterTypeName="Microsoft.VisualStudio.TestTools.TestTypes.Unit.UnitTestAdapter, Microsoft.VisualStudio.QualityTools.Tips.UnitTest.Adapter, Version=12.0.0.0, Culture=neutral, PublicKeyToken=b03f5f7f11d50a3a" className="softwrench.sW4.test.Data.Persistence.Relational.QueryBuilder.Basic.QueryFromBuilderTest, softwrench.sW4.test, Version=1.0.0.0, Culture=neutral, PublicKeyToken=null" name="IncidentHardwareReport" />
    </UnitTest>
    <UnitTest name="TestParseWhere" storage="../softwrench.sw4.test/bin/debug/softwrench.sw4.test.dll" id="2a635ad6-76f8-6bb6-866e-2217b1072759">
      <Execution id="516e4549-5c98-4758-8bdf-32e4a3d12ee6" />
      <TestMethod codeBase="C:/Users/rolim/Documents/GitHub/softwrench/softwrench.sW4.test/bin/Debug/softwrench.sW4.test.DLL" adapterTypeName="Microsoft.VisualStudio.TestTools.TestTypes.Unit.UnitTestAdapter, Microsoft.VisualStudio.QualityTools.Tips.UnitTest.Adapter, Version=12.0.0.0, Culture=neutral, PublicKeyToken=b03f5f7f11d50a3a" className="softwrench.sW4.test.Metadata.Association.DependencyBuilderTest, softwrench.sW4.test, Version=1.0.0.0, Culture=neutral, PublicKeyToken=null" name="TestParseWhere" />
    </UnitTest>
    <UnitTest name="TestAllButSchema" storage="../softwrench.sw4.test/bin/debug/softwrench.sw4.test.dll" id="f503ea6d-bf59-1f9d-dc11-8ebdf7ed7e77">
      <Execution id="e59146b4-ed6e-44fb-b62a-a27127d2cd0c" />
      <TestMethod codeBase="C:/Users/rolim/Documents/GitHub/softwrench/softwrench.sW4.test/bin/Debug/softwrench.sW4.test.DLL" adapterTypeName="Microsoft.VisualStudio.TestTools.TestTypes.Unit.UnitTestAdapter, Microsoft.VisualStudio.QualityTools.Tips.UnitTest.Adapter, Version=12.0.0.0, Culture=neutral, PublicKeyToken=b03f5f7f11d50a3a" className="softwrench.sW4.test.Metadata.Association.AssociationHelperTest, softwrench.sW4.test, Version=1.0.0.0, Culture=neutral, PublicKeyToken=null" name="TestAllButSchema" />
    </UnitTest>
    <UnitTest name="AskAndDoNotFind" storage="../softwrench.sw4.test/bin/debug/softwrench.sw4.test.dll" id="df2ba56c-c6ca-a1cd-d66f-fac28fb4adb2">
      <Execution id="bc31ed03-ed1b-4255-9785-897ea705542f" />
      <TestMethod codeBase="C:/Users/rolim/Documents/GitHub/softwrench/softwrench.sW4.test/bin/Debug/softwrench.sW4.test.DLL" adapterTypeName="Microsoft.VisualStudio.TestTools.TestTypes.Unit.UnitTestAdapter, Microsoft.VisualStudio.QualityTools.Tips.UnitTest.Adapter, Version=12.0.0.0, Culture=neutral, PublicKeyToken=b03f5f7f11d50a3a" className="softwrench.sW4.test.Configuration.Service.ConfigurationServiceTest, softwrench.sW4.test, Version=1.0.0.0, Culture=neutral, PublicKeyToken=null" name="AskAndDoNotFind" />
    </UnitTest>
    <UnitTest name="TestMethod1" storage="../softwrench.sw4.test/bin/debug/softwrench.sw4.test.dll" id="2ab63181-cbc7-c789-2f93-81c5121479ff">
      <Execution id="cd9cb636-2cb9-4b30-89fa-40dd0ad6243e" />
      <TestMethod codeBase="C:/Users/rolim/Documents/GitHub/softwrench/softwrench.sW4.test/bin/Debug/softwrench.sW4.test.DLL" adapterTypeName="Microsoft.VisualStudio.TestTools.TestTypes.Unit.UnitTestAdapter, Microsoft.VisualStudio.QualityTools.Tips.UnitTest.Adapter, Version=12.0.0.0, Culture=neutral, PublicKeyToken=b03f5f7f11d50a3a" className="softwrench.sW4.test.Metadata.Entities.TargetAttributeHandlerTest, softwrench.sW4.test, Version=1.0.0.0, Culture=neutral, PublicKeyToken=null" name="TestMethod1" />
    </UnitTest>
    <UnitTest name="TwoLevels" storage="../softwrench.sw4.test/bin/debug/softwrench.sw4.test.dll" id="6169f114-6249-3adc-5951-08c68f0c55e7">
      <Execution id="3aead1b6-5b98-4d89-be6c-502fb8eb59eb" />
      <TestMethod codeBase="C:/Users/rolim/Documents/GitHub/softwrench/softwrench.sW4.test/bin/Debug/softwrench.sW4.test.DLL" adapterTypeName="Microsoft.VisualStudio.TestTools.TestTypes.Unit.UnitTestAdapter, Microsoft.VisualStudio.QualityTools.Tips.UnitTest.Adapter, Version=12.0.0.0, Culture=neutral, PublicKeyToken=b03f5f7f11d50a3a" className="softwrench.sW4.test.Category.CategoryUtilTest, softwrench.sW4.test, Version=1.0.0.0, Culture=neutral, PublicKeyToken=null" name="TwoLevels" />
    </UnitTest>
    <UnitTest name="PropertyKey" storage="../softwrench.sw4.test/bin/debug/softwrench.sw4.test.dll" id="dbee27cc-8118-7726-07fc-feb202eb3348">
      <Execution id="dea1db19-6b90-49db-ae5d-c8ad477feb9f" />
      <TestMethod codeBase="C:/Users/rolim/Documents/GitHub/softwrench/softwrench.sW4.test/bin/Debug/softwrench.sW4.test.DLL" adapterTypeName="Microsoft.VisualStudio.TestTools.TestTypes.Unit.UnitTestAdapter, Microsoft.VisualStudio.QualityTools.Tips.UnitTest.Adapter, Version=12.0.0.0, Culture=neutral, PublicKeyToken=b03f5f7f11d50a3a" className="softwrench.sW4.test.Category.CategoryUtilTest, softwrench.sW4.test, Version=1.0.0.0, Culture=neutral, PublicKeyToken=null" name="PropertyKey" />
    </UnitTest>
    <UnitTest name="TestSelect3" storage="../softwrench.sw4.test/bin/debug/softwrench.sw4.test.dll" id="c35a2521-fc31-8d4f-0f0c-02189f608d96">
      <Execution id="a010313f-a182-43d8-ba5d-2b65f745b40d" />
      <TestMethod codeBase="C:/Users/rolim/Documents/GitHub/softwrench/softwrench.sW4.test/bin/Debug/softwrench.sW4.test.DLL" adapterTypeName="Microsoft.VisualStudio.TestTools.TestTypes.Unit.UnitTestAdapter, Microsoft.VisualStudio.QualityTools.Tips.UnitTest.Adapter, Version=12.0.0.0, Culture=neutral, PublicKeyToken=b03f5f7f11d50a3a" className="softwrench.sW4.test.Metadata.Entities.HapagSlicedEntityMetadataBuilderTest, softwrench.sW4.test, Version=1.0.0.0, Culture=neutral, PublicKeyToken=null" name="TestSelect3" />
    </UnitTest>
    <UnitTest name="DateSearchDtoGteTest" storage="../softwrench.sw4.test/bin/debug/softwrench.sw4.test.dll" id="bd551a90-f138-445a-cc09-66e1047940e2">
      <Execution id="564d4d4b-8e47-4e8a-b08f-c5ac5e8a59b6" />
      <TestMethod codeBase="C:/Users/rolim/Documents/GitHub/softwrench/softwrench.sW4.test/bin/Debug/softwrench.sW4.test.DLL" adapterTypeName="Microsoft.VisualStudio.TestTools.TestTypes.Unit.UnitTestAdapter, Microsoft.VisualStudio.QualityTools.Tips.UnitTest.Adapter, Version=12.0.0.0, Culture=neutral, PublicKeyToken=b03f5f7f11d50a3a" className="softwrench.sW4.test.Data.Search.ApplicationSearchTest, softwrench.sW4.test, Version=1.0.0.0, Culture=neutral, PublicKeyToken=null" name="DateSearchDtoGteTest" />
    </UnitTest>
    <UnitTest name="TestMethod3" storage="../softwrench.sw4.test/bin/debug/softwrench.sw4.test.dll" id="dba5467f-1e97-4998-fba3-b71343cfde2f">
      <Execution id="e801c911-8559-43de-aa20-76b883d3c95e" />
      <TestMethod codeBase="C:/Users/rolim/Documents/GitHub/softwrench/softwrench.sW4.test/bin/Debug/softwrench.sW4.test.DLL" adapterTypeName="Microsoft.VisualStudio.TestTools.TestTypes.Unit.UnitTestAdapter, Microsoft.VisualStudio.QualityTools.Tips.UnitTest.Adapter, Version=12.0.0.0, Culture=neutral, PublicKeyToken=b03f5f7f11d50a3a" className="softwrench.sW4.test.PaginationUtilsTest, softwrench.sW4.test, Version=1.0.0.0, Culture=neutral, PublicKeyToken=null" name="TestMethod3" />
    </UnitTest>
    <UnitTest name="TestQueryGenerator" storage="../softwrench.sw4.test/bin/debug/softwrench.sw4.test.dll" id="3e847722-9b65-4102-ba58-bf1fe444bed0">
      <Execution id="1f754ef8-c47e-4d15-aa98-660a698e59cf" />
      <TestMethod codeBase="C:/Users/rolim/Documents/GitHub/softwrench/softwrench.sW4.test/bin/Debug/softwrench.sW4.test.DLL" adapterTypeName="Microsoft.VisualStudio.TestTools.TestTypes.Unit.UnitTestAdapter, Microsoft.VisualStudio.QualityTools.Tips.UnitTest.Adapter, Version=12.0.0.0, Culture=neutral, PublicKeyToken=b03f5f7f11d50a3a" className="softwrench.sW4.test.Hapag.Security.HlagGroupedLocationTest, softwrench.sW4.test, Version=1.0.0.0, Culture=neutral, PublicKeyToken=null" name="TestQueryGenerator" />
    </UnitTest>
    <UnitTest name="MultipleFieldsSearchDtoTest" storage="../softwrench.sw4.test/bin/debug/softwrench.sw4.test.dll" id="0ceedc9a-fafe-a1d2-269b-78553163e453">
      <Execution id="cf7c1474-4fae-427e-a844-c67c35d523b4" />
      <TestMethod codeBase="C:/Users/rolim/Documents/GitHub/softwrench/softwrench.sW4.test/bin/Debug/softwrench.sW4.test.DLL" adapterTypeName="Microsoft.VisualStudio.TestTools.TestTypes.Unit.UnitTestAdapter, Microsoft.VisualStudio.QualityTools.Tips.UnitTest.Adapter, Version=12.0.0.0, Culture=neutral, PublicKeyToken=b03f5f7f11d50a3a" className="softwrench.sW4.test.Data.Search.ApplicationSearchTest, softwrench.sW4.test, Version=1.0.0.0, Culture=neutral, PublicKeyToken=null" name="MultipleFieldsSearchDtoTest" />
    </UnitTest>
    <UnitTest name="TestMethod1" storage="../softwrench.sw4.test/bin/debug/softwrench.sw4.test.dll" id="2ccc5849-fe9d-ffc5-c877-9e28427a4330">
      <Execution id="5f356b07-ca29-4a1d-a274-c39674dc478a" />
      <TestMethod codeBase="C:/Users/rolim/Documents/GitHub/softwrench/softwrench.sW4.test/bin/Debug/softwrench.sW4.test.DLL" adapterTypeName="Microsoft.VisualStudio.TestTools.TestTypes.Unit.UnitTestAdapter, Microsoft.VisualStudio.QualityTools.Tips.UnitTest.Adapter, Version=12.0.0.0, Culture=neutral, PublicKeyToken=b03f5f7f11d50a3a" className="softwrench.sW4.test.ToStringElParserTest, softwrench.sW4.test, Version=1.0.0.0, Culture=neutral, PublicKeyToken=null" name="TestMethod1" />
    </UnitTest>
    <UnitTest name="TestMethod2" storage="../softwrench.sw4.test/bin/debug/softwrench.sw4.test.dll" id="79ce1f70-64ff-be37-7e0d-989ae55ae541">
      <Execution id="d2f4f129-67b9-4fa2-bd1e-c210b23ee1ed" />
      <TestMethod codeBase="C:/Users/rolim/Documents/GitHub/softwrench/softwrench.sW4.test/bin/Debug/softwrench.sW4.test.DLL" adapterTypeName="Microsoft.VisualStudio.TestTools.TestTypes.Unit.UnitTestAdapter, Microsoft.VisualStudio.QualityTools.Tips.UnitTest.Adapter, Version=12.0.0.0, Culture=neutral, PublicKeyToken=b03f5f7f11d50a3a" className="softwrench.sW4.test.Data.Persistence.Relational.QueryBuilder.Basic.QuerySelectBuilderTest, softwrench.sW4.test, Version=1.0.0.0, Culture=neutral, PublicKeyToken=null" name="TestMethod2" />
    </UnitTest>
    <UnitTest name="SearchWithQueryParameter" storage="../softwrench.sw4.test/bin/debug/softwrench.sw4.test.dll" id="b519b0dd-c920-4dd8-64fe-8cc0189a57a6">
      <Execution id="c472fba6-07da-45d3-9050-fbee97f49309" />
      <TestMethod codeBase="C:/Users/rolim/Documents/GitHub/softwrench/softwrench.sW4.test/bin/Debug/softwrench.sW4.test.DLL" adapterTypeName="Microsoft.VisualStudio.TestTools.TestTypes.Unit.UnitTestAdapter, Microsoft.VisualStudio.QualityTools.Tips.UnitTest.Adapter, Version=12.0.0.0, Culture=neutral, PublicKeyToken=b03f5f7f11d50a3a" className="softwrench.sW4.test.Data.Search.ApplicationSearchTest, softwrench.sW4.test, Version=1.0.0.0, Culture=neutral, PublicKeyToken=null" name="SearchWithQueryParameter" />
    </UnitTest>
    <UnitTest name="MetadataAskTest" storage="../softwrench.sw4.test/bin/debug/softwrench.sw4.test.dll" id="9cc87e19-8502-dc92-21f2-9e2c9ff97a55">
      <Execution id="f5e19925-6517-4617-aec7-e8defb0c5160" />
      <TestMethod codeBase="C:/Users/rolim/Documents/GitHub/softwrench/softwrench.sW4.test/bin/Debug/softwrench.sW4.test.DLL" adapterTypeName="Microsoft.VisualStudio.TestTools.TestTypes.Unit.UnitTestAdapter, Microsoft.VisualStudio.QualityTools.Tips.UnitTest.Adapter, Version=12.0.0.0, Culture=neutral, PublicKeyToken=b03f5f7f11d50a3a" className="softwrench.sW4.test.Configuration.Service.ConfigurationServiceTest, softwrench.sW4.test, Version=1.0.0.0, Culture=neutral, PublicKeyToken=null" name="MetadataAskTest" />
    </UnitTest>
    <UnitTest name="TestAllCatalogsOk" storage="../softwrench.sw4.test/bin/debug/softwrench.sw4.test.dll" id="da13500b-fd77-6dbc-e99f-be00c510ca6a">
      <Execution id="2b2d0d11-d674-426f-9e85-6769c1bc05df" />
      <TestMethod codeBase="C:/Users/rolim/Documents/GitHub/softwrench/softwrench.sW4.test/bin/Debug/softwrench.sW4.test.DLL" adapterTypeName="Microsoft.VisualStudio.TestTools.TestTypes.Unit.UnitTestAdapter, Microsoft.VisualStudio.QualityTools.Tips.UnitTest.Adapter, Version=12.0.0.0, Culture=neutral, PublicKeyToken=b03f5f7f11d50a3a" className="softwrench.sW4.test.Util.I18NResolverTest, softwrench.sW4.test, Version=1.0.0.0, Culture=neutral, PublicKeyToken=null" name="TestAllCatalogsOk" />
    </UnitTest>
    <UnitTest name="TestEmptySchema" storage="../softwrench.sw4.test/bin/debug/softwrench.sw4.test.dll" id="1c66d0fe-c7f9-a3e4-73f5-425d13fa0154">
      <Execution id="f5f4bb94-a18c-403c-b107-89d00da34269" />
      <TestMethod codeBase="C:/Users/rolim/Documents/GitHub/softwrench/softwrench.sW4.test/bin/Debug/softwrench.sW4.test.DLL" adapterTypeName="Microsoft.VisualStudio.TestTools.TestTypes.Unit.UnitTestAdapter, Microsoft.VisualStudio.QualityTools.Tips.UnitTest.Adapter, Version=12.0.0.0, Culture=neutral, PublicKeyToken=b03f5f7f11d50a3a" className="softwrench.sW4.test.Metadata.Applications.Command.ApplicationCommandMergerTest, softwrench.sW4.test, Version=1.0.0.0, Culture=neutral, PublicKeyToken=null" name="TestEmptySchema" />
    </UnitTest>
    <UnitTest name="TestWebMenuParsing" storage="../softwrench.sw4.test/bin/debug/softwrench.sw4.test.dll" id="f07df37d-90e4-087a-a292-d0b5f1ea8755">
      <Execution id="677f04c3-3120-41e5-9555-e4c563940b3f" />
      <TestMethod codeBase="C:/Users/rolim/Documents/GitHub/softwrench/softwrench.sW4.test/bin/Debug/softwrench.sW4.test.DLL" adapterTypeName="Microsoft.VisualStudio.TestTools.TestTypes.Unit.UnitTestAdapter, Microsoft.VisualStudio.QualityTools.Tips.UnitTest.Adapter, Version=12.0.0.0, Culture=neutral, PublicKeyToken=b03f5f7f11d50a3a" className="softwrench.sW4.test.Metadata.MenuParsingTest, softwrench.sW4.test, Version=1.0.0.0, Culture=neutral, PublicKeyToken=null" name="TestWebMenuParsing" />
    </UnitTest>
    <UnitTest name="TestParseWhereNull" storage="../softwrench.sw4.test/bin/debug/softwrench.sw4.test.dll" id="f5728043-1b0e-9f39-2376-5e1d076ce8ca">
      <Execution id="384262b5-22b7-4ddc-a0da-fd1b25e2fe68" />
      <TestMethod codeBase="C:/Users/rolim/Documents/GitHub/softwrench/softwrench.sW4.test/bin/Debug/softwrench.sW4.test.DLL" adapterTypeName="Microsoft.VisualStudio.TestTools.TestTypes.Unit.UnitTestAdapter, Microsoft.VisualStudio.QualityTools.Tips.UnitTest.Adapter, Version=12.0.0.0, Culture=neutral, PublicKeyToken=b03f5f7f11d50a3a" className="softwrench.sW4.test.Metadata.Association.DependencyBuilderTest, softwrench.sW4.test, Version=1.0.0.0, Culture=neutral, PublicKeyToken=null" name="TestParseWhereNull" />
    </UnitTest>
    <UnitTest name="ThreeLevels" storage="../softwrench.sw4.test/bin/debug/softwrench.sw4.test.dll" id="7c2666c2-422b-e734-1b7f-67ece0ad5d47">
      <Execution id="0bcc478d-a0d9-463f-98a2-01bf93507220" />
      <TestMethod codeBase="C:/Users/rolim/Documents/GitHub/softwrench/softwrench.sW4.test/bin/Debug/softwrench.sW4.test.DLL" adapterTypeName="Microsoft.VisualStudio.TestTools.TestTypes.Unit.UnitTestAdapter, Microsoft.VisualStudio.QualityTools.Tips.UnitTest.Adapter, Version=12.0.0.0, Culture=neutral, PublicKeyToken=b03f5f7f11d50a3a" className="softwrench.sW4.test.Category.CategoryUtilTest, softwrench.sW4.test, Version=1.0.0.0, Culture=neutral, PublicKeyToken=null" name="ThreeLevels" />
    </UnitTest>
    <UnitTest name="TestAddFk" storage="../softwrench.sw4.test/bin/debug/softwrench.sw4.test.dll" id="9da10d2c-99b7-4eb2-a14a-fee15fd6b52a">
      <Execution id="775108c9-4c7e-41b5-a05f-3054cff01b55" />
      <TestMethod codeBase="C:/Users/rolim/Documents/GitHub/softwrench/softwrench.sW4.test/bin/Debug/softwrench.sW4.test.DLL" adapterTypeName="Microsoft.VisualStudio.TestTools.TestTypes.Unit.UnitTestAdapter, Microsoft.VisualStudio.QualityTools.Tips.UnitTest.Adapter, Version=12.0.0.0, Culture=neutral, PublicKeyToken=b03f5f7f11d50a3a" className="softwrench.sW4.test.Metadata.MissingSchemaFieldsTest, softwrench.sW4.test, Version=1.0.0.0, Culture=neutral, PublicKeyToken=null" name="TestAddFk" />
    </UnitTest>
    <UnitTest name="ReplaceAsset" storage="../softwrench.sw4.test/bin/debug/softwrench.sw4.test.dll" id="03b6a6cb-f3f0-66dd-342c-054ba69b10a6">
      <Execution id="2d2b71f6-21b7-43c6-9f8f-47b648c7cb65" />
      <TestMethod codeBase="C:/Users/rolim/Documents/GitHub/softwrench/softwrench.sW4.test/bin/Debug/softwrench.sW4.test.DLL" adapterTypeName="Microsoft.VisualStudio.TestTools.TestTypes.Unit.UnitTestAdapter, Microsoft.VisualStudio.QualityTools.Tips.UnitTest.Adapter, Version=12.0.0.0, Culture=neutral, PublicKeyToken=b03f5f7f11d50a3a" className="softwrench.sW4.test.Data.Persistence.WS.Ism.ImacDescriptionHandlerTest, softwrench.sW4.test, Version=1.0.0.0, Culture=neutral, PublicKeyToken=null" name="ReplaceAsset" />
    </UnitTest>
    <UnitTest name="TestStringToBytes" storage="../softwrench.sw4.test/bin/debug/softwrench.sw4.test.dll" id="db90e7b4-7edb-e986-5eaa-4312b542d56a">
      <Execution id="60300e02-8710-4d94-a28d-aac3ab56c918" />
      <TestMethod codeBase="C:/Users/rolim/Documents/GitHub/softwrench/softwrench.sW4.test/bin/Debug/softwrench.sW4.test.DLL" adapterTypeName="Microsoft.VisualStudio.TestTools.TestTypes.Unit.UnitTestAdapter, Microsoft.VisualStudio.QualityTools.Tips.UnitTest.Adapter, Version=12.0.0.0, Culture=neutral, PublicKeyToken=b03f5f7f11d50a3a" className="softwrench.sW4.test.Util.CompressorUtilTest, softwrench.sW4.test, Version=1.0.0.0, Culture=neutral, PublicKeyToken=null" name="TestStringToBytes" />
    </UnitTest>
    <UnitTest name="Move" storage="../softwrench.sw4.test/bin/debug/softwrench.sw4.test.dll" id="e65bc6e1-59c6-47f3-db18-afd367994c2a">
      <Execution id="25a2c23a-78b5-48b9-9ab3-0d91a68aa176" />
      <TestMethod codeBase="C:/Users/rolim/Documents/GitHub/softwrench/softwrench.sW4.test/bin/Debug/softwrench.sW4.test.DLL" adapterTypeName="Microsoft.VisualStudio.TestTools.TestTypes.Unit.UnitTestAdapter, Microsoft.VisualStudio.QualityTools.Tips.UnitTest.Adapter, Version=12.0.0.0, Culture=neutral, PublicKeyToken=b03f5f7f11d50a3a" className="softwrench.sW4.test.Data.Persistence.WS.Ism.ImacDescriptionHandlerTest, softwrench.sW4.test, Version=1.0.0.0, Culture=neutral, PublicKeyToken=null" name="Move" />
    </UnitTest>
    <UnitTest name="TestSchemaTitle" storage="../softwrench.sw4.test/bin/debug/softwrench.sw4.test.dll" id="16f7b9df-3e74-1b0e-bd2f-0aae808f916b">
      <Execution id="1d8553c4-1f87-4043-9124-c41bcc11f78b" />
      <TestMethod codeBase="C:/Users/rolim/Documents/GitHub/softwrench/softwrench.sW4.test/bin/Debug/softwrench.sW4.test.DLL" adapterTypeName="Microsoft.VisualStudio.TestTools.TestTypes.Unit.UnitTestAdapter, Microsoft.VisualStudio.QualityTools.Tips.UnitTest.Adapter, Version=12.0.0.0, Culture=neutral, PublicKeyToken=b03f5f7f11d50a3a" className="softwrench.sW4.test.Util.I18NResolverTest, softwrench.sW4.test, Version=1.0.0.0, Culture=neutral, PublicKeyToken=null" name="TestSchemaTitle" />
    </UnitTest>
    <UnitTest name="TestParameterReplacement" storage="../softwrench.sw4.test/bin/debug/softwrench.sw4.test.dll" id="219d335f-0870-4220-8e61-3f41d8c43f86">
      <Execution id="7ce208de-b14b-4d05-ba21-c890975366eb" />
      <TestMethod codeBase="C:/Users/rolim/Documents/GitHub/softwrench/softwrench.sW4.test/bin/Debug/softwrench.sW4.test.DLL" adapterTypeName="Microsoft.VisualStudio.TestTools.TestTypes.Unit.UnitTestAdapter, Microsoft.VisualStudio.QualityTools.Tips.UnitTest.Adapter, Version=12.0.0.0, Culture=neutral, PublicKeyToken=b03f5f7f11d50a3a" className="softwrench.sW4.test.Util.LoggingUtilTest, softwrench.sW4.test, Version=1.0.0.0, Culture=neutral, PublicKeyToken=null" name="TestParameterReplacement" />
    </UnitTest>
    <UnitTest name="ModuleAskTestCombination" storage="../softwrench.sw4.test/bin/debug/softwrench.sw4.test.dll" id="6b36e6d8-292b-c774-7d37-856a0cd8f3f0">
      <Execution id="a09d73fe-ef71-4bd6-8b55-4084d08f5113" />
      <TestMethod codeBase="C:/Users/rolim/Documents/GitHub/softwrench/softwrench.sW4.test/bin/Debug/softwrench.sW4.test.DLL" adapterTypeName="Microsoft.VisualStudio.TestTools.TestTypes.Unit.UnitTestAdapter, Microsoft.VisualStudio.QualityTools.Tips.UnitTest.Adapter, Version=12.0.0.0, Culture=neutral, PublicKeyToken=b03f5f7f11d50a3a" className="softwrench.sW4.test.Configuration.Service.ConfigurationServiceTest, softwrench.sW4.test, Version=1.0.0.0, Culture=neutral, PublicKeyToken=null" name="ModuleAskTestCombination" />
    </UnitTest>
    <UnitTest name="TestUserGenericProperties" storage="../softwrench.sw4.test/bin/debug/softwrench.sw4.test.dll" id="fcd2d0b5-5fce-84b9-ceb5-2d1e72e52721">
      <Execution id="28f7c5ce-981d-44b2-94e8-a749a9806483" />
      <TestMethod codeBase="C:/Users/rolim/Documents/GitHub/softwrench/softwrench.sW4.test/bin/Debug/softwrench.sW4.test.DLL" adapterTypeName="Microsoft.VisualStudio.TestTools.TestTypes.Unit.UnitTestAdapter, Microsoft.VisualStudio.QualityTools.Tips.UnitTest.Adapter, Version=12.0.0.0, Culture=neutral, PublicKeyToken=b03f5f7f11d50a3a" className="softwrench.sW4.test.Data.Persistence.Relational.DataConstraintWhereBuilderTest, softwrench.sW4.test, Version=1.0.0.0, Culture=neutral, PublicKeyToken=null" name="TestUserGenericProperties" />
    </UnitTest>
    <UnitTest name="SearchWithFixedParam_Hapag_SEARCH_TEST" storage="../softwrench.sw4.test/bin/debug/softwrench.sw4.test.dll" id="26ef22f7-16e4-fc2c-0534-9721d0a60367">
      <Execution id="ce346c07-871f-4124-aed5-e791ef527c32" />
      <TestMethod codeBase="C:/Users/rolim/Documents/GitHub/softwrench/softwrench.sW4.test/bin/Debug/softwrench.sW4.test.DLL" adapterTypeName="Microsoft.VisualStudio.TestTools.TestTypes.Unit.UnitTestAdapter, Microsoft.VisualStudio.QualityTools.Tips.UnitTest.Adapter, Version=12.0.0.0, Culture=neutral, PublicKeyToken=b03f5f7f11d50a3a" className="softwrench.sW4.test.Data.Search.ApplicationSearchTest, softwrench.sW4.test, Version=1.0.0.0, Culture=neutral, PublicKeyToken=null" name="SearchWithFixedParam_Hapag_SEARCH_TEST" />
    </UnitTest>
    <UnitTest name="TestSelect2" storage="../softwrench.sw4.test/bin/debug/softwrench.sw4.test.dll" id="167ef33e-6f10-7229-4011-145d2ccab00c">
      <Execution id="97e34cef-b491-4b26-b716-2415e9568993" />
      <TestMethod codeBase="C:/Users/rolim/Documents/GitHub/softwrench/softwrench.sW4.test/bin/Debug/softwrench.sW4.test.DLL" adapterTypeName="Microsoft.VisualStudio.TestTools.TestTypes.Unit.UnitTestAdapter, Microsoft.VisualStudio.QualityTools.Tips.UnitTest.Adapter, Version=12.0.0.0, Culture=neutral, PublicKeyToken=b03f5f7f11d50a3a" className="softwrench.sW4.test.Metadata.Entities.HapagSlicedEntityMetadataBuilderTest, softwrench.sW4.test, Version=1.0.0.0, Culture=neutral, PublicKeyToken=null" name="TestSelect2" />
    </UnitTest>
    <UnitTest name="TestAddWorkLogToIncident" storage="../softwrench.sw4.test/bin/debug/softwrench.sw4.test.dll" id="f73a787c-a23b-780e-8e7b-138c77bf9b01">
      <Execution id="a9414cc9-0f06-4aff-b624-6e585bb34a92" />
      <TestMethod codeBase="C:/Users/rolim/Documents/GitHub/softwrench/softwrench.sW4.test/bin/Debug/softwrench.sW4.test.DLL" adapterTypeName="Microsoft.VisualStudio.TestTools.TestTypes.Unit.UnitTestAdapter, Microsoft.VisualStudio.QualityTools.Tips.UnitTest.Adapter, Version=12.0.0.0, Culture=neutral, PublicKeyToken=b03f5f7f11d50a3a" className="softwrench.sW4.test.Data.Entities.EntityBuilderTestGric, softwrench.sW4.test, Version=1.0.0.0, Culture=neutral, PublicKeyToken=null" name="TestAddWorkLogToIncident" />
    </UnitTest>
    <UnitTest name="TestMerge" storage="../softwrench.sw4.test/bin/debug/softwrench.sw4.test.dll" id="a0d3a6cd-a27f-c06d-ff98-bbb9fd660690">
      <Execution id="ecbdb675-1fde-4424-b8a8-859a832eb18f" />
      <TestMethod codeBase="C:/Users/rolim/Documents/GitHub/softwrench/softwrench.sW4.test/bin/Debug/softwrench.sW4.test.DLL" adapterTypeName="Microsoft.VisualStudio.TestTools.TestTypes.Unit.UnitTestAdapter, Microsoft.VisualStudio.QualityTools.Tips.UnitTest.Adapter, Version=12.0.0.0, Culture=neutral, PublicKeyToken=b03f5f7f11d50a3a" className="softwrench.sW4.test.Metadata.Association.AssociationHelperTest, softwrench.sW4.test, Version=1.0.0.0, Culture=neutral, PublicKeyToken=null" name="TestMerge" />
    </UnitTest>
    <UnitTest name="AskForSchemaWithProfile" storage="../softwrench.sw4.test/bin/debug/softwrench.sw4.test.dll" id="7a5cdedc-490e-b120-1c33-25cb05e51a80">
      <Execution id="3b5eaba9-fd02-46db-8908-26967429ac5e" />
      <TestMethod codeBase="C:/Users/rolim/Documents/GitHub/softwrench/softwrench.sW4.test/bin/Debug/softwrench.sW4.test.DLL" adapterTypeName="Microsoft.VisualStudio.TestTools.TestTypes.Unit.UnitTestAdapter, Microsoft.VisualStudio.QualityTools.Tips.UnitTest.Adapter, Version=12.0.0.0, Culture=neutral, PublicKeyToken=b03f5f7f11d50a3a" className="softwrench.sW4.test.Configuration.Service.ConfigurationServiceTest, softwrench.sW4.test, Version=1.0.0.0, Culture=neutral, PublicKeyToken=null" name="AskForSchemaWithProfile" />
    </UnitTest>
    <UnitTest name="Simple" storage="../softwrench.sw4.test/bin/debug/softwrench.sw4.test.dll" id="af8947f1-fb3b-289d-9396-563c859c86d0">
      <Execution id="101e3912-37ce-44d3-89c3-c5feb451c3c8" />
      <TestMethod codeBase="C:/Users/rolim/Documents/GitHub/softwrench/softwrench.sW4.test/bin/Debug/softwrench.sW4.test.DLL" adapterTypeName="Microsoft.VisualStudio.TestTools.TestTypes.Unit.UnitTestAdapter, Microsoft.VisualStudio.QualityTools.Tips.UnitTest.Adapter, Version=12.0.0.0, Culture=neutral, PublicKeyToken=b03f5f7f11d50a3a" className="softwrench.sW4.test.Data.Persistence.Relational.DataConstraintWhereBuilderTest, softwrench.sW4.test, Version=1.0.0.0, Culture=neutral, PublicKeyToken=null" name="Simple" />
    </UnitTest>
    <UnitTest name="TestMethod3_only_var" storage="../softwrench.sw4.test/bin/debug/softwrench.sw4.test.dll" id="50e6540e-2a88-ed1c-1a43-14f2c488cd81">
      <Execution id="bbddc26c-422d-41c5-b84b-954547b3071c" />
      <TestMethod codeBase="C:/Users/rolim/Documents/GitHub/softwrench/softwrench.sW4.test/bin/Debug/softwrench.sW4.test.DLL" adapterTypeName="Microsoft.VisualStudio.TestTools.TestTypes.Unit.UnitTestAdapter, Microsoft.VisualStudio.QualityTools.Tips.UnitTest.Adapter, Version=12.0.0.0, Culture=neutral, PublicKeyToken=b03f5f7f11d50a3a" className="softwrench.sW4.test.ToStringElParserTest, softwrench.sW4.test, Version=1.0.0.0, Culture=neutral, PublicKeyToken=null" name="TestMethod3_only_var" />
    </UnitTest>
    <UnitTest name="UpdateAsset" storage="../softwrench.sw4.test/bin/debug/softwrench.sw4.test.dll" id="bcafc904-2f6a-a8dc-9875-4674e06860f9">
      <Execution id="1e2af761-a934-43a5-b4e9-3f31c6128603" />
      <TestMethod codeBase="C:/Users/rolim/Documents/GitHub/softwrench/softwrench.sW4.test/bin/Debug/softwrench.sW4.test.DLL" adapterTypeName="Microsoft.VisualStudio.TestTools.TestTypes.Unit.UnitTestAdapter, Microsoft.VisualStudio.QualityTools.Tips.UnitTest.Adapter, Version=12.0.0.0, Culture=neutral, PublicKeyToken=b03f5f7f11d50a3a" className="softwrench.sW4.test.Data.Persistence.WS.Ism.ImacDescriptionHandlerTest, softwrench.sW4.test, Version=1.0.0.0, Culture=neutral, PublicKeyToken=null" name="UpdateAsset" />
    </UnitTest>
    <UnitTest name="MetadataAskTest2" storage="../softwrench.sw4.test/bin/debug/softwrench.sw4.test.dll" id="b73bedac-7c7a-56d8-3ab1-6cc9cd6d5b56">
      <Execution id="9772b550-501c-4202-ac22-6e7d60e26637" />
      <TestMethod codeBase="C:/Users/rolim/Documents/GitHub/softwrench/softwrench.sW4.test/bin/Debug/softwrench.sW4.test.DLL" adapterTypeName="Microsoft.VisualStudio.TestTools.TestTypes.Unit.UnitTestAdapter, Microsoft.VisualStudio.QualityTools.Tips.UnitTest.Adapter, Version=12.0.0.0, Culture=neutral, PublicKeyToken=b03f5f7f11d50a3a" className="softwrench.sW4.test.Configuration.Service.ConfigurationServiceTest, softwrench.sW4.test, Version=1.0.0.0, Culture=neutral, PublicKeyToken=null" name="MetadataAskTest2" />
    </UnitTest>
    <UnitTest name="TestMethod1" storage="../softwrench.sw4.test/bin/debug/softwrench.sw4.test.dll" id="0389179e-26b8-6e86-ea59-f0ffa6b7cf03">
      <Execution id="131115ad-8087-443e-a7af-ae27a1cba93a" />
      <TestMethod codeBase="C:/Users/rolim/Documents/GitHub/softwrench/softwrench.sW4.test/bin/Debug/softwrench.sW4.test.DLL" adapterTypeName="Microsoft.VisualStudio.TestTools.TestTypes.Unit.UnitTestAdapter, Microsoft.VisualStudio.QualityTools.Tips.UnitTest.Adapter, Version=12.0.0.0, Culture=neutral, PublicKeyToken=b03f5f7f11d50a3a" className="softwrench.sW4.test.Data.Persistence.Relational.QueryBuilder.Basic.QueryFromBuilderTest, softwrench.sW4.test, Version=1.0.0.0, Culture=neutral, PublicKeyToken=null" name="TestMethod1" />
    </UnitTest>
    <UnitTest name="TestCreation" storage="../softwrench.sw4.test/bin/debug/softwrench.sw4.test.dll" id="95f1bef3-68e4-1b17-b985-c5bc01c1d500">
      <Execution id="d94c5698-1b0c-4fff-82db-6e52b510e1c3" />
      <TestMethod codeBase="C:/Users/rolim/Documents/GitHub/softwrench/softwrench.sW4.test/bin/Debug/softwrench.sW4.test.DLL" adapterTypeName="Microsoft.VisualStudio.TestTools.TestTypes.Unit.UnitTestAdapter, Microsoft.VisualStudio.QualityTools.Tips.UnitTest.Adapter, Version=12.0.0.0, Culture=neutral, PublicKeyToken=b03f5f7f11d50a3a" className="softwrench.sW4.test.Data.Entities.EntityBuilderTest2, softwrench.sW4.test, Version=1.0.0.0, Culture=neutral, PublicKeyToken=null" name="TestCreation" />
    </UnitTest>
    <UnitTest name="SiteId" storage="../softwrench.sw4.test/bin/debug/softwrench.sw4.test.dll" id="2aa945b0-8a0c-047c-22ba-89b39080e9b4">
      <Execution id="72612377-97f7-4714-a81e-0d5ab37add73" />
      <TestMethod codeBase="C:/Users/rolim/Documents/GitHub/softwrench/softwrench.sW4.test/bin/Debug/softwrench.sW4.test.DLL" adapterTypeName="Microsoft.VisualStudio.TestTools.TestTypes.Unit.UnitTestAdapter, Microsoft.VisualStudio.QualityTools.Tips.UnitTest.Adapter, Version=12.0.0.0, Culture=neutral, PublicKeyToken=b03f5f7f11d50a3a" className="softwrench.sW4.test.Data.Persistence.Relational.DataConstraintWhereBuilderTest, softwrench.sW4.test, Version=1.0.0.0, Culture=neutral, PublicKeyToken=null" name="SiteId" />
    </UnitTest>
    <UnitTest name="TestSelect" storage="../softwrench.sw4.test/bin/debug/softwrench.sw4.test.dll" id="45a2a7e9-9d20-b839-b088-74727e5e6fae">
      <Execution id="9d309a0f-6651-4e46-b4c1-5ea260ed7725" />
      <TestMethod codeBase="C:/Users/rolim/Documents/GitHub/softwrench/softwrench.sW4.test/bin/Debug/softwrench.sW4.test.DLL" adapterTypeName="Microsoft.VisualStudio.TestTools.TestTypes.Unit.UnitTestAdapter, Microsoft.VisualStudio.QualityTools.Tips.UnitTest.Adapter, Version=12.0.0.0, Culture=neutral, PublicKeyToken=b03f5f7f11d50a3a" className="softwrench.sW4.test.Metadata.Entities.HapagSlicedEntityMetadataBuilderTest, softwrench.sW4.test, Version=1.0.0.0, Culture=neutral, PublicKeyToken=null" name="TestSelect" />
    </UnitTest>
    <UnitTest name="TestMethod1" storage="../softwrench.sw4.test/bin/debug/softwrench.sw4.test.dll" id="27b5564a-4b1c-bc34-cdda-f84fa9a7751e">
      <Execution id="1f38f625-ad5e-4b04-9f2d-ea925ec5c7d2" />
      <TestMethod codeBase="C:/Users/rolim/Documents/GitHub/softwrench/softwrench.sW4.test/bin/Debug/softwrench.sW4.test.DLL" adapterTypeName="Microsoft.VisualStudio.TestTools.TestTypes.Unit.UnitTestAdapter, Microsoft.VisualStudio.QualityTools.Tips.UnitTest.Adapter, Version=12.0.0.0, Culture=neutral, PublicKeyToken=b03f5f7f11d50a3a" className="softwrench.sW4.test.PaginationUtilsTest, softwrench.sW4.test, Version=1.0.0.0, Culture=neutral, PublicKeyToken=null" name="TestMethod1" />
    </UnitTest>
    <UnitTest name="TestReverseMapping" storage="../softwrench.sw4.test/bin/debug/softwrench.sw4.test.dll" id="8f371522-4d77-e027-7af9-fe472fbacd2e">
      <Execution id="f6079f76-1580-4e74-b21a-8e5b6d8530e7" />
      <TestMethod codeBase="C:/Users/rolim/Documents/GitHub/softwrench/softwrench.sW4.test/bin/Debug/softwrench.sW4.test.DLL" adapterTypeName="Microsoft.VisualStudio.TestTools.TestTypes.Unit.UnitTestAdapter, Microsoft.VisualStudio.QualityTools.Tips.UnitTest.Adapter, Version=12.0.0.0, Culture=neutral, PublicKeyToken=b03f5f7f11d50a3a" className="softwrench.sW4.test.Metadata.Entities.HapagSlicedEntityMetadataBuilderTest, softwrench.sW4.test, Version=1.0.0.0, Culture=neutral, PublicKeyToken=null" name="TestReverseMapping" />
    </UnitTest>
    <UnitTest name="TestMethod2" storage="../softwrench.sw4.test/bin/debug/softwrench.sw4.test.dll" id="ab5ef0c4-4676-92ba-5b5c-b3edc2f8e558">
      <Execution id="4fb78b06-ab6a-4e16-9404-be32f44c3041" />
      <TestMethod codeBase="C:/Users/rolim/Documents/GitHub/softwrench/softwrench.sW4.test/bin/Debug/softwrench.sW4.test.DLL" adapterTypeName="Microsoft.VisualStudio.TestTools.TestTypes.Unit.UnitTestAdapter, Microsoft.VisualStudio.QualityTools.Tips.UnitTest.Adapter, Version=12.0.0.0, Culture=neutral, PublicKeyToken=b03f5f7f11d50a3a" className="softwrench.sW4.test.ToStringElParserTest, softwrench.sW4.test, Version=1.0.0.0, Culture=neutral, PublicKeyToken=null" name="TestMethod2" />
    </UnitTest>
    <UnitTest name="TestParseWhere2" storage="../softwrench.sw4.test/bin/debug/softwrench.sw4.test.dll" id="9fbe5469-6512-aa7d-2fdc-c8be71dac349">
      <Execution id="32b35c27-854b-4719-92b2-b45acf29218b" />
      <TestMethod codeBase="C:/Users/rolim/Documents/GitHub/softwrench/softwrench.sW4.test/bin/Debug/softwrench.sW4.test.DLL" adapterTypeName="Microsoft.VisualStudio.TestTools.TestTypes.Unit.UnitTestAdapter, Microsoft.VisualStudio.QualityTools.Tips.UnitTest.Adapter, Version=12.0.0.0, Culture=neutral, PublicKeyToken=b03f5f7f11d50a3a" className="softwrench.sW4.test.Metadata.Association.DependencyBuilderTest, softwrench.sW4.test, Version=1.0.0.0, Culture=neutral, PublicKeyToken=null" name="TestParseWhere2" />
    </UnitTest>
    <UnitTest name="TestNestedGetAttribute" storage="../softwrench.sw4.test/bin/debug/softwrench.sw4.test.dll" id="ac73e394-f3c5-3328-c189-777634c29010">
      <Execution id="90c6a9a9-6aa8-41ae-b08d-67c92b926e37" />
      <TestMethod codeBase="C:/Users/rolim/Documents/GitHub/softwrench/softwrench.sW4.test/bin/Debug/softwrench.sW4.test.DLL" adapterTypeName="Microsoft.VisualStudio.TestTools.TestTypes.Unit.UnitTestAdapter, Microsoft.VisualStudio.QualityTools.Tips.UnitTest.Adapter, Version=12.0.0.0, Culture=neutral, PublicKeyToken=b03f5f7f11d50a3a" className="softwrench.sW4.test.Data.Entities.EntityBuilderTestHapag, softwrench.sW4.test, Version=1.0.0.0, Culture=neutral, PublicKeyToken=null" name="TestNestedGetAttribute" />
    </UnitTest>
    <UnitTest name="TestFrom" storage="../softwrench.sw4.test/bin/debug/softwrench.sw4.test.dll" id="b7d86fdc-6fee-84a5-58aa-f9b91c364c85">
      <Execution id="d43a46fb-bd9f-433e-b93c-a3893c360ed5" />
      <TestMethod codeBase="C:/Users/rolim/Documents/GitHub/softwrench/softwrench.sW4.test/bin/Debug/softwrench.sW4.test.DLL" adapterTypeName="Microsoft.VisualStudio.TestTools.TestTypes.Unit.UnitTestAdapter, Microsoft.VisualStudio.QualityTools.Tips.UnitTest.Adapter, Version=12.0.0.0, Culture=neutral, PublicKeyToken=b03f5f7f11d50a3a" className="softwrench.sW4.test.Metadata.Entities.HapagSlicedEntityMetadataBuilderTest, softwrench.sW4.test, Version=1.0.0.0, Culture=neutral, PublicKeyToken=null" name="TestFrom" />
    </UnitTest>
    <UnitTest name="SR_HAPAG_CONDITION" storage="../softwrench.sw4.test/bin/debug/softwrench.sw4.test.dll" id="cd8c146c-dbc6-0e8a-c3e4-cda875b7d88a">
      <Execution id="085d33bc-e328-41b0-9f1e-1ab0fe356d53" />
      <TestMethod codeBase="C:/Users/rolim/Documents/GitHub/softwrench/softwrench.sW4.test/bin/Debug/softwrench.sW4.test.DLL" adapterTypeName="Microsoft.VisualStudio.TestTools.TestTypes.Unit.UnitTestAdapter, Microsoft.VisualStudio.QualityTools.Tips.UnitTest.Adapter, Version=12.0.0.0, Culture=neutral, PublicKeyToken=b03f5f7f11d50a3a" className="softwrench.sW4.test.Configuration.Service.ConfigurationServiceTest, softwrench.sW4.test, Version=1.0.0.0, Culture=neutral, PublicKeyToken=null" name="SR_HAPAG_CONDITION" />
    </UnitTest>
    <UnitTest name="RequestNullReturnApp" storage="../softwrench.sw4.test/bin/debug/softwrench.sw4.test.dll" id="4aa1307b-627a-98dd-6f20-5dee6d1130a6">
      <Execution id="5f26a5e0-4422-42f3-b9a1-71543da2c214" />
      <TestMethod codeBase="C:/Users/rolim/Documents/GitHub/softwrench/softwrench.sW4.test/bin/Debug/softwrench.sW4.test.DLL" adapterTypeName="Microsoft.VisualStudio.TestTools.TestTypes.Unit.UnitTestAdapter, Microsoft.VisualStudio.QualityTools.Tips.UnitTest.Adapter, Version=12.0.0.0, Culture=neutral, PublicKeyToken=b03f5f7f11d50a3a" className="softwrench.sW4.test.Metadata.Association.AssociationHelperTest, softwrench.sW4.test, Version=1.0.0.0, Culture=neutral, PublicKeyToken=null" name="RequestNullReturnApp" />
    </UnitTest>
    <UnitTest name="TestSelect4" storage="../softwrench.sw4.test/bin/debug/softwrench.sw4.test.dll" id="0eab8dc7-d3da-ddab-b9b9-e929032208a5">
      <Execution id="95292292-39c6-4eb7-85a0-3098a0de6e6b" />
      <TestMethod codeBase="C:/Users/rolim/Documents/GitHub/softwrench/softwrench.sW4.test/bin/Debug/softwrench.sW4.test.DLL" adapterTypeName="Microsoft.VisualStudio.TestTools.TestTypes.Unit.UnitTestAdapter, Microsoft.VisualStudio.QualityTools.Tips.UnitTest.Adapter, Version=12.0.0.0, Culture=neutral, PublicKeyToken=b03f5f7f11d50a3a" className="softwrench.sW4.test.Metadata.Entities.HapagSlicedEntityMetadataBuilderTest, softwrench.sW4.test, Version=1.0.0.0, Culture=neutral, PublicKeyToken=null" name="TestSelect4" />
    </UnitTest>
    <UnitTest name="TestQuestionMark" storage="../softwrench.sw4.test/bin/debug/softwrench.sw4.test.dll" id="4988fb77-d19b-a1c4-7211-49326cebe459">
      <Execution id="fd2e77f3-21a3-4843-8308-ca76412b9b2a" />
      <TestMethod codeBase="C:/Users/rolim/Documents/GitHub/softwrench/softwrench.sW4.test/bin/Debug/softwrench.sW4.test.DLL" adapterTypeName="Microsoft.VisualStudio.TestTools.TestTypes.Unit.UnitTestAdapter, Microsoft.VisualStudio.QualityTools.Tips.UnitTest.Adapter, Version=12.0.0.0, Culture=neutral, PublicKeyToken=b03f5f7f11d50a3a" className="softwrench.sW4.test.Util.LoggingUtilTest, softwrench.sW4.test, Version=1.0.0.0, Culture=neutral, PublicKeyToken=null" name="TestQuestionMark" />
    </UnitTest>
    <UnitTest name="TestReplace_Nulls" storage="../softwrench.sw4.test/bin/debug/softwrench.sw4.test.dll" id="d152a551-5397-a869-2a68-6828ef50c3fe">
      <Execution id="70bb5ef7-ba28-4a90-80bd-1b11d5edb0f6" />
      <TestMethod codeBase="C:/Users/rolim/Documents/GitHub/softwrench/softwrench.sW4.test/bin/Debug/softwrench.sW4.test.DLL" adapterTypeName="Microsoft.VisualStudio.TestTools.TestTypes.Unit.UnitTestAdapter, Microsoft.VisualStudio.QualityTools.Tips.UnitTest.Adapter, Version=12.0.0.0, Culture=neutral, PublicKeyToken=b03f5f7f11d50a3a" className="softwrench.sW4.test.Data.Persistence.Relational.QueryBuilder.Basic.QuerySelectBuilderTest, softwrench.sW4.test, Version=1.0.0.0, Culture=neutral, PublicKeyToken=null" name="TestReplace_Nulls" />
    </UnitTest>
    <UnitTest name="TestSelectNullAttributes" storage="../softwrench.sw4.test/bin/debug/softwrench.sw4.test.dll" id="619856f5-fbf3-c422-976f-5fa6bbf0cc3c">
      <Execution id="79ad2352-7398-4562-884c-a474affa09db" />
      <TestMethod codeBase="C:/Users/rolim/Documents/GitHub/softwrench/softwrench.sW4.test/bin/Debug/softwrench.sW4.test.DLL" adapterTypeName="Microsoft.VisualStudio.TestTools.TestTypes.Unit.UnitTestAdapter, Microsoft.VisualStudio.QualityTools.Tips.UnitTest.Adapter, Version=12.0.0.0, Culture=neutral, PublicKeyToken=b03f5f7f11d50a3a" className="softwrench.sW4.test.Metadata.Entities.HapagSlicedEntityMetadataBuilderTest, softwrench.sW4.test, Version=1.0.0.0, Culture=neutral, PublicKeyToken=null" name="TestSelectNullAttributes" />
    </UnitTest>
    <UnitTest name="AskForModule_DoNotConsiderDefault" storage="../softwrench.sw4.test/bin/debug/softwrench.sw4.test.dll" id="eae5e7a0-61f9-bb9e-5837-61a982aa884e">
      <Execution id="db4cb7f8-f229-4039-af78-c2821a6f6c28" />
      <TestMethod codeBase="C:/Users/rolim/Documents/GitHub/softwrench/softwrench.sW4.test/bin/Debug/softwrench.sW4.test.DLL" adapterTypeName="Microsoft.VisualStudio.TestTools.TestTypes.Unit.UnitTestAdapter, Microsoft.VisualStudio.QualityTools.Tips.UnitTest.Adapter, Version=12.0.0.0, Culture=neutral, PublicKeyToken=b03f5f7f11d50a3a" className="softwrench.sW4.test.Configuration.Service.ConfigurationServiceTest, softwrench.sW4.test, Version=1.0.0.0, Culture=neutral, PublicKeyToken=null" name="AskForModule_DoNotConsiderDefault" />
    </UnitTest>
    <UnitTest name="BothNulls" storage="../softwrench.sw4.test/bin/debug/softwrench.sw4.test.dll" id="c6eb0ddd-105b-065b-1c32-96233b44078e">
      <Execution id="81f52623-0f07-4420-90e6-6f28e9d5b63e" />
      <TestMethod codeBase="C:/Users/rolim/Documents/GitHub/softwrench/softwrench.sW4.test/bin/Debug/softwrench.sW4.test.DLL" adapterTypeName="Microsoft.VisualStudio.TestTools.TestTypes.Unit.UnitTestAdapter, Microsoft.VisualStudio.QualityTools.Tips.UnitTest.Adapter, Version=12.0.0.0, Culture=neutral, PublicKeyToken=b03f5f7f11d50a3a" className="softwrench.sW4.test.Metadata.Association.AssociationHelperTest, softwrench.sW4.test, Version=1.0.0.0, Culture=neutral, PublicKeyToken=null" name="BothNulls" />
    </UnitTest>
    <UnitTest name="TestSelect" storage="../softwrench.sw4.test/bin/debug/softwrench.sw4.test.dll" id="634d16c0-8174-af93-abfb-30f2c13468e7">
      <Execution id="4477b2dc-b3f3-4097-aee4-ccc3c1452fde" />
      <TestMethod codeBase="C:/Users/rolim/Documents/GitHub/softwrench/softwrench.sW4.test/bin/Debug/softwrench.sW4.test.DLL" adapterTypeName="Microsoft.VisualStudio.TestTools.TestTypes.Unit.UnitTestAdapter, Microsoft.VisualStudio.QualityTools.Tips.UnitTest.Adapter, Version=12.0.0.0, Culture=neutral, PublicKeyToken=b03f5f7f11d50a3a" className="softwrench.sW4.test.Metadata.Entities.OtbSlicedEntityMetadataBuilderTest, softwrench.sW4.test, Version=1.0.0.0, Culture=neutral, PublicKeyToken=null" name="TestSelect" />
    </UnitTest>
    <UnitTest name="TestQueryTranslation" storage="../softwrench.sw4.test/bin/debug/softwrench.sw4.test.dll" id="0570c3a1-164a-8720-ab47-d3feb9cadb85">
      <Execution id="d190c2ea-b735-433b-bbb5-b98e22ae4c0a" />
      <TestMethod codeBase="C:/Users/rolim/Documents/GitHub/softwrench/softwrench.sW4.test/bin/Debug/softwrench.sW4.test.DLL" adapterTypeName="Microsoft.VisualStudio.TestTools.TestTypes.Unit.UnitTestAdapter, Microsoft.VisualStudio.QualityTools.Tips.UnitTest.Adapter, Version=12.0.0.0, Culture=neutral, PublicKeyToken=b03f5f7f11d50a3a" className="softwrench.sW4.test.Util.HibernateUtilTest, softwrench.sW4.test, Version=1.0.0.0, Culture=neutral, PublicKeyToken=null" name="TestQueryTranslation" />
    </UnitTest>
    <UnitTest name="TestUpdate" storage="../softwrench.sw4.test/bin/debug/softwrench.sw4.test.dll" id="b4039629-7dd4-fbec-450a-227199cb12b7">
      <Execution id="43e1e6e8-79e6-4c42-a47c-1bce84f9651e" />
      <TestMethod codeBase="C:/Users/rolim/Documents/GitHub/softwrench/softwrench.sW4.test/bin/Debug/softwrench.sW4.test.DLL" adapterTypeName="Microsoft.VisualStudio.TestTools.TestTypes.Unit.UnitTestAdapter, Microsoft.VisualStudio.QualityTools.Tips.UnitTest.Adapter, Version=12.0.0.0, Culture=neutral, PublicKeyToken=b03f5f7f11d50a3a" className="softwrench.sW4.test.Data.Entities.EntityBuilderTest2, softwrench.sW4.test, Version=1.0.0.0, Culture=neutral, PublicKeyToken=null" name="TestUpdate" />
    </UnitTest>
    <UnitTest name="AskForSchemaDoNotFind" storage="../softwrench.sw4.test/bin/debug/softwrench.sw4.test.dll" id="693df802-d6be-fc5d-2e6a-cc35adf3c28c">
      <Execution id="0e5a6e39-5235-4239-9678-1852c3a7ecd1" />
      <TestMethod codeBase="C:/Users/rolim/Documents/GitHub/softwrench/softwrench.sW4.test/bin/Debug/softwrench.sW4.test.DLL" adapterTypeName="Microsoft.VisualStudio.TestTools.TestTypes.Unit.UnitTestAdapter, Microsoft.VisualStudio.QualityTools.Tips.UnitTest.Adapter, Version=12.0.0.0, Culture=neutral, PublicKeyToken=b03f5f7f11d50a3a" className="softwrench.sW4.test.Configuration.Service.ConfigurationServiceTest, softwrench.sW4.test, Version=1.0.0.0, Culture=neutral, PublicKeyToken=null" name="AskForSchemaDoNotFind" />
    </UnitTest>
    <UnitTest name="DateSearchDtoLTTest" storage="../softwrench.sw4.test/bin/debug/softwrench.sw4.test.dll" id="058e27e7-a60a-540c-3a8e-4bf7ccdc4123">
      <Execution id="95efd38d-b211-40c6-b68b-dd01dc9406d0" />
      <TestMethod codeBase="C:/Users/rolim/Documents/GitHub/softwrench/softwrench.sW4.test/bin/Debug/softwrench.sW4.test.DLL" adapterTypeName="Microsoft.VisualStudio.TestTools.TestTypes.Unit.UnitTestAdapter, Microsoft.VisualStudio.QualityTools.Tips.UnitTest.Adapter, Version=12.0.0.0, Culture=neutral, PublicKeyToken=b03f5f7f11d50a3a" className="softwrench.sW4.test.Data.Search.ApplicationSearchTest, softwrench.sW4.test, Version=1.0.0.0, Culture=neutral, PublicKeyToken=null" name="DateSearchDtoLTTest" />
    </UnitTest>
    <UnitTest name="TestRemoveCommand" storage="../softwrench.sw4.test/bin/debug/softwrench.sw4.test.dll" id="1ab2007e-bf91-4ee1-e89b-ed7aabf86985">
      <Execution id="b15c1537-3a49-4793-a9b0-36a44718506a" />
      <TestMethod codeBase="C:/Users/rolim/Documents/GitHub/softwrench/softwrench.sW4.test/bin/Debug/softwrench.sW4.test.DLL" adapterTypeName="Microsoft.VisualStudio.TestTools.TestTypes.Unit.UnitTestAdapter, Microsoft.VisualStudio.QualityTools.Tips.UnitTest.Adapter, Version=12.0.0.0, Culture=neutral, PublicKeyToken=b03f5f7f11d50a3a" className="softwrench.sW4.test.Metadata.Applications.Command.ApplicationCommandMergerTest, softwrench.sW4.test, Version=1.0.0.0, Culture=neutral, PublicKeyToken=null" name="TestRemoveCommand" />
    </UnitTest>
    <UnitTest name="TestMethod1" storage="../softwrench.sw4.test/bin/debug/softwrench.sw4.test.dll" id="d0527def-4469-3bef-c311-54ce24aea28b">
      <Execution id="6bebe673-eaeb-404c-b360-c862dc6d62bd" />
      <TestMethod codeBase="C:/Users/rolim/Documents/GitHub/softwrench/softwrench.sW4.test/bin/Debug/softwrench.sW4.test.DLL" adapterTypeName="Microsoft.VisualStudio.TestTools.TestTypes.Unit.UnitTestAdapter, Microsoft.VisualStudio.QualityTools.Tips.UnitTest.Adapter, Version=12.0.0.0, Culture=neutral, PublicKeyToken=b03f5f7f11d50a3a" className="softwrench.sW4.test.Hapag.Data.Connector.Imac.ImacServicePlanHelperTest, softwrench.sW4.test, Version=1.0.0.0, Culture=neutral, PublicKeyToken=null" name="TestMethod1" />
    </UnitTest>
    <UnitTest name="TestAddWorkLogToIncident" storage="../softwrench.sw4.test/bin/debug/softwrench.sw4.test.dll" id="54460b47-3039-8cb9-e7af-3a4280f8ce78">
      <Execution id="0a6b63b2-fbe6-4334-b7d4-92f4039db1aa" />
      <TestMethod codeBase="C:/Users/rolim/Documents/GitHub/softwrench/softwrench.sW4.test/bin/Debug/softwrench.sW4.test.DLL" adapterTypeName="Microsoft.VisualStudio.TestTools.TestTypes.Unit.UnitTestAdapter, Microsoft.VisualStudio.QualityTools.Tips.UnitTest.Adapter, Version=12.0.0.0, Culture=neutral, PublicKeyToken=b03f5f7f11d50a3a" className="softwrench.sW4.test.Data.Entities.EntityBuilderTestHapag, softwrench.sW4.test, Version=1.0.0.0, Culture=neutral, PublicKeyToken=null" name="TestAddWorkLogToIncident" />
    </UnitTest>
    <UnitTest name="TestMethod1" storage="../softwrench.sw4.test/bin/debug/softwrench.sw4.test.dll" id="db5a8b8d-463f-1e29-75d3-7c22f150f79f">
      <Execution id="90b79e45-cbc3-441b-bac2-7753426cd236" />
      <TestMethod codeBase="C:/Users/rolim/Documents/GitHub/softwrench/softwrench.sW4.test/bin/Debug/softwrench.sW4.test.DLL" adapterTypeName="Microsoft.VisualStudio.TestTools.TestTypes.Unit.UnitTestAdapter, Microsoft.VisualStudio.QualityTools.Tips.UnitTest.Adapter, Version=12.0.0.0, Culture=neutral, PublicKeyToken=b03f5f7f11d50a3a" className="softwrench.sW4.test.Metadata.Entities.TargetConstantHandlerTest, softwrench.sW4.test, Version=1.0.0.0, Culture=neutral, PublicKeyToken=null" name="TestMethod1" />
    </UnitTest>
    <UnitTest name="TestFrom" storage="../softwrench.sw4.test/bin/debug/softwrench.sw4.test.dll" id="4375b126-b98f-0752-6b6b-302df4d378f5">
      <Execution id="cec2b85f-e1e0-47c1-985e-8ba7e3fe002d" />
      <TestMethod codeBase="C:/Users/rolim/Documents/GitHub/softwrench/softwrench.sW4.test/bin/Debug/softwrench.sW4.test.DLL" adapterTypeName="Microsoft.VisualStudio.TestTools.TestTypes.Unit.UnitTestAdapter, Microsoft.VisualStudio.QualityTools.Tips.UnitTest.Adapter, Version=12.0.0.0, Culture=neutral, PublicKeyToken=b03f5f7f11d50a3a" className="softwrench.sW4.test.Metadata.Entities.OtbSlicedEntityMetadataBuilderTest, softwrench.sW4.test, Version=1.0.0.0, Culture=neutral, PublicKeyToken=null" name="TestFrom" />
    </UnitTest>
    <UnitTest name="TestAllButSchema2" storage="../softwrench.sw4.test/bin/debug/softwrench.sw4.test.dll" id="7d148788-1a23-81e0-62aa-d6d167b7210c">
      <Execution id="63a897af-d1e2-4306-9647-2243e0cb2441" />
      <TestMethod codeBase="C:/Users/rolim/Documents/GitHub/softwrench/softwrench.sW4.test/bin/Debug/softwrench.sW4.test.DLL" adapterTypeName="Microsoft.VisualStudio.TestTools.TestTypes.Unit.UnitTestAdapter, Microsoft.VisualStudio.QualityTools.Tips.UnitTest.Adapter, Version=12.0.0.0, Culture=neutral, PublicKeyToken=b03f5f7f11d50a3a" className="softwrench.sW4.test.Metadata.Association.AssociationHelperTest, softwrench.sW4.test, Version=1.0.0.0, Culture=neutral, PublicKeyToken=null" name="TestAllButSchema2" />
    </UnitTest>
    <UnitTest name="TestAssetListReportBug" storage="../softwrench.sw4.test/bin/debug/softwrench.sw4.test.dll" id="1cf08750-3251-452c-d9a1-5405821fb54e">
      <Execution id="373d70c2-e89e-40fe-ba46-b89435b9d8f5" />
      <TestMethod codeBase="C:/Users/rolim/Documents/GitHub/softwrench/softwrench.sW4.test/bin/Debug/softwrench.sW4.test.DLL" adapterTypeName="Microsoft.VisualStudio.TestTools.TestTypes.Unit.UnitTestAdapter, Microsoft.VisualStudio.QualityTools.Tips.UnitTest.Adapter, Version=12.0.0.0, Culture=neutral, PublicKeyToken=b03f5f7f11d50a3a" className="softwrench.sW4.test.Metadata.Entities.HapagSlicedEntityMetadataBuilderTest, softwrench.sW4.test, Version=1.0.0.0, Culture=neutral, PublicKeyToken=null" name="TestAssetListReportBug" />
    </UnitTest>
    <UnitTest name="BasicSearchDtoTest" storage="../softwrench.sw4.test/bin/debug/softwrench.sw4.test.dll" id="98020f3d-3d67-95ba-3ae7-3b514b0bc5dc">
      <Execution id="2f5f652a-ef94-47ca-80f1-a5fd59ce6f06" />
      <TestMethod codeBase="C:/Users/rolim/Documents/GitHub/softwrench/softwrench.sW4.test/bin/Debug/softwrench.sW4.test.DLL" adapterTypeName="Microsoft.VisualStudio.TestTools.TestTypes.Unit.UnitTestAdapter, Microsoft.VisualStudio.QualityTools.Tips.UnitTest.Adapter, Version=12.0.0.0, Culture=neutral, PublicKeyToken=b03f5f7f11d50a3a" className="softwrench.sW4.test.Data.Search.ApplicationSearchTest, softwrench.sW4.test, Version=1.0.0.0, Culture=neutral, PublicKeyToken=null" name="BasicSearchDtoTest" />
    </UnitTest>
    <UnitTest name="TestStringToBytesCompressed" storage="../softwrench.sw4.test/bin/debug/softwrench.sw4.test.dll" id="ac59350e-b94c-3929-6c72-637148e3a7a0">
      <Execution id="3d87ad60-3644-4c14-aa61-81a3ccc4de0b" />
      <TestMethod codeBase="C:/Users/rolim/Documents/GitHub/softwrench/softwrench.sW4.test/bin/Debug/softwrench.sW4.test.DLL" adapterTypeName="Microsoft.VisualStudio.TestTools.TestTypes.Unit.UnitTestAdapter, Microsoft.VisualStudio.QualityTools.Tips.UnitTest.Adapter, Version=12.0.0.0, Culture=neutral, PublicKeyToken=b03f5f7f11d50a3a" className="softwrench.sW4.test.Util.CompressorUtilTest, softwrench.sW4.test, Version=1.0.0.0, Culture=neutral, PublicKeyToken=null" name="TestStringToBytesCompressed" />
    </UnitTest>
    <UnitTest name="TestMethod4" storage="../softwrench.sw4.test/bin/debug/softwrench.sw4.test.dll" id="9177643c-7d01-dccf-b4c7-e2e78cd26785">
      <Execution id="39d12fb1-0eec-415e-b875-f776b0faae5b" />
      <TestMethod codeBase="C:/Users/rolim/Documents/GitHub/softwrench/softwrench.sW4.test/bin/Debug/softwrench.sW4.test.DLL" adapterTypeName="Microsoft.VisualStudio.TestTools.TestTypes.Unit.UnitTestAdapter, Microsoft.VisualStudio.QualityTools.Tips.UnitTest.Adapter, Version=12.0.0.0, Culture=neutral, PublicKeyToken=b03f5f7f11d50a3a" className="softwrench.sW4.test.PaginationUtilsTest, softwrench.sW4.test, Version=1.0.0.0, Culture=neutral, PublicKeyToken=null" name="TestMethod4" />
    </UnitTest>
    <UnitTest name="NumberSearchDtoGteTest" storage="../softwrench.sw4.test/bin/debug/softwrench.sw4.test.dll" id="47ee8c2f-44b5-76ff-37ac-fdbc6fcd06fc">
      <Execution id="816f07df-84a4-4e0b-b601-92bdd1614cd7" />
      <TestMethod codeBase="C:/Users/rolim/Documents/GitHub/softwrench/softwrench.sW4.test/bin/Debug/softwrench.sW4.test.DLL" adapterTypeName="Microsoft.VisualStudio.TestTools.TestTypes.Unit.UnitTestAdapter, Microsoft.VisualStudio.QualityTools.Tips.UnitTest.Adapter, Version=12.0.0.0, Culture=neutral, PublicKeyToken=b03f5f7f11d50a3a" className="softwrench.sW4.test.Data.Search.SearchTest2, softwrench.sW4.test, Version=1.0.0.0, Culture=neutral, PublicKeyToken=null" name="NumberSearchDtoGteTest" />
    </UnitTest>
    <UnitTest name="NotEqNotEmptySearchDtoTest" storage="../softwrench.sw4.test/bin/debug/softwrench.sw4.test.dll" id="1ea3a08a-e479-6280-a556-9b2d5a32d24f">
      <Execution id="27d05d2f-b55f-48f0-a2ad-d300ab4a8eac" />
      <TestMethod codeBase="C:/Users/rolim/Documents/GitHub/softwrench/softwrench.sW4.test/bin/Debug/softwrench.sW4.test.DLL" adapterTypeName="Microsoft.VisualStudio.TestTools.TestTypes.Unit.UnitTestAdapter, Microsoft.VisualStudio.QualityTools.Tips.UnitTest.Adapter, Version=12.0.0.0, Culture=neutral, PublicKeyToken=b03f5f7f11d50a3a" className="softwrench.sW4.test.Data.Search.ApplicationSearchTest, softwrench.sW4.test, Version=1.0.0.0, Culture=neutral, PublicKeyToken=null" name="NotEqNotEmptySearchDtoTest" />
    </UnitTest>
    <UnitTest name="_2ConditionsOneWithModuleAnotherWithout_returnDefault" storage="../softwrench.sw4.test/bin/debug/softwrench.sw4.test.dll" id="8989b33b-1d9d-bc18-8fd0-7ab53f8461aa">
      <Execution id="8f04bdea-35e1-4dfd-9f31-82b10d7345f5" />
      <TestMethod codeBase="C:/Users/rolim/Documents/GitHub/softwrench/softwrench.sW4.test/bin/Debug/softwrench.sW4.test.DLL" adapterTypeName="Microsoft.VisualStudio.TestTools.TestTypes.Unit.UnitTestAdapter, Microsoft.VisualStudio.QualityTools.Tips.UnitTest.Adapter, Version=12.0.0.0, Culture=neutral, PublicKeyToken=b03f5f7f11d50a3a" className="softwrench.sW4.test.Configuration.Service.ConfigurationServiceTest, softwrench.sW4.test, Version=1.0.0.0, Culture=neutral, PublicKeyToken=null" name="_2ConditionsOneWithModuleAnotherWithout_returnDefault" />
    </UnitTest>
    <UnitTest name="TestReplace" storage="../softwrench.sw4.test/bin/debug/softwrench.sw4.test.dll" id="a096724d-407b-870b-181f-95da6417f9c3">
      <Execution id="946481dd-4e56-4954-8594-6d0c8eb0ae1a" />
      <TestMethod codeBase="C:/Users/rolim/Documents/GitHub/softwrench/softwrench.sW4.test/bin/Debug/softwrench.sW4.test.DLL" adapterTypeName="Microsoft.VisualStudio.TestTools.TestTypes.Unit.UnitTestAdapter, Microsoft.VisualStudio.QualityTools.Tips.UnitTest.Adapter, Version=12.0.0.0, Culture=neutral, PublicKeyToken=b03f5f7f11d50a3a" className="softwrench.sW4.test.Data.Persistence.Relational.QueryBuilder.Basic.QuerySelectBuilderTest, softwrench.sW4.test, Version=1.0.0.0, Culture=neutral, PublicKeyToken=null" name="TestReplace" />
    </UnitTest>
    <UnitTest name="TestConversion" storage="../softwrench.sw4.test/bin/debug/softwrench.sw4.test.dll" id="5056a224-4cae-e816-70f1-bf880c8ec319">
      <Execution id="953fee1a-2bee-41b6-b80b-3a6ee2a74c3a" />
      <TestMethod codeBase="C:/Users/rolim/Documents/GitHub/softwrench/softwrench.sW4.test/bin/Debug/softwrench.sW4.test.DLL" adapterTypeName="Microsoft.VisualStudio.TestTools.TestTypes.Unit.UnitTestAdapter, Microsoft.VisualStudio.QualityTools.Tips.UnitTest.Adapter, Version=12.0.0.0, Culture=neutral, PublicKeyToken=b03f5f7f11d50a3a" className="softwrench.sW4.test.Metadata.Entities.TargetConstantHandlerTest, softwrench.sW4.test, Version=1.0.0.0, Culture=neutral, PublicKeyToken=null" name="TestConversion" />
    </UnitTest>
    <UnitTest name="CheckFieldsOrderOrder" storage="../softwrench.sw4.test/bin/debug/softwrench.sw4.test.dll" id="9f8da57b-4ad8-fa25-5e9a-a17945c7e8e1">
      <Execution id="a933d382-4085-41c8-a11e-f8f45d1fa5d9" />
      <TestMethod codeBase="C:/Users/rolim/Documents/GitHub/softwrench/softwrench.sW4.test/bin/Debug/softwrench.sW4.test.DLL" adapterTypeName="Microsoft.VisualStudio.TestTools.TestTypes.Unit.UnitTestAdapter, Microsoft.VisualStudio.QualityTools.Tips.UnitTest.Adapter, Version=12.0.0.0, Culture=neutral, PublicKeyToken=b03f5f7f11d50a3a" className="softwrench.sW4.test.Metadata.AbstractSchemaTest, softwrench.sW4.test, Version=1.0.0.0, Culture=neutral, PublicKeyToken=null" name="CheckFieldsOrderOrder" />
    </UnitTest>
    <UnitTest name="DateSearchDtoTest" storage="../softwrench.sw4.test/bin/debug/softwrench.sw4.test.dll" id="7d3385f6-7b2f-d410-9880-4d1883c8cb0b">
      <Execution id="1fd68dff-f990-4a85-8e76-ca566dd5a66b" />
      <TestMethod codeBase="C:/Users/rolim/Documents/GitHub/softwrench/softwrench.sW4.test/bin/Debug/softwrench.sW4.test.DLL" adapterTypeName="Microsoft.VisualStudio.TestTools.TestTypes.Unit.UnitTestAdapter, Microsoft.VisualStudio.QualityTools.Tips.UnitTest.Adapter, Version=12.0.0.0, Culture=neutral, PublicKeyToken=b03f5f7f11d50a3a" className="softwrench.sW4.test.Data.Search.ApplicationSearchTest, softwrench.sW4.test, Version=1.0.0.0, Culture=neutral, PublicKeyToken=null" name="DateSearchDtoTest" />
    </UnitTest>
    <UnitTest name="TestAddCommandRightTo2" storage="../softwrench.sw4.test/bin/debug/softwrench.sw4.test.dll" id="2017f71d-b182-81b2-01a7-1b4e3bdce128">
      <Execution id="9d6f69bb-37d5-4296-be6e-1355add316f8" />
      <TestMethod codeBase="C:/Users/rolim/Documents/GitHub/softwrench/softwrench.sW4.test/bin/Debug/softwrench.sW4.test.DLL" adapterTypeName="Microsoft.VisualStudio.TestTools.TestTypes.Unit.UnitTestAdapter, Microsoft.VisualStudio.QualityTools.Tips.UnitTest.Adapter, Version=12.0.0.0, Culture=neutral, PublicKeyToken=b03f5f7f11d50a3a" className="softwrench.sW4.test.Metadata.Applications.Command.ApplicationCommandMergerTest, softwrench.sW4.test, Version=1.0.0.0, Culture=neutral, PublicKeyToken=null" name="TestAddCommandRightTo2" />
    </UnitTest>
    <UnitTest name="ModuleAskTest2" storage="../softwrench.sw4.test/bin/debug/softwrench.sw4.test.dll" id="9d11ee99-f131-c210-9c25-1751a393e388">
      <Execution id="958845d8-398d-4cca-a2b1-30c482b5e077" />
      <TestMethod codeBase="C:/Users/rolim/Documents/GitHub/softwrench/softwrench.sW4.test/bin/Debug/softwrench.sW4.test.DLL" adapterTypeName="Microsoft.VisualStudio.TestTools.TestTypes.Unit.UnitTestAdapter, Microsoft.VisualStudio.QualityTools.Tips.UnitTest.Adapter, Version=12.0.0.0, Culture=neutral, PublicKeyToken=b03f5f7f11d50a3a" className="softwrench.sW4.test.Configuration.Service.ConfigurationServiceTest, softwrench.sW4.test, Version=1.0.0.0, Culture=neutral, PublicKeyToken=null" name="ModuleAskTest2" />
    </UnitTest>
    <UnitTest name="RemoveAsset" storage="../softwrench.sw4.test/bin/debug/softwrench.sw4.test.dll" id="3149a8f1-6952-39ad-2ebc-3e6a54a0aea3">
      <Execution id="eab3edeb-56aa-4a1b-a3fb-983b13c664ee" />
      <TestMethod codeBase="C:/Users/rolim/Documents/GitHub/softwrench/softwrench.sW4.test/bin/Debug/softwrench.sW4.test.DLL" adapterTypeName="Microsoft.VisualStudio.TestTools.TestTypes.Unit.UnitTestAdapter, Microsoft.VisualStudio.QualityTools.Tips.UnitTest.Adapter, Version=12.0.0.0, Culture=neutral, PublicKeyToken=b03f5f7f11d50a3a" className="softwrench.sW4.test.Data.Persistence.WS.Ism.ImacDescriptionHandlerTest, softwrench.sW4.test, Version=1.0.0.0, Culture=neutral, PublicKeyToken=null" name="RemoveAsset" />
    </UnitTest>
    <UnitTest name="LocateFiles" storage="../softwrench.sw4.test/bin/debug/softwrench.sw4.test.dll" id="63252ef7-222a-c0ee-6c32-93c3bf0f63f9">
      <Execution id="8b0de845-7a61-4ef8-87ea-796e16f323a4" />
      <TestMethod codeBase="C:/Users/rolim/Documents/GitHub/softwrench/softwrench.sW4.test/bin/Debug/softwrench.sW4.test.DLL" adapterTypeName="Microsoft.VisualStudio.TestTools.TestTypes.Unit.UnitTestAdapter, Microsoft.VisualStudio.QualityTools.Tips.UnitTest.Adapter, Version=12.0.0.0, Culture=neutral, PublicKeyToken=b03f5f7f11d50a3a" className="softwrench.sW4.test.Util.I18NResolverTest, softwrench.sW4.test, Version=1.0.0.0, Culture=neutral, PublicKeyToken=null" name="LocateFiles" />
    </UnitTest>
    <UnitTest name="SearchWithFixedParam_Hapag_SEARCH_TEST_NOTEQ" storage="../softwrench.sw4.test/bin/debug/softwrench.sw4.test.dll" id="442c99c8-19a0-3c2e-f9ca-d8141de7b70e">
      <Execution id="12b7c431-ef20-4af1-bcfc-3cef8dbde1d8" />
      <TestMethod codeBase="C:/Users/rolim/Documents/GitHub/softwrench/softwrench.sW4.test/bin/Debug/softwrench.sW4.test.DLL" adapterTypeName="Microsoft.VisualStudio.TestTools.TestTypes.Unit.UnitTestAdapter, Microsoft.VisualStudio.QualityTools.Tips.UnitTest.Adapter, Version=12.0.0.0, Culture=neutral, PublicKeyToken=b03f5f7f11d50a3a" className="softwrench.sW4.test.Data.Search.ApplicationSearchTest, softwrench.sW4.test, Version=1.0.0.0, Culture=neutral, PublicKeyToken=null" name="SearchWithFixedParam_Hapag_SEARCH_TEST_NOTEQ" />
    </UnitTest>
    <UnitTest name="TestReverseMapping" storage="../softwrench.sw4.test/bin/debug/softwrench.sw4.test.dll" id="2297944c-225c-b4e7-edc7-7eadeddb77e1">
      <Execution id="ea7c5eed-6fbb-4e6c-8ceb-103d6982a878" />
      <TestMethod codeBase="C:/Users/rolim/Documents/GitHub/softwrench/softwrench.sW4.test/bin/Debug/softwrench.sW4.test.DLL" adapterTypeName="Microsoft.VisualStudio.TestTools.TestTypes.Unit.UnitTestAdapter, Microsoft.VisualStudio.QualityTools.Tips.UnitTest.Adapter, Version=12.0.0.0, Culture=neutral, PublicKeyToken=b03f5f7f11d50a3a" className="softwrench.sW4.test.Metadata.Entities.ManchesterSlicedEntityMetadataBuilderTest, softwrench.sW4.test, Version=1.0.0.0, Culture=neutral, PublicKeyToken=null" name="TestReverseMapping" />
    </UnitTest>
    <UnitTest name="ModuleAskTest" storage="../softwrench.sw4.test/bin/debug/softwrench.sw4.test.dll" id="5871b9f2-b834-d9f5-e2a7-f39e50608557">
      <Execution id="7f4402d0-3855-40c6-835d-b3aef5e99d39" />
      <TestMethod codeBase="C:/Users/rolim/Documents/GitHub/softwrench/softwrench.sW4.test/bin/Debug/softwrench.sW4.test.DLL" adapterTypeName="Microsoft.VisualStudio.TestTools.TestTypes.Unit.UnitTestAdapter, Microsoft.VisualStudio.QualityTools.Tips.UnitTest.Adapter, Version=12.0.0.0, Culture=neutral, PublicKeyToken=b03f5f7f11d50a3a" className="softwrench.sW4.test.Configuration.Service.ConfigurationServiceTest, softwrench.sW4.test, Version=1.0.0.0, Culture=neutral, PublicKeyToken=null" name="ModuleAskTest" />
    </UnitTest>
    <UnitTest name="TestUpdate" storage="../softwrench.sw4.test/bin/debug/softwrench.sw4.test.dll" id="d668a843-f5f7-eb48-baf2-f9b98ffd5466">
      <Execution id="6c8401d7-45bc-4c86-af00-558a0542f7a5" />
      <TestMethod codeBase="C:/Users/rolim/Documents/GitHub/softwrench/softwrench.sW4.test/bin/Debug/softwrench.sW4.test.DLL" adapterTypeName="Microsoft.VisualStudio.TestTools.TestTypes.Unit.UnitTestAdapter, Microsoft.VisualStudio.QualityTools.Tips.UnitTest.Adapter, Version=12.0.0.0, Culture=neutral, PublicKeyToken=b03f5f7f11d50a3a" className="softwrench.sW4.test.Category.CategoryTreeCacheTest, softwrench.sW4.test, Version=1.0.0.0, Culture=neutral, PublicKeyToken=null" name="TestUpdate" />
    </UnitTest>
    <UnitTest name="TestRelationshipQuery" storage="../softwrench.sw4.test/bin/debug/softwrench.sw4.test.dll" id="a1a523c7-9759-8f77-6ae9-b109b4aaf0b5">
      <Execution id="f4faa532-8d9a-4799-adca-a1c5c07810ef" />
      <TestMethod codeBase="C:/Users/rolim/Documents/GitHub/softwrench/softwrench.sW4.test/bin/Debug/softwrench.sW4.test.DLL" adapterTypeName="Microsoft.VisualStudio.TestTools.TestTypes.Unit.UnitTestAdapter, Microsoft.VisualStudio.QualityTools.Tips.UnitTest.Adapter, Version=12.0.0.0, Culture=neutral, PublicKeyToken=b03f5f7f11d50a3a" className="softwrench.sW4.test.Data.Persistence.Relational.QueryBuilder.Basic.QueryFromBuilderTest, softwrench.sW4.test, Version=1.0.0.0, Culture=neutral, PublicKeyToken=null" name="TestRelationshipQuery" />
    </UnitTest>
    <UnitTest name="TestRemoveUndeclared" storage="../softwrench.sw4.test/bin/debug/softwrench.sw4.test.dll" id="dd5dcc84-7478-0332-5ccd-e44efa1d8b48">
      <Execution id="e7330c85-4fd6-4c92-ad9d-2c7fcf7b40a6" />
      <TestMethod codeBase="C:/Users/rolim/Documents/GitHub/softwrench/softwrench.sW4.test/bin/Debug/softwrench.sW4.test.DLL" adapterTypeName="Microsoft.VisualStudio.TestTools.TestTypes.Unit.UnitTestAdapter, Microsoft.VisualStudio.QualityTools.Tips.UnitTest.Adapter, Version=12.0.0.0, Culture=neutral, PublicKeyToken=b03f5f7f11d50a3a" className="softwrench.sW4.test.Metadata.Applications.Command.ApplicationCommandMergerTest, softwrench.sW4.test, Version=1.0.0.0, Culture=neutral, PublicKeyToken=null" name="TestRemoveUndeclared" />
    </UnitTest>
    <UnitTest name="TestGlobal" storage="../softwrench.sw4.test/bin/debug/softwrench.sw4.test.dll" id="ba295fcb-945a-c550-00ac-183980d3d980">
      <Execution id="0f214bf6-b2b5-483b-96b5-1e96f8636c40" />
      <TestMethod codeBase="C:/Users/rolim/Documents/GitHub/softwrench/softwrench.sW4.test/bin/Debug/softwrench.sW4.test.DLL" adapterTypeName="Microsoft.VisualStudio.TestTools.TestTypes.Unit.UnitTestAdapter, Microsoft.VisualStudio.QualityTools.Tips.UnitTest.Adapter, Version=12.0.0.0, Culture=neutral, PublicKeyToken=b03f5f7f11d50a3a" className="softwrench.sW4.test.Category.CategoryTreeCacheTest, softwrench.sW4.test, Version=1.0.0.0, Culture=neutral, PublicKeyToken=null" name="TestGlobal" />
    </UnitTest>
    <UnitTest name="TestAlreadyFilledValues" storage="../softwrench.sw4.test/bin/debug/softwrench.sw4.test.dll" id="c6c54fdd-371c-b9db-6c48-929480530129">
      <Execution id="ebfaa89b-1084-4eb4-977c-df09462452af" />
      <TestMethod codeBase="C:/Users/rolim/Documents/GitHub/softwrench/softwrench.sW4.test/bin/Debug/softwrench.sW4.test.DLL" adapterTypeName="Microsoft.VisualStudio.TestTools.TestTypes.Unit.UnitTestAdapter, Microsoft.VisualStudio.QualityTools.Tips.UnitTest.Adapter, Version=12.0.0.0, Culture=neutral, PublicKeyToken=b03f5f7f11d50a3a" className="softwrench.sW4.test.Metadata.Entities.TargetConstantHandlerTest, softwrench.sW4.test, Version=1.0.0.0, Culture=neutral, PublicKeyToken=null" name="TestAlreadyFilledValues" />
    </UnitTest>
    <UnitTest name="TestCollection" storage="../softwrench.sw4.test/bin/debug/softwrench.sw4.test.dll" id="c47e7cfc-14d7-9cda-3c43-f788fc8fca98">
      <Execution id="11a9b196-63fa-407d-8162-255e8a96a6de" />
      <TestMethod codeBase="C:/Users/rolim/Documents/GitHub/softwrench/softwrench.sW4.test/bin/Debug/softwrench.sW4.test.DLL" adapterTypeName="Microsoft.VisualStudio.TestTools.TestTypes.Unit.UnitTestAdapter, Microsoft.VisualStudio.QualityTools.Tips.UnitTest.Adapter, Version=12.0.0.0, Culture=neutral, PublicKeyToken=b03f5f7f11d50a3a" className="softwrench.sW4.test.Util.LoggingUtilTest, softwrench.sW4.test, Version=1.0.0.0, Culture=neutral, PublicKeyToken=null" name="TestCollection" />
    </UnitTest>
    <UnitTest name="TestAddCommandRightTo" storage="../softwrench.sw4.test/bin/debug/softwrench.sw4.test.dll" id="84166121-3586-094d-1bef-877281391cec">
      <Execution id="55addc28-4414-4b07-aa03-b988371a6c3f" />
      <TestMethod codeBase="C:/Users/rolim/Documents/GitHub/softwrench/softwrench.sW4.test/bin/Debug/softwrench.sW4.test.DLL" adapterTypeName="Microsoft.VisualStudio.TestTools.TestTypes.Unit.UnitTestAdapter, Microsoft.VisualStudio.QualityTools.Tips.UnitTest.Adapter, Version=12.0.0.0, Culture=neutral, PublicKeyToken=b03f5f7f11d50a3a" className="softwrench.sW4.test.Metadata.Applications.Command.ApplicationCommandMergerTest, softwrench.sW4.test, Version=1.0.0.0, Culture=neutral, PublicKeyToken=null" name="TestAddCommandRightTo" />
    </UnitTest>
    <UnitTest name="TestExpanding" storage="../softwrench.sw4.test/bin/debug/softwrench.sw4.test.dll" id="cf0cd8ff-1cfd-a319-12ba-b6f3da205756">
      <Execution id="c76cdc2b-903a-4b6b-8718-535ce1430905" />
      <TestMethod codeBase="C:/Users/rolim/Documents/GitHub/softwrench/softwrench.sW4.test/bin/Debug/softwrench.sW4.test.DLL" adapterTypeName="Microsoft.VisualStudio.TestTools.TestTypes.Unit.UnitTestAdapter, Microsoft.VisualStudio.QualityTools.Tips.UnitTest.Adapter, Version=12.0.0.0, Culture=neutral, PublicKeyToken=b03f5f7f11d50a3a" className="softwrench.sW4.test.Data.Relationship.CompositionExpanderHelperTest, softwrench.sW4.test, Version=1.0.0.0, Culture=neutral, PublicKeyToken=null" name="TestExpanding" />
    </UnitTest>
    <UnitTest name="TestReplaceCommand" storage="../softwrench.sw4.test/bin/debug/softwrench.sw4.test.dll" id="d4054a2f-5507-4442-5cf3-27b763864e5c">
      <Execution id="4a39a001-614e-46f9-9769-59cc29cf1ace" />
      <TestMethod codeBase="C:/Users/rolim/Documents/GitHub/softwrench/softwrench.sW4.test/bin/Debug/softwrench.sW4.test.DLL" adapterTypeName="Microsoft.VisualStudio.TestTools.TestTypes.Unit.UnitTestAdapter, Microsoft.VisualStudio.QualityTools.Tips.UnitTest.Adapter, Version=12.0.0.0, Culture=neutral, PublicKeyToken=b03f5f7f11d50a3a" className="softwrench.sW4.test.Metadata.Applications.Command.ApplicationCommandMergerTest, softwrench.sW4.test, Version=1.0.0.0, Culture=neutral, PublicKeyToken=null" name="TestReplaceCommand" />
    </UnitTest>
    <UnitTest name="AskForSchemaWithProfile2" storage="../softwrench.sw4.test/bin/debug/softwrench.sw4.test.dll" id="8772b11d-5cd5-13a8-471c-c89ebec994ea">
      <Execution id="e22c97d2-36f6-476d-a410-7a03a6f84826" />
      <TestMethod codeBase="C:/Users/rolim/Documents/GitHub/softwrench/softwrench.sW4.test/bin/Debug/softwrench.sW4.test.DLL" adapterTypeName="Microsoft.VisualStudio.TestTools.TestTypes.Unit.UnitTestAdapter, Microsoft.VisualStudio.QualityTools.Tips.UnitTest.Adapter, Version=12.0.0.0, Culture=neutral, PublicKeyToken=b03f5f7f11d50a3a" className="softwrench.sW4.test.Configuration.Service.ConfigurationServiceTest, softwrench.sW4.test, Version=1.0.0.0, Culture=neutral, PublicKeyToken=null" name="AskForSchemaWithProfile2" />
    </UnitTest>
    <UnitTest name="NotEqEmptySearchDtoTest" storage="../softwrench.sw4.test/bin/debug/softwrench.sw4.test.dll" id="f47aed1c-fb58-5703-cf88-7963108c5062">
      <Execution id="db2f010a-6e0d-4082-ab48-ee4d9ef6119d" />
      <TestMethod codeBase="C:/Users/rolim/Documents/GitHub/softwrench/softwrench.sW4.test/bin/Debug/softwrench.sW4.test.DLL" adapterTypeName="Microsoft.VisualStudio.TestTools.TestTypes.Unit.UnitTestAdapter, Microsoft.VisualStudio.QualityTools.Tips.UnitTest.Adapter, Version=12.0.0.0, Culture=neutral, PublicKeyToken=b03f5f7f11d50a3a" className="softwrench.sW4.test.Data.Search.ApplicationSearchTest, softwrench.sW4.test, Version=1.0.0.0, Culture=neutral, PublicKeyToken=null" name="NotEqEmptySearchDtoTest" />
    </UnitTest>
    <UnitTest name="TestMethod1" storage="../softwrench.sw4.test/bin/debug/softwrench.sw4.test.dll" id="2ebabb6e-1e4f-c138-ba59-840386aaf13c">
      <Execution id="047fdba9-fc42-4c52-bcd6-3a9ce2518a7c" />
      <TestMethod codeBase="C:/Users/rolim/Documents/GitHub/softwrench/softwrench.sW4.test/bin/Debug/softwrench.sW4.test.DLL" adapterTypeName="Microsoft.VisualStudio.TestTools.TestTypes.Unit.UnitTestAdapter, Microsoft.VisualStudio.QualityTools.Tips.UnitTest.Adapter, Version=12.0.0.0, Culture=neutral, PublicKeyToken=b03f5f7f11d50a3a" className="softwrench.sW4.test.Data.Persistence.Relational.QueryBuilder.Basic.QuerySelectBuilderTest, softwrench.sW4.test, Version=1.0.0.0, Culture=neutral, PublicKeyToken=null" name="TestMethod1" />
    </UnitTest>
    <UnitTest name="TestInverseRelationship" storage="../softwrench.sw4.test/bin/debug/softwrench.sw4.test.dll" id="3a5db01a-2ddf-73dd-cf67-c69566563f6f">
      <Execution id="2771bc0f-4e8d-49ca-a6d5-0dee5ce072ab" />
      <TestMethod codeBase="C:/Users/rolim/Documents/GitHub/softwrench/softwrench.sW4.test/bin/Debug/softwrench.sW4.test.DLL" adapterTypeName="Microsoft.VisualStudio.TestTools.TestTypes.Unit.UnitTestAdapter, Microsoft.VisualStudio.QualityTools.Tips.UnitTest.Adapter, Version=12.0.0.0, Culture=neutral, PublicKeyToken=b03f5f7f11d50a3a" className="softwrench.sW4.test.Data.Persistence.Relational.QueryBuilder.Basic.QueryFromBuilderTest, softwrench.sW4.test, Version=1.0.0.0, Culture=neutral, PublicKeyToken=null" name="TestInverseRelationship" />
    </UnitTest>
    <UnitTest name="TestExpandingNoId" storage="../softwrench.sw4.test/bin/debug/softwrench.sw4.test.dll" id="d13125df-1d4a-a431-5428-12c0d4a5ad99">
      <Execution id="d615d213-fce9-4427-9058-1dde5a4f66fa" />
      <TestMethod codeBase="C:/Users/rolim/Documents/GitHub/softwrench/softwrench.sW4.test/bin/Debug/softwrench.sW4.test.DLL" adapterTypeName="Microsoft.VisualStudio.TestTools.TestTypes.Unit.UnitTestAdapter, Microsoft.VisualStudio.QualityTools.Tips.UnitTest.Adapter, Version=12.0.0.0, Culture=neutral, PublicKeyToken=b03f5f7f11d50a3a" className="softwrench.sW4.test.Data.Relationship.CompositionExpanderHelperTest, softwrench.sW4.test, Version=1.0.0.0, Culture=neutral, PublicKeyToken=null" name="TestExpandingNoId" />
    </UnitTest>
  </TestDefinitions>
  <TestLists>
    <TestList name="Results Not in a List" id="8c84fa94-04c1-424b-9868-57a2d4851a1d" />
    <TestList name="All Loaded Results" id="19431567-8539-422a-85d7-44ee4e166bda" />
  </TestLists>
  <TestEntries>
    <TestEntry testId="ba295fcb-945a-c550-00ac-183980d3d980" executionId="0f214bf6-b2b5-483b-96b5-1e96f8636c40" testListId="8c84fa94-04c1-424b-9868-57a2d4851a1d" />
    <TestEntry testId="d668a843-f5f7-eb48-baf2-f9b98ffd5466" executionId="6c8401d7-45bc-4c86-af00-558a0542f7a5" testListId="8c84fa94-04c1-424b-9868-57a2d4851a1d" />
    <TestEntry testId="dbee27cc-8118-7726-07fc-feb202eb3348" executionId="dea1db19-6b90-49db-ae5d-c8ad477feb9f" testListId="8c84fa94-04c1-424b-9868-57a2d4851a1d" />
    <TestEntry testId="e0ebff6d-f10f-7498-cdda-c1bd9e383256" executionId="23996973-64d3-4284-a186-472935b6bdc5" testListId="8c84fa94-04c1-424b-9868-57a2d4851a1d" />
    <TestEntry testId="7c2666c2-422b-e734-1b7f-67ece0ad5d47" executionId="0bcc478d-a0d9-463f-98a2-01bf93507220" testListId="8c84fa94-04c1-424b-9868-57a2d4851a1d" />
    <TestEntry testId="6169f114-6249-3adc-5951-08c68f0c55e7" executionId="3aead1b6-5b98-4d89-be6c-502fb8eb59eb" testListId="8c84fa94-04c1-424b-9868-57a2d4851a1d" />
    <TestEntry testId="8989b33b-1d9d-bc18-8fd0-7ab53f8461aa" executionId="8f04bdea-35e1-4dfd-9f31-82b10d7345f5" testListId="8c84fa94-04c1-424b-9868-57a2d4851a1d" />
    <TestEntry testId="df2ba56c-c6ca-a1cd-d66f-fac28fb4adb2" executionId="bc31ed03-ed1b-4255-9785-897ea705542f" testListId="8c84fa94-04c1-424b-9868-57a2d4851a1d" />
    <TestEntry testId="eae5e7a0-61f9-bb9e-5837-61a982aa884e" executionId="db4cb7f8-f229-4039-af78-c2821a6f6c28" testListId="8c84fa94-04c1-424b-9868-57a2d4851a1d" />
    <TestEntry testId="693df802-d6be-fc5d-2e6a-cc35adf3c28c" executionId="0e5a6e39-5235-4239-9678-1852c3a7ecd1" testListId="8c84fa94-04c1-424b-9868-57a2d4851a1d" />
    <TestEntry testId="7a5cdedc-490e-b120-1c33-25cb05e51a80" executionId="3b5eaba9-fd02-46db-8908-26967429ac5e" testListId="8c84fa94-04c1-424b-9868-57a2d4851a1d" />
    <TestEntry testId="8772b11d-5cd5-13a8-471c-c89ebec994ea" executionId="e22c97d2-36f6-476d-a410-7a03a6f84826" testListId="8c84fa94-04c1-424b-9868-57a2d4851a1d" />
    <TestEntry testId="9cc87e19-8502-dc92-21f2-9e2c9ff97a55" executionId="f5e19925-6517-4617-aec7-e8defb0c5160" testListId="8c84fa94-04c1-424b-9868-57a2d4851a1d" />
    <TestEntry testId="b73bedac-7c7a-56d8-3ab1-6cc9cd6d5b56" executionId="9772b550-501c-4202-ac22-6e7d60e26637" testListId="8c84fa94-04c1-424b-9868-57a2d4851a1d" />
    <TestEntry testId="5871b9f2-b834-d9f5-e2a7-f39e50608557" executionId="7f4402d0-3855-40c6-835d-b3aef5e99d39" testListId="8c84fa94-04c1-424b-9868-57a2d4851a1d" />
    <TestEntry testId="9d11ee99-f131-c210-9c25-1751a393e388" executionId="958845d8-398d-4cca-a2b1-30c482b5e077" testListId="8c84fa94-04c1-424b-9868-57a2d4851a1d" />
    <TestEntry testId="6b36e6d8-292b-c774-7d37-856a0cd8f3f0" executionId="a09d73fe-ef71-4bd6-8b55-4084d08f5113" testListId="8c84fa94-04c1-424b-9868-57a2d4851a1d" />
    <TestEntry testId="cd8c146c-dbc6-0e8a-c3e4-cda875b7d88a" executionId="085d33bc-e328-41b0-9f1e-1ab0fe356d53" testListId="8c84fa94-04c1-424b-9868-57a2d4851a1d" />
    <TestEntry testId="95f1bef3-68e4-1b17-b985-c5bc01c1d500" executionId="d94c5698-1b0c-4fff-82db-6e52b510e1c3" testListId="8c84fa94-04c1-424b-9868-57a2d4851a1d" />
    <TestEntry testId="42e40acf-3810-c590-2c93-aee312a7d3ba" executionId="6a66620a-04bc-4a98-8eee-f3483ba75454" testListId="8c84fa94-04c1-424b-9868-57a2d4851a1d" />
    <TestEntry testId="b4039629-7dd4-fbec-450a-227199cb12b7" executionId="43e1e6e8-79e6-4c42-a47c-1bce84f9651e" testListId="8c84fa94-04c1-424b-9868-57a2d4851a1d" />
    <TestEntry testId="f73a787c-a23b-780e-8e7b-138c77bf9b01" executionId="a9414cc9-0f06-4aff-b624-6e585bb34a92" testListId="8c84fa94-04c1-424b-9868-57a2d4851a1d" />
    <TestEntry testId="54460b47-3039-8cb9-e7af-3a4280f8ce78" executionId="0a6b63b2-fbe6-4334-b7d4-92f4039db1aa" testListId="8c84fa94-04c1-424b-9868-57a2d4851a1d" />
    <TestEntry testId="ac73e394-f3c5-3328-c189-777634c29010" executionId="90c6a9a9-6aa8-41ae-b08d-67c92b926e37" testListId="8c84fa94-04c1-424b-9868-57a2d4851a1d" />
    <TestEntry testId="af8947f1-fb3b-289d-9396-563c859c86d0" executionId="101e3912-37ce-44d3-89c3-c5feb451c3c8" testListId="8c84fa94-04c1-424b-9868-57a2d4851a1d" />
    <TestEntry testId="2aa945b0-8a0c-047c-22ba-89b39080e9b4" executionId="72612377-97f7-4714-a81e-0d5ab37add73" testListId="8c84fa94-04c1-424b-9868-57a2d4851a1d" />
    <TestEntry testId="fcd2d0b5-5fce-84b9-ceb5-2d1e72e52721" executionId="28f7c5ce-981d-44b2-94e8-a749a9806483" testListId="8c84fa94-04c1-424b-9868-57a2d4851a1d" />
    <TestEntry testId="640af98e-ea30-bb3f-f9af-2abd1cdf33b7" executionId="9e4e350e-4669-436f-95aa-2ca014c1eca6" testListId="8c84fa94-04c1-424b-9868-57a2d4851a1d" />
    <TestEntry testId="3a5db01a-2ddf-73dd-cf67-c69566563f6f" executionId="2771bc0f-4e8d-49ca-a6d5-0dee5ce072ab" testListId="8c84fa94-04c1-424b-9868-57a2d4851a1d" />
    <TestEntry testId="0389179e-26b8-6e86-ea59-f0ffa6b7cf03" executionId="131115ad-8087-443e-a7af-ae27a1cba93a" testListId="8c84fa94-04c1-424b-9868-57a2d4851a1d" />
    <TestEntry testId="a1a523c7-9759-8f77-6ae9-b109b4aaf0b5" executionId="f4faa532-8d9a-4799-adca-a1c5c07810ef" testListId="8c84fa94-04c1-424b-9868-57a2d4851a1d" />
    <TestEntry testId="5dcf0036-21e9-84de-c458-a6b89095045d" executionId="44864cac-2440-4f95-8bdd-02c6c20fc32c" testListId="8c84fa94-04c1-424b-9868-57a2d4851a1d" />
    <TestEntry testId="2ebabb6e-1e4f-c138-ba59-840386aaf13c" executionId="047fdba9-fc42-4c52-bcd6-3a9ce2518a7c" testListId="8c84fa94-04c1-424b-9868-57a2d4851a1d" />
    <TestEntry testId="79ce1f70-64ff-be37-7e0d-989ae55ae541" executionId="d2f4f129-67b9-4fa2-bd1e-c210b23ee1ed" testListId="8c84fa94-04c1-424b-9868-57a2d4851a1d" />
    <TestEntry testId="a3f31eec-7b4a-07c8-4e24-061ae3cab06f" executionId="720f2d46-3c22-4d59-9b2f-97cf1a3049ad" testListId="8c84fa94-04c1-424b-9868-57a2d4851a1d" />
    <TestEntry testId="a096724d-407b-870b-181f-95da6417f9c3" executionId="946481dd-4e56-4954-8594-6d0c8eb0ae1a" testListId="8c84fa94-04c1-424b-9868-57a2d4851a1d" />
    <TestEntry testId="d152a551-5397-a869-2a68-6828ef50c3fe" executionId="70bb5ef7-ba28-4a90-80bd-1b11d5edb0f6" testListId="8c84fa94-04c1-424b-9868-57a2d4851a1d" />
    <TestEntry testId="6203c23b-2b32-7bab-0f88-4832a355bd8a" executionId="5663da3c-64f0-47f3-9e43-0ddc4470f79f" testListId="8c84fa94-04c1-424b-9868-57a2d4851a1d" />
    <TestEntry testId="e65bc6e1-59c6-47f3-db18-afd367994c2a" executionId="25a2c23a-78b5-48b9-9ab3-0d91a68aa176" testListId="8c84fa94-04c1-424b-9868-57a2d4851a1d" />
    <TestEntry testId="3149a8f1-6952-39ad-2ebc-3e6a54a0aea3" executionId="eab3edeb-56aa-4a1b-a3fb-983b13c664ee" testListId="8c84fa94-04c1-424b-9868-57a2d4851a1d" />
    <TestEntry testId="03b6a6cb-f3f0-66dd-342c-054ba69b10a6" executionId="2d2b71f6-21b7-43c6-9f8f-47b648c7cb65" testListId="8c84fa94-04c1-424b-9868-57a2d4851a1d" />
    <TestEntry testId="bcafc904-2f6a-a8dc-9875-4674e06860f9" executionId="1e2af761-a934-43a5-b4e9-3f31c6128603" testListId="8c84fa94-04c1-424b-9868-57a2d4851a1d" />
    <TestEntry testId="cf0cd8ff-1cfd-a319-12ba-b6f3da205756" executionId="c76cdc2b-903a-4b6b-8718-535ce1430905" testListId="8c84fa94-04c1-424b-9868-57a2d4851a1d" />
    <TestEntry testId="d13125df-1d4a-a431-5428-12c0d4a5ad99" executionId="d615d213-fce9-4427-9058-1dde5a4f66fa" testListId="8c84fa94-04c1-424b-9868-57a2d4851a1d" />
    <TestEntry testId="98020f3d-3d67-95ba-3ae7-3b514b0bc5dc" executionId="2f5f652a-ef94-47ca-80f1-a5fd59ce6f06" testListId="8c84fa94-04c1-424b-9868-57a2d4851a1d" />
    <TestEntry testId="bd551a90-f138-445a-cc09-66e1047940e2" executionId="564d4d4b-8e47-4e8a-b08f-c5ac5e8a59b6" testListId="8c84fa94-04c1-424b-9868-57a2d4851a1d" />
    <TestEntry testId="058e27e7-a60a-540c-3a8e-4bf7ccdc4123" executionId="95efd38d-b211-40c6-b68b-dd01dc9406d0" testListId="8c84fa94-04c1-424b-9868-57a2d4851a1d" />
    <TestEntry testId="7d3385f6-7b2f-d410-9880-4d1883c8cb0b" executionId="1fd68dff-f990-4a85-8e76-ca566dd5a66b" testListId="8c84fa94-04c1-424b-9868-57a2d4851a1d" />
    <TestEntry testId="0ceedc9a-fafe-a1d2-269b-78553163e453" executionId="cf7c1474-4fae-427e-a844-c67c35d523b4" testListId="8c84fa94-04c1-424b-9868-57a2d4851a1d" />
    <TestEntry testId="f47aed1c-fb58-5703-cf88-7963108c5062" executionId="db2f010a-6e0d-4082-ab48-ee4d9ef6119d" testListId="8c84fa94-04c1-424b-9868-57a2d4851a1d" />
    <TestEntry testId="1ea3a08a-e479-6280-a556-9b2d5a32d24f" executionId="27d05d2f-b55f-48f0-a2ad-d300ab4a8eac" testListId="8c84fa94-04c1-424b-9868-57a2d4851a1d" />
    <TestEntry testId="26ef22f7-16e4-fc2c-0534-9721d0a60367" executionId="ce346c07-871f-4124-aed5-e791ef527c32" testListId="8c84fa94-04c1-424b-9868-57a2d4851a1d" />
    <TestEntry testId="442c99c8-19a0-3c2e-f9ca-d8141de7b70e" executionId="12b7c431-ef20-4af1-bcfc-3cef8dbde1d8" testListId="8c84fa94-04c1-424b-9868-57a2d4851a1d" />
    <TestEntry testId="b519b0dd-c920-4dd8-64fe-8cc0189a57a6" executionId="c472fba6-07da-45d3-9050-fbee97f49309" testListId="8c84fa94-04c1-424b-9868-57a2d4851a1d" />
    <TestEntry testId="47ee8c2f-44b5-76ff-37ac-fdbc6fcd06fc" executionId="816f07df-84a4-4e0b-b601-92bdd1614cd7" testListId="8c84fa94-04c1-424b-9868-57a2d4851a1d" />
    <TestEntry testId="d0527def-4469-3bef-c311-54ce24aea28b" executionId="6bebe673-eaeb-404c-b360-c862dc6d62bd" testListId="8c84fa94-04c1-424b-9868-57a2d4851a1d" />
    <TestEntry testId="3e847722-9b65-4102-ba58-bf1fe444bed0" executionId="1f754ef8-c47e-4d15-aa98-660a698e59cf" testListId="8c84fa94-04c1-424b-9868-57a2d4851a1d" />
    <TestEntry testId="9f8da57b-4ad8-fa25-5e9a-a17945c7e8e1" executionId="a933d382-4085-41c8-a11e-f8f45d1fa5d9" testListId="8c84fa94-04c1-424b-9868-57a2d4851a1d" />
    <TestEntry testId="ecf50f5d-1505-8b7d-5392-a60e99531be0" executionId="37ad4eec-27db-406a-8d3a-fad31d5af661" testListId="8c84fa94-04c1-424b-9868-57a2d4851a1d" />
    <TestEntry testId="84166121-3586-094d-1bef-877281391cec" executionId="55addc28-4414-4b07-aa03-b988371a6c3f" testListId="8c84fa94-04c1-424b-9868-57a2d4851a1d" />
    <TestEntry testId="2017f71d-b182-81b2-01a7-1b4e3bdce128" executionId="9d6f69bb-37d5-4296-be6e-1355add316f8" testListId="8c84fa94-04c1-424b-9868-57a2d4851a1d" />
    <TestEntry testId="1c66d0fe-c7f9-a3e4-73f5-425d13fa0154" executionId="f5f4bb94-a18c-403c-b107-89d00da34269" testListId="8c84fa94-04c1-424b-9868-57a2d4851a1d" />
    <TestEntry testId="1ab2007e-bf91-4ee1-e89b-ed7aabf86985" executionId="b15c1537-3a49-4793-a9b0-36a44718506a" testListId="8c84fa94-04c1-424b-9868-57a2d4851a1d" />
    <TestEntry testId="dd5dcc84-7478-0332-5ccd-e44efa1d8b48" executionId="e7330c85-4fd6-4c92-ad9d-2c7fcf7b40a6" testListId="8c84fa94-04c1-424b-9868-57a2d4851a1d" />
    <TestEntry testId="d4054a2f-5507-4442-5cf3-27b763864e5c" executionId="4a39a001-614e-46f9-9769-59cc29cf1ace" testListId="8c84fa94-04c1-424b-9868-57a2d4851a1d" />
    <TestEntry testId="4685f03c-8b62-fde2-b4be-9edd60faaed3" executionId="1e572aa9-880a-4bc9-8b18-a5e57516a2c0" testListId="8c84fa94-04c1-424b-9868-57a2d4851a1d" />
    <TestEntry testId="c6eb0ddd-105b-065b-1c32-96233b44078e" executionId="81f52623-0f07-4420-90e6-6f28e9d5b63e" testListId="8c84fa94-04c1-424b-9868-57a2d4851a1d" />
    <TestEntry testId="79cd2259-0782-0434-e74d-14e7891a5b76" executionId="31363dac-9b0e-45cd-8749-deea738949f3" testListId="8c84fa94-04c1-424b-9868-57a2d4851a1d" />
    <TestEntry testId="4aa1307b-627a-98dd-6f20-5dee6d1130a6" executionId="5f26a5e0-4422-42f3-b9a1-71543da2c214" testListId="8c84fa94-04c1-424b-9868-57a2d4851a1d" />
    <TestEntry testId="f503ea6d-bf59-1f9d-dc11-8ebdf7ed7e77" executionId="e59146b4-ed6e-44fb-b62a-a27127d2cd0c" testListId="8c84fa94-04c1-424b-9868-57a2d4851a1d" />
    <TestEntry testId="7d148788-1a23-81e0-62aa-d6d167b7210c" executionId="63a897af-d1e2-4306-9647-2243e0cb2441" testListId="8c84fa94-04c1-424b-9868-57a2d4851a1d" />
    <TestEntry testId="a0d3a6cd-a27f-c06d-ff98-bbb9fd660690" executionId="ecbdb675-1fde-4424-b8a8-859a832eb18f" testListId="8c84fa94-04c1-424b-9868-57a2d4851a1d" />
    <TestEntry testId="2a635ad6-76f8-6bb6-866e-2217b1072759" executionId="516e4549-5c98-4758-8bdf-32e4a3d12ee6" testListId="8c84fa94-04c1-424b-9868-57a2d4851a1d" />
    <TestEntry testId="9fbe5469-6512-aa7d-2fdc-c8be71dac349" executionId="32b35c27-854b-4719-92b2-b45acf29218b" testListId="8c84fa94-04c1-424b-9868-57a2d4851a1d" />
    <TestEntry testId="f5728043-1b0e-9f39-2376-5e1d076ce8ca" executionId="384262b5-22b7-4ddc-a0da-fd1b25e2fe68" testListId="8c84fa94-04c1-424b-9868-57a2d4851a1d" />
    <TestEntry testId="1cf08750-3251-452c-d9a1-5405821fb54e" executionId="373d70c2-e89e-40fe-ba46-b89435b9d8f5" testListId="8c84fa94-04c1-424b-9868-57a2d4851a1d" />
    <TestEntry testId="b7d86fdc-6fee-84a5-58aa-f9b91c364c85" executionId="d43a46fb-bd9f-433e-b93c-a3893c360ed5" testListId="8c84fa94-04c1-424b-9868-57a2d4851a1d" />
    <TestEntry testId="8f371522-4d77-e027-7af9-fe472fbacd2e" executionId="f6079f76-1580-4e74-b21a-8e5b6d8530e7" testListId="8c84fa94-04c1-424b-9868-57a2d4851a1d" />
    <TestEntry testId="45a2a7e9-9d20-b839-b088-74727e5e6fae" executionId="9d309a0f-6651-4e46-b4c1-5ea260ed7725" testListId="8c84fa94-04c1-424b-9868-57a2d4851a1d" />
    <TestEntry testId="167ef33e-6f10-7229-4011-145d2ccab00c" executionId="97e34cef-b491-4b26-b716-2415e9568993" testListId="8c84fa94-04c1-424b-9868-57a2d4851a1d" />
    <TestEntry testId="c35a2521-fc31-8d4f-0f0c-02189f608d96" executionId="a010313f-a182-43d8-ba5d-2b65f745b40d" testListId="8c84fa94-04c1-424b-9868-57a2d4851a1d" />
    <TestEntry testId="0eab8dc7-d3da-ddab-b9b9-e929032208a5" executionId="95292292-39c6-4eb7-85a0-3098a0de6e6b" testListId="8c84fa94-04c1-424b-9868-57a2d4851a1d" />
    <TestEntry testId="619856f5-fbf3-c422-976f-5fa6bbf0cc3c" executionId="79ad2352-7398-4562-884c-a474affa09db" testListId="8c84fa94-04c1-424b-9868-57a2d4851a1d" />
    <TestEntry testId="2297944c-225c-b4e7-edc7-7eadeddb77e1" executionId="ea7c5eed-6fbb-4e6c-8ceb-103d6982a878" testListId="8c84fa94-04c1-424b-9868-57a2d4851a1d" />
    <TestEntry testId="4375b126-b98f-0752-6b6b-302df4d378f5" executionId="cec2b85f-e1e0-47c1-985e-8ba7e3fe002d" testListId="8c84fa94-04c1-424b-9868-57a2d4851a1d" />
    <TestEntry testId="634d16c0-8174-af93-abfb-30f2c13468e7" executionId="4477b2dc-b3f3-4097-aee4-ccc3c1452fde" testListId="8c84fa94-04c1-424b-9868-57a2d4851a1d" />
    <TestEntry testId="d1c9e1a2-c791-6f91-f773-49741e5ecfdc" executionId="092959fe-49b6-4222-bc12-d575db483966" testListId="8c84fa94-04c1-424b-9868-57a2d4851a1d" />
    <TestEntry testId="2ab63181-cbc7-c789-2f93-81c5121479ff" executionId="cd9cb636-2cb9-4b30-89fa-40dd0ad6243e" testListId="8c84fa94-04c1-424b-9868-57a2d4851a1d" />
    <TestEntry testId="c6c54fdd-371c-b9db-6c48-929480530129" executionId="ebfaa89b-1084-4eb4-977c-df09462452af" testListId="8c84fa94-04c1-424b-9868-57a2d4851a1d" />
    <TestEntry testId="5056a224-4cae-e816-70f1-bf880c8ec319" executionId="953fee1a-2bee-41b6-b80b-3a6ee2a74c3a" testListId="8c84fa94-04c1-424b-9868-57a2d4851a1d" />
    <TestEntry testId="db5a8b8d-463f-1e29-75d3-7c22f150f79f" executionId="90b79e45-cbc3-441b-bac2-7753426cd236" testListId="8c84fa94-04c1-424b-9868-57a2d4851a1d" />
    <TestEntry testId="f07df37d-90e4-087a-a292-d0b5f1ea8755" executionId="677f04c3-3120-41e5-9555-e4c563940b3f" testListId="8c84fa94-04c1-424b-9868-57a2d4851a1d" />
    <TestEntry testId="b34b1695-ae71-155d-66cf-eeeb475a677b" executionId="c937c722-19d5-4d1b-a5c0-ea13a69dc3ae" testListId="8c84fa94-04c1-424b-9868-57a2d4851a1d" />
    <TestEntry testId="9da10d2c-99b7-4eb2-a14a-fee15fd6b52a" executionId="775108c9-4c7e-41b5-a05f-3054cff01b55" testListId="8c84fa94-04c1-424b-9868-57a2d4851a1d" />
    <TestEntry testId="27b5564a-4b1c-bc34-cdda-f84fa9a7751e" executionId="1f38f625-ad5e-4b04-9f2d-ea925ec5c7d2" testListId="8c84fa94-04c1-424b-9868-57a2d4851a1d" />
    <TestEntry testId="6967fa50-19a3-b358-2875-068a48bc7d11" executionId="c36c5720-07af-4b20-9496-78bf527b51c4" testListId="8c84fa94-04c1-424b-9868-57a2d4851a1d" />
    <TestEntry testId="dba5467f-1e97-4998-fba3-b71343cfde2f" executionId="e801c911-8559-43de-aa20-76b883d3c95e" testListId="8c84fa94-04c1-424b-9868-57a2d4851a1d" />
    <TestEntry testId="9177643c-7d01-dccf-b4c7-e2e78cd26785" executionId="39d12fb1-0eec-415e-b875-f776b0faae5b" testListId="8c84fa94-04c1-424b-9868-57a2d4851a1d" />
    <TestEntry testId="2ccc5849-fe9d-ffc5-c877-9e28427a4330" executionId="5f356b07-ca29-4a1d-a274-c39674dc478a" testListId="8c84fa94-04c1-424b-9868-57a2d4851a1d" />
    <TestEntry testId="ab5ef0c4-4676-92ba-5b5c-b3edc2f8e558" executionId="4fb78b06-ab6a-4e16-9404-be32f44c3041" testListId="8c84fa94-04c1-424b-9868-57a2d4851a1d" />
    <TestEntry testId="50e6540e-2a88-ed1c-1a43-14f2c488cd81" executionId="bbddc26c-422d-41c5-b84b-954547b3071c" testListId="8c84fa94-04c1-424b-9868-57a2d4851a1d" />
    <TestEntry testId="db90e7b4-7edb-e986-5eaa-4312b542d56a" executionId="60300e02-8710-4d94-a28d-aac3ab56c918" testListId="8c84fa94-04c1-424b-9868-57a2d4851a1d" />
    <TestEntry testId="ac59350e-b94c-3929-6c72-637148e3a7a0" executionId="3d87ad60-3644-4c14-aa61-81a3ccc4de0b" testListId="8c84fa94-04c1-424b-9868-57a2d4851a1d" />
    <TestEntry testId="0af06012-3841-913f-698b-cbdd9adfe552" executionId="2566ab69-614d-4c36-ab7f-656bdb470937" testListId="8c84fa94-04c1-424b-9868-57a2d4851a1d" />
    <TestEntry testId="0570c3a1-164a-8720-ab47-d3feb9cadb85" executionId="d190c2ea-b735-433b-bbb5-b98e22ae4c0a" testListId="8c84fa94-04c1-424b-9868-57a2d4851a1d" />
    <TestEntry testId="63252ef7-222a-c0ee-6c32-93c3bf0f63f9" executionId="8b0de845-7a61-4ef8-87ea-796e16f323a4" testListId="8c84fa94-04c1-424b-9868-57a2d4851a1d" />
    <TestEntry testId="da13500b-fd77-6dbc-e99f-be00c510ca6a" executionId="2b2d0d11-d674-426f-9e85-6769c1bc05df" testListId="8c84fa94-04c1-424b-9868-57a2d4851a1d" />
    <TestEntry testId="16f7b9df-3e74-1b0e-bd2f-0aae808f916b" executionId="1d8553c4-1f87-4043-9124-c41bcc11f78b" testListId="8c84fa94-04c1-424b-9868-57a2d4851a1d" />
    <TestEntry testId="c47e7cfc-14d7-9cda-3c43-f788fc8fca98" executionId="11a9b196-63fa-407d-8162-255e8a96a6de" testListId="8c84fa94-04c1-424b-9868-57a2d4851a1d" />
    <TestEntry testId="219d335f-0870-4220-8e61-3f41d8c43f86" executionId="7ce208de-b14b-4d05-ba21-c890975366eb" testListId="8c84fa94-04c1-424b-9868-57a2d4851a1d" />
    <TestEntry testId="4988fb77-d19b-a1c4-7211-49326cebe459" executionId="fd2e77f3-21a3-4843-8308-ca76412b9b2a" testListId="8c84fa94-04c1-424b-9868-57a2d4851a1d" />
  </TestEntries>
  <Results>
    <UnitTestResult executionId="0f214bf6-b2b5-483b-96b5-1e96f8636c40" testId="ba295fcb-945a-c550-00ac-183980d3d980" testName="TestGlobal" computerName="ROLIM-PC" duration="00:00:00.4954543" startTime="2015-02-02T13:59:17.4253630-02:00" endTime="2015-02-02T13:59:18.1414039-02:00" testType="13cdc9d9-ddb5-4fa4-a97d-d965ccfc6d4b" outcome="Passed" testListId="8c84fa94-04c1-424b-9868-57a2d4851a1d" relativeResultsDirectory="0f214bf6-b2b5-483b-96b5-1e96f8636c40">
    </UnitTestResult>
    <UnitTestResult executionId="6c8401d7-45bc-4c86-af00-558a0542f7a5" testId="d668a843-f5f7-eb48-baf2-f9b98ffd5466" testName="TestUpdate" computerName="ROLIM-PC" duration="00:00:00.0019943" startTime="2015-02-02T13:59:18.1434040-02:00" endTime="2015-02-02T13:59:18.1484043-02:00" testType="13cdc9d9-ddb5-4fa4-a97d-d965ccfc6d4b" outcome="Passed" testListId="8c84fa94-04c1-424b-9868-57a2d4851a1d" relativeResultsDirectory="6c8401d7-45bc-4c86-af00-558a0542f7a5">
    </UnitTestResult>
    <UnitTestResult executionId="dea1db19-6b90-49db-ae5d-c8ad477feb9f" testId="dbee27cc-8118-7726-07fc-feb202eb3348" testName="PropertyKey" computerName="ROLIM-PC" duration="00:00:00.0004379" startTime="2015-02-02T13:59:18.1494044-02:00" endTime="2015-02-02T13:59:18.1524046-02:00" testType="13cdc9d9-ddb5-4fa4-a97d-d965ccfc6d4b" outcome="Passed" testListId="8c84fa94-04c1-424b-9868-57a2d4851a1d" relativeResultsDirectory="dea1db19-6b90-49db-ae5d-c8ad477feb9f">
    </UnitTestResult>
    <UnitTestResult executionId="23996973-64d3-4284-a186-472935b6bdc5" testId="e0ebff6d-f10f-7498-cdda-c1bd9e383256" testName="Simple" computerName="ROLIM-PC" duration="00:00:00.0046609" startTime="2015-02-02T13:59:18.1524046-02:00" endTime="2015-02-02T13:59:18.1584049-02:00" testType="13cdc9d9-ddb5-4fa4-a97d-d965ccfc6d4b" outcome="Passed" testListId="8c84fa94-04c1-424b-9868-57a2d4851a1d" relativeResultsDirectory="23996973-64d3-4284-a186-472935b6bdc5">
    </UnitTestResult>
    <UnitTestResult executionId="0bcc478d-a0d9-463f-98a2-01bf93507220" testId="7c2666c2-422b-e734-1b7f-67ece0ad5d47" testName="ThreeLevels" computerName="ROLIM-PC" duration="00:00:00.0021277" startTime="2015-02-02T13:59:18.1604050-02:00" endTime="2015-02-02T13:59:18.1654053-02:00" testType="13cdc9d9-ddb5-4fa4-a97d-d965ccfc6d4b" outcome="Passed" testListId="8c84fa94-04c1-424b-9868-57a2d4851a1d" relativeResultsDirectory="0bcc478d-a0d9-463f-98a2-01bf93507220">
    </UnitTestResult>
    <UnitTestResult executionId="3aead1b6-5b98-4d89-be6c-502fb8eb59eb" testId="6169f114-6249-3adc-5951-08c68f0c55e7" testName="TwoLevels" computerName="ROLIM-PC" duration="00:00:00.0012837" startTime="2015-02-02T13:59:18.1674054-02:00" endTime="2015-02-02T13:59:18.1714056-02:00" testType="13cdc9d9-ddb5-4fa4-a97d-d965ccfc6d4b" outcome="Passed" testListId="8c84fa94-04c1-424b-9868-57a2d4851a1d" relativeResultsDirectory="3aead1b6-5b98-4d89-be6c-502fb8eb59eb">
    </UnitTestResult>
    <UnitTestResult executionId="8f04bdea-35e1-4dfd-9f31-82b10d7345f5" testId="8989b33b-1d9d-bc18-8fd0-7ab53f8461aa" testName="_2ConditionsOneWithModuleAnotherWithout_returnDefault" computerName="ROLIM-PC" duration="00:00:00.0654771" startTime="2015-02-02T13:59:18.1744058-02:00" endTime="2015-02-02T13:59:18.2424097-02:00" testType="13cdc9d9-ddb5-4fa4-a97d-d965ccfc6d4b" outcome="Passed" testListId="8c84fa94-04c1-424b-9868-57a2d4851a1d" relativeResultsDirectory="8f04bdea-35e1-4dfd-9f31-82b10d7345f5">
    </UnitTestResult>
    <UnitTestResult executionId="bc31ed03-ed1b-4255-9785-897ea705542f" testId="df2ba56c-c6ca-a1cd-d66f-fac28fb4adb2" testName="AskAndDoNotFind" computerName="ROLIM-PC" duration="00:00:00.0005385" startTime="2015-02-02T13:59:18.2434098-02:00" endTime="2015-02-02T13:59:18.2454099-02:00" testType="13cdc9d9-ddb5-4fa4-a97d-d965ccfc6d4b" outcome="Passed" testListId="8c84fa94-04c1-424b-9868-57a2d4851a1d" relativeResultsDirectory="bc31ed03-ed1b-4255-9785-897ea705542f">
    </UnitTestResult>
    <UnitTestResult executionId="db4cb7f8-f229-4039-af78-c2821a6f6c28" testId="eae5e7a0-61f9-bb9e-5837-61a982aa884e" testName="AskForModule_DoNotConsiderDefault" computerName="ROLIM-PC" duration="00:00:00.0008304" startTime="2015-02-02T13:59:18.2464099-02:00" endTime="2015-02-02T13:59:18.2494101-02:00" testType="13cdc9d9-ddb5-4fa4-a97d-d965ccfc6d4b" outcome="Passed" testListId="8c84fa94-04c1-424b-9868-57a2d4851a1d" relativeResultsDirectory="db4cb7f8-f229-4039-af78-c2821a6f6c28">
    </UnitTestResult>
    <UnitTestResult executionId="0e5a6e39-5235-4239-9678-1852c3a7ecd1" testId="693df802-d6be-fc5d-2e6a-cc35adf3c28c" testName="AskForSchemaDoNotFind" computerName="ROLIM-PC" duration="00:00:00.0031722" startTime="2015-02-02T13:59:18.2504102-02:00" endTime="2015-02-02T13:59:18.2554105-02:00" testType="13cdc9d9-ddb5-4fa4-a97d-d965ccfc6d4b" outcome="Passed" testListId="8c84fa94-04c1-424b-9868-57a2d4851a1d" relativeResultsDirectory="0e5a6e39-5235-4239-9678-1852c3a7ecd1">
    </UnitTestResult>
    <UnitTestResult executionId="3b5eaba9-fd02-46db-8908-26967429ac5e" testId="7a5cdedc-490e-b120-1c33-25cb05e51a80" testName="AskForSchemaWithProfile" computerName="ROLIM-PC" duration="00:00:00.0044849" startTime="2015-02-02T13:59:18.2564105-02:00" endTime="2015-02-02T13:59:18.2634109-02:00" testType="13cdc9d9-ddb5-4fa4-a97d-d965ccfc6d4b" outcome="Passed" testListId="8c84fa94-04c1-424b-9868-57a2d4851a1d" relativeResultsDirectory="3b5eaba9-fd02-46db-8908-26967429ac5e">
    </UnitTestResult>
    <UnitTestResult executionId="e22c97d2-36f6-476d-a410-7a03a6f84826" testId="8772b11d-5cd5-13a8-471c-c89ebec994ea" testName="AskForSchemaWithProfile2" computerName="ROLIM-PC" duration="00:00:00.0008904" startTime="2015-02-02T13:59:18.2634109-02:00" endTime="2015-02-02T13:59:18.2664111-02:00" testType="13cdc9d9-ddb5-4fa4-a97d-d965ccfc6d4b" outcome="Passed" testListId="8c84fa94-04c1-424b-9868-57a2d4851a1d" relativeResultsDirectory="e22c97d2-36f6-476d-a410-7a03a6f84826">
    </UnitTestResult>
    <UnitTestResult executionId="f5e19925-6517-4617-aec7-e8defb0c5160" testId="9cc87e19-8502-dc92-21f2-9e2c9ff97a55" testName="MetadataAskTest" computerName="ROLIM-PC" duration="00:00:00.0009303" startTime="2015-02-02T13:59:18.2674111-02:00" endTime="2015-02-02T13:59:18.2704113-02:00" testType="13cdc9d9-ddb5-4fa4-a97d-d965ccfc6d4b" outcome="Passed" testListId="8c84fa94-04c1-424b-9868-57a2d4851a1d" relativeResultsDirectory="f5e19925-6517-4617-aec7-e8defb0c5160">
    </UnitTestResult>
    <UnitTestResult executionId="9772b550-501c-4202-ac22-6e7d60e26637" testId="b73bedac-7c7a-56d8-3ab1-6cc9cd6d5b56" testName="MetadataAskTest2" computerName="ROLIM-PC" duration="00:00:00.0007329" startTime="2015-02-02T13:59:18.2714114-02:00" endTime="2015-02-02T13:59:18.2744115-02:00" testType="13cdc9d9-ddb5-4fa4-a97d-d965ccfc6d4b" outcome="Passed" testListId="8c84fa94-04c1-424b-9868-57a2d4851a1d" relativeResultsDirectory="9772b550-501c-4202-ac22-6e7d60e26637">
    </UnitTestResult>
    <UnitTestResult executionId="7f4402d0-3855-40c6-835d-b3aef5e99d39" testId="5871b9f2-b834-d9f5-e2a7-f39e50608557" testName="ModuleAskTest" computerName="ROLIM-PC" duration="00:00:00.0010371" startTime="2015-02-02T13:59:18.2764117-02:00" endTime="2015-02-02T13:59:18.2794118-02:00" testType="13cdc9d9-ddb5-4fa4-a97d-d965ccfc6d4b" outcome="Passed" testListId="8c84fa94-04c1-424b-9868-57a2d4851a1d" relativeResultsDirectory="7f4402d0-3855-40c6-835d-b3aef5e99d39">
    </UnitTestResult>
    <UnitTestResult executionId="958845d8-398d-4cca-a2b1-30c482b5e077" testId="9d11ee99-f131-c210-9c25-1751a393e388" testName="ModuleAskTest2" computerName="ROLIM-PC" duration="00:00:00.0005871" startTime="2015-02-02T13:59:18.2804119-02:00" endTime="2015-02-02T13:59:18.2834121-02:00" testType="13cdc9d9-ddb5-4fa4-a97d-d965ccfc6d4b" outcome="Passed" testListId="8c84fa94-04c1-424b-9868-57a2d4851a1d" relativeResultsDirectory="958845d8-398d-4cca-a2b1-30c482b5e077">
    </UnitTestResult>
    <UnitTestResult executionId="a09d73fe-ef71-4bd6-8b55-4084d08f5113" testId="6b36e6d8-292b-c774-7d37-856a0cd8f3f0" testName="ModuleAskTestCombination" computerName="ROLIM-PC" duration="00:00:00.0014389" startTime="2015-02-02T13:59:18.2834121-02:00" endTime="2015-02-02T13:59:18.2864122-02:00" testType="13cdc9d9-ddb5-4fa4-a97d-d965ccfc6d4b" outcome="Passed" testListId="8c84fa94-04c1-424b-9868-57a2d4851a1d" relativeResultsDirectory="a09d73fe-ef71-4bd6-8b55-4084d08f5113">
    </UnitTestResult>
    <UnitTestResult executionId="085d33bc-e328-41b0-9f1e-1ab0fe356d53" testId="cd8c146c-dbc6-0e8a-c3e4-cda875b7d88a" testName="SR_HAPAG_CONDITION" computerName="ROLIM-PC" duration="00:00:00.0015319" startTime="2015-02-02T13:59:18.2894124-02:00" endTime="2015-02-02T13:59:18.2944127-02:00" testType="13cdc9d9-ddb5-4fa4-a97d-d965ccfc6d4b" outcome="Passed" testListId="8c84fa94-04c1-424b-9868-57a2d4851a1d" relativeResultsDirectory="085d33bc-e328-41b0-9f1e-1ab0fe356d53">
    </UnitTestResult>
    <UnitTestResult executionId="d94c5698-1b0c-4fff-82db-6e52b510e1c3" testId="95f1bef3-68e4-1b17-b985-c5bc01c1d500" testName="TestCreation" computerName="ROLIM-PC" duration="00:00:00.1132128" startTime="2015-02-02T13:59:18.2954127-02:00" endTime="2015-02-02T13:59:18.6824349-02:00" testType="13cdc9d9-ddb5-4fa4-a97d-d965ccfc6d4b" outcome="Passed" testListId="8c84fa94-04c1-424b-9868-57a2d4851a1d" relativeResultsDirectory="d94c5698-1b0c-4fff-82db-6e52b510e1c3">
    </UnitTestResult>
    <UnitTestResult executionId="6a66620a-04bc-4a98-8eee-f3483ba75454" testId="42e40acf-3810-c590-2c93-aee312a7d3ba" testName="TestCreationNewWorkLog" computerName="ROLIM-PC" duration="00:00:00.0017305" startTime="2015-02-02T13:59:18.6834349-02:00" endTime="2015-02-02T13:59:18.6864351-02:00" testType="13cdc9d9-ddb5-4fa4-a97d-d965ccfc6d4b" outcome="Passed" testListId="8c84fa94-04c1-424b-9868-57a2d4851a1d" relativeResultsDirectory="6a66620a-04bc-4a98-8eee-f3483ba75454">
    </UnitTestResult>
    <UnitTestResult executionId="43e1e6e8-79e6-4c42-a47c-1bce84f9651e" testId="b4039629-7dd4-fbec-450a-227199cb12b7" testName="TestUpdate" computerName="ROLIM-PC" duration="00:00:00.0022192" startTime="2015-02-02T13:59:18.6874352-02:00" endTime="2015-02-02T13:59:18.7004359-02:00" testType="13cdc9d9-ddb5-4fa4-a97d-d965ccfc6d4b" outcome="Passed" testListId="8c84fa94-04c1-424b-9868-57a2d4851a1d" relativeResultsDirectory="43e1e6e8-79e6-4c42-a47c-1bce84f9651e">
    </UnitTestResult>
    <UnitTestResult executionId="a9414cc9-0f06-4aff-b624-6e585bb34a92" testId="f73a787c-a23b-780e-8e7b-138c77bf9b01" testName="TestAddWorkLogToIncident" computerName="ROLIM-PC" duration="00:00:00.0277225" startTime="2015-02-02T13:59:18.7024360-02:00" endTime="2015-02-02T13:59:18.7314377-02:00" testType="13cdc9d9-ddb5-4fa4-a97d-d965ccfc6d4b" outcome="Passed" testListId="8c84fa94-04c1-424b-9868-57a2d4851a1d" relativeResultsDirectory="a9414cc9-0f06-4aff-b624-6e585bb34a92">
    </UnitTestResult>
    <UnitTestResult executionId="0a6b63b2-fbe6-4334-b7d4-92f4039db1aa" testId="54460b47-3039-8cb9-e7af-3a4280f8ce78" testName="TestAddWorkLogToIncident" computerName="ROLIM-PC" duration="00:00:00.1096524" startTime="2015-02-02T13:59:18.7324377-02:00" endTime="2015-02-02T13:59:18.8434441-02:00" testType="13cdc9d9-ddb5-4fa4-a97d-d965ccfc6d4b" outcome="Passed" testListId="8c84fa94-04c1-424b-9868-57a2d4851a1d" relativeResultsDirectory="0a6b63b2-fbe6-4334-b7d4-92f4039db1aa">
    </UnitTestResult>
    <UnitTestResult executionId="90c6a9a9-6aa8-41ae-b08d-67c92b926e37" testId="ac73e394-f3c5-3328-c189-777634c29010" testName="TestNestedGetAttribute" computerName="ROLIM-PC" duration="00:00:00.0842945" startTime="2015-02-02T13:59:18.8444441-02:00" endTime="2015-02-02T13:59:18.9304491-02:00" testType="13cdc9d9-ddb5-4fa4-a97d-d965ccfc6d4b" outcome="Passed" testListId="8c84fa94-04c1-424b-9868-57a2d4851a1d" relativeResultsDirectory="90c6a9a9-6aa8-41ae-b08d-67c92b926e37">
    </UnitTestResult>
    <UnitTestResult executionId="101e3912-37ce-44d3-89c3-c5feb451c3c8" testId="af8947f1-fb3b-289d-9396-563c859c86d0" testName="Simple" computerName="ROLIM-PC" duration="00:00:00.0073484" startTime="2015-02-02T13:59:18.9314491-02:00" endTime="2015-02-02T13:59:18.9404496-02:00" testType="13cdc9d9-ddb5-4fa4-a97d-d965ccfc6d4b" outcome="Passed" testListId="8c84fa94-04c1-424b-9868-57a2d4851a1d" relativeResultsDirectory="101e3912-37ce-44d3-89c3-c5feb451c3c8">
    </UnitTestResult>
    <UnitTestResult executionId="72612377-97f7-4714-a81e-0d5ab37add73" testId="2aa945b0-8a0c-047c-22ba-89b39080e9b4" testName="SiteId" computerName="ROLIM-PC" duration="00:00:00.0008717" startTime="2015-02-02T13:59:18.9414497-02:00" endTime="2015-02-02T13:59:18.9434498-02:00" testType="13cdc9d9-ddb5-4fa4-a97d-d965ccfc6d4b" outcome="Passed" testListId="8c84fa94-04c1-424b-9868-57a2d4851a1d" relativeResultsDirectory="72612377-97f7-4714-a81e-0d5ab37add73">
    </UnitTestResult>
    <UnitTestResult executionId="28f7c5ce-981d-44b2-94e8-a749a9806483" testId="fcd2d0b5-5fce-84b9-ceb5-2d1e72e52721" testName="TestUserGenericProperties" computerName="ROLIM-PC" duration="00:00:00.0007688" startTime="2015-02-02T13:59:18.9454499-02:00" endTime="2015-02-02T13:59:18.9484501-02:00" testType="13cdc9d9-ddb5-4fa4-a97d-d965ccfc6d4b" outcome="Passed" testListId="8c84fa94-04c1-424b-9868-57a2d4851a1d" relativeResultsDirectory="28f7c5ce-981d-44b2-94e8-a749a9806483">
    </UnitTestResult>
    <UnitTestResult executionId="9e4e350e-4669-436f-95aa-2ca014c1eca6" testId="640af98e-ea30-bb3f-f9af-2abd1cdf33b7" testName="IncidentHardwareReport" computerName="ROLIM-PC" duration="00:00:00.0091456" startTime="2015-02-02T13:59:18.9494501-02:00" endTime="2015-02-02T13:59:19.0174540-02:00" testType="13cdc9d9-ddb5-4fa4-a97d-d965ccfc6d4b" outcome="Passed" testListId="8c84fa94-04c1-424b-9868-57a2d4851a1d" relativeResultsDirectory="9e4e350e-4669-436f-95aa-2ca014c1eca6">
    </UnitTestResult>
    <UnitTestResult executionId="2771bc0f-4e8d-49ca-a6d5-0dee5ce072ab" testId="3a5db01a-2ddf-73dd-cf67-c69566563f6f" testName="TestInverseRelationship" computerName="ROLIM-PC" duration="00:00:00.0010836" startTime="2015-02-02T13:59:19.0174540-02:00" endTime="2015-02-02T13:59:19.0204542-02:00" testType="13cdc9d9-ddb5-4fa4-a97d-d965ccfc6d4b" outcome="Passed" testListId="8c84fa94-04c1-424b-9868-57a2d4851a1d" relativeResultsDirectory="2771bc0f-4e8d-49ca-a6d5-0dee5ce072ab">
    </UnitTestResult>
    <UnitTestResult executionId="131115ad-8087-443e-a7af-ae27a1cba93a" testId="0389179e-26b8-6e86-ea59-f0ffa6b7cf03" testName="TestMethod1" computerName="ROLIM-PC" duration="00:00:00.0010622" startTime="2015-02-02T13:59:19.0224543-02:00" endTime="2015-02-02T13:59:19.0254545-02:00" testType="13cdc9d9-ddb5-4fa4-a97d-d965ccfc6d4b" outcome="Passed" testListId="8c84fa94-04c1-424b-9868-57a2d4851a1d" relativeResultsDirectory="131115ad-8087-443e-a7af-ae27a1cba93a">
    </UnitTestResult>
    <UnitTestResult executionId="f4faa532-8d9a-4799-adca-a1c5c07810ef" testId="a1a523c7-9759-8f77-6ae9-b109b4aaf0b5" testName="TestRelationshipQuery" computerName="ROLIM-PC" duration="00:00:00.0045115" startTime="2015-02-02T13:59:19.0274546-02:00" endTime="2015-02-02T13:59:19.0344550-02:00" testType="13cdc9d9-ddb5-4fa4-a97d-d965ccfc6d4b" outcome="Passed" testListId="8c84fa94-04c1-424b-9868-57a2d4851a1d" relativeResultsDirectory="f4faa532-8d9a-4799-adca-a1c5c07810ef">
    </UnitTestResult>
    <UnitTestResult executionId="44864cac-2440-4f95-8bdd-02c6c20fc32c" testId="5dcf0036-21e9-84de-c458-a6b89095045d" testName="TestRelationshipQueryField" computerName="ROLIM-PC" duration="00:00:00.0006508" startTime="2015-02-02T13:59:19.0344550-02:00" endTime="2015-02-02T13:59:19.0374552-02:00" testType="13cdc9d9-ddb5-4fa4-a97d-d965ccfc6d4b" outcome="Passed" testListId="8c84fa94-04c1-424b-9868-57a2d4851a1d" relativeResultsDirectory="44864cac-2440-4f95-8bdd-02c6c20fc32c">
    </UnitTestResult>
    <UnitTestResult executionId="047fdba9-fc42-4c52-bcd6-3a9ce2518a7c" testId="2ebabb6e-1e4f-c138-ba59-840386aaf13c" testName="TestMethod1" computerName="ROLIM-PC" duration="00:00:00.0053730" startTime="2015-02-02T13:59:19.0384552-02:00" endTime="2015-02-02T13:59:19.0484558-02:00" testType="13cdc9d9-ddb5-4fa4-a97d-d965ccfc6d4b" outcome="Passed" testListId="8c84fa94-04c1-424b-9868-57a2d4851a1d" relativeResultsDirectory="047fdba9-fc42-4c52-bcd6-3a9ce2518a7c">
    </UnitTestResult>
    <UnitTestResult executionId="d2f4f129-67b9-4fa2-bd1e-c210b23ee1ed" testId="79ce1f70-64ff-be37-7e0d-989ae55ae541" testName="TestMethod2" computerName="ROLIM-PC" duration="00:00:00.0009858" startTime="2015-02-02T13:59:19.0494559-02:00" endTime="2015-02-02T13:59:19.0514560-02:00" testType="13cdc9d9-ddb5-4fa4-a97d-d965ccfc6d4b" outcome="Passed" testListId="8c84fa94-04c1-424b-9868-57a2d4851a1d" relativeResultsDirectory="d2f4f129-67b9-4fa2-bd1e-c210b23ee1ed">
    </UnitTestResult>
    <UnitTestResult executionId="720f2d46-3c22-4d59-9b2f-97cf1a3049ad" testId="a3f31eec-7b4a-07c8-4e24-061ae3cab06f" testName="TestProjectionFieldWithQuery" computerName="ROLIM-PC" duration="00:00:00.0006785" startTime="2015-02-02T13:59:19.0534561-02:00" endTime="2015-02-02T13:59:19.0564563-02:00" testType="13cdc9d9-ddb5-4fa4-a97d-d965ccfc6d4b" outcome="Passed" testListId="8c84fa94-04c1-424b-9868-57a2d4851a1d" relativeResultsDirectory="720f2d46-3c22-4d59-9b2f-97cf1a3049ad">
    </UnitTestResult>
    <UnitTestResult executionId="946481dd-4e56-4954-8594-6d0c8eb0ae1a" testId="a096724d-407b-870b-181f-95da6417f9c3" testName="TestReplace" computerName="ROLIM-PC" duration="00:00:00.0014643" startTime="2015-02-02T13:59:19.0574563-02:00" endTime="2015-02-02T13:59:19.0604565-02:00" testType="13cdc9d9-ddb5-4fa4-a97d-d965ccfc6d4b" outcome="Passed" testListId="8c84fa94-04c1-424b-9868-57a2d4851a1d" relativeResultsDirectory="946481dd-4e56-4954-8594-6d0c8eb0ae1a">
    </UnitTestResult>
    <UnitTestResult executionId="70bb5ef7-ba28-4a90-80bd-1b11d5edb0f6" testId="d152a551-5397-a869-2a68-6828ef50c3fe" testName="TestReplace_Nulls" computerName="ROLIM-PC" duration="00:00:00.0010857" startTime="2015-02-02T13:59:19.0614566-02:00" endTime="2015-02-02T13:59:19.0654568-02:00" testType="13cdc9d9-ddb5-4fa4-a97d-d965ccfc6d4b" outcome="Passed" testListId="8c84fa94-04c1-424b-9868-57a2d4851a1d" relativeResultsDirectory="70bb5ef7-ba28-4a90-80bd-1b11d5edb0f6">
    </UnitTestResult>
    <UnitTestResult executionId="5663da3c-64f0-47f3-9e43-0ddc4470f79f" testId="6203c23b-2b32-7bab-0f88-4832a355bd8a" testName="TestReplaceInner" computerName="ROLIM-PC" duration="00:00:00.0015249" startTime="2015-02-02T13:59:19.0664568-02:00" endTime="2015-02-02T13:59:19.0694570-02:00" testType="13cdc9d9-ddb5-4fa4-a97d-d965ccfc6d4b" outcome="Passed" testListId="8c84fa94-04c1-424b-9868-57a2d4851a1d" relativeResultsDirectory="5663da3c-64f0-47f3-9e43-0ddc4470f79f">
    </UnitTestResult>
    <UnitTestResult executionId="25a2c23a-78b5-48b9-9ab3-0d91a68aa176" testId="e65bc6e1-59c6-47f3-db18-afd367994c2a" testName="Move" computerName="ROLIM-PC" duration="00:00:00.0060833" startTime="2015-02-02T13:59:19.0714571-02:00" endTime="2015-02-02T13:59:19.1364608-02:00" testType="13cdc9d9-ddb5-4fa4-a97d-d965ccfc6d4b" outcome="Passed" testListId="8c84fa94-04c1-424b-9868-57a2d4851a1d" relativeResultsDirectory="25a2c23a-78b5-48b9-9ab3-0d91a68aa176">
      <Output>
        <DebugTrace>
=====================================================================
Request Details

Location:   MT4 --&gt; MT3
Asset:   B4000
Child Asset:   A7800
to ITC:   WILSON
=====================================================================
Service Attributes

Installation date:   19/06/2014
LAN Type (printers only):   lan
Remarks:   test
Usage:   TEST
=====================================================================
Location

Building:   
Floor:   
Room:   
=====================================================================
</DebugTrace>
      </Output>
    </UnitTestResult>
    <UnitTestResult executionId="eab3edeb-56aa-4a1b-a3fb-983b13c664ee" testId="3149a8f1-6952-39ad-2ebc-3e6a54a0aea3" testName="RemoveAsset" computerName="ROLIM-PC" duration="00:00:00.0010417" startTime="2015-02-02T13:59:19.1494616-02:00" endTime="2015-02-02T13:59:19.1524618-02:00" testType="13cdc9d9-ddb5-4fa4-a97d-d965ccfc6d4b" outcome="Passed" testListId="8c84fa94-04c1-424b-9868-57a2d4851a1d" relativeResultsDirectory="eab3edeb-56aa-4a1b-a3fb-983b13c664ee">
      <Output>
        <DebugTrace>
=====================================================================
Request Details

Location:   MT4
Asset:   A5006
:   MILLER
Child Asset:   
=====================================================================
Service Attributes

Installation date:   
Remarks:   
Usage:   TEST
=====================================================================
Asset Data

Parent Asset Status:   
Building:   
Floor:   
Room:   
=====================================================================
Child Asset Data

Building:   
Floor:   
Room:   
=====================================================================
</DebugTrace>
      </Output>
    </UnitTestResult>
    <UnitTestResult executionId="2d2b71f6-21b7-43c6-9f8f-47b648c7cb65" testId="03b6a6cb-f3f0-66dd-342c-054ba69b10a6" testName="ReplaceAsset" computerName="ROLIM-PC" duration="00:00:00.1379277" startTime="2015-02-02T13:59:19.1534618-02:00" endTime="2015-02-02T13:59:19.2924698-02:00" testType="13cdc9d9-ddb5-4fa4-a97d-d965ccfc6d4b" outcome="Passed" testListId="8c84fa94-04c1-424b-9868-57a2d4851a1d" relativeResultsDirectory="2d2b71f6-21b7-43c6-9f8f-47b648c7cb65">
      <Output>
        <DebugTrace>
=====================================================================
Request Details

Location:   HLAG-MT4
Asset:   (13150) Top Breaker System // 32R5G
:   150 IDLE
:   BPM3100
:   
Old Child Asset:   
New Asset:   (A5006) 95 FLD112 TRACTOR // 1FG44093300009
New Child Asset:   
(13150) 95 FLD112 TRACTOR // 1FG44093300009
(A5006) 95 FLD112 TRACTOR // 1FG44093300009
=====================================================================
Service Attributes

Installation date:   
Remarks:   
Usage:   TEST
=====================================================================
Old Asset Data

Status of Old Asset:   150 Idle
Building:   Miami Customer Service Center
Floor:   0001
Room:   0006
=====================================================================
Old Child Asset Data

Building:   
Floor:   
Room:   
=====================================================================
</DebugTrace>
      </Output>
    </UnitTestResult>
    <UnitTestResult executionId="1e2af761-a934-43a5-b4e9-3f31c6128603" testId="bcafc904-2f6a-a8dc-9875-4674e06860f9" testName="UpdateAsset" computerName="ROLIM-PC" duration="00:00:00.0266612" startTime="2015-02-02T13:59:19.2934698-02:00" endTime="2015-02-02T13:59:19.3224715-02:00" testType="13cdc9d9-ddb5-4fa4-a97d-d965ccfc6d4b" outcome="Passed" testListId="8c84fa94-04c1-424b-9868-57a2d4851a1d" relativeResultsDirectory="1e2af761-a934-43a5-b4e9-3f31c6128603">
      <Output>
        <DebugTrace>
=====================================================================
Request Details

Location:   MT4
Asset:   A8005
:   OPERATING
Update Child Asset:   update
=====================================================================
Service Attributes

Remarks:   Remark Test
Usage:   TEST
=====================================================================
Location

Building:   
Floor:   
Room:   
=====================================================================
Services

Asset owened by HLAG
Commodity Test
=====================================================================
Specifications

Computer Name:   Unix Server --&gt; Unix Server Test
Serial Number:   FT-88654343 --&gt; FT-88654343 Test
Product:   Unix Server --&gt; Unix Server Test
Model:    --&gt; Test
Type:    --&gt; Test
HL Invent Number:    --&gt; Test
Comment:    --&gt; Test
=====================================================================
Asset Attributes

Application Server Version:   4.0000000000 --&gt; 3
DISK SIZE:   500.0000000000 --&gt; 500
Disk 2 Size:   250.0000000000 --&gt; 300
Disk 3 Size:   250.0000000000 --&gt; 200
Disk 4 Size:   250.0000000000 --&gt; 350
MEMORY SIZE:   2000.0000000000 --&gt; 4000
PROCESSOR SPEED:   4.5000000000 --&gt; 5
=====================================================================
</DebugTrace>
      </Output>
    </UnitTestResult>
    <UnitTestResult executionId="c76cdc2b-903a-4b6b-8718-535ce1430905" testId="cf0cd8ff-1cfd-a319-12ba-b6f3da205756" testName="TestExpanding" computerName="ROLIM-PC" duration="00:00:00.0029020" startTime="2015-02-02T13:59:19.3234715-02:00" endTime="2015-02-02T13:59:19.3294719-02:00" testType="13cdc9d9-ddb5-4fa4-a97d-d965ccfc6d4b" outcome="Passed" testListId="8c84fa94-04c1-424b-9868-57a2d4851a1d" relativeResultsDirectory="c76cdc2b-903a-4b6b-8718-535ce1430905">
    </UnitTestResult>
    <UnitTestResult executionId="d615d213-fce9-4427-9058-1dde5a4f66fa" testId="d13125df-1d4a-a431-5428-12c0d4a5ad99" testName="TestExpandingNoId" computerName="ROLIM-PC" duration="00:00:00.0005988" startTime="2015-02-02T13:59:19.3304719-02:00" endTime="2015-02-02T13:59:19.3334721-02:00" testType="13cdc9d9-ddb5-4fa4-a97d-d965ccfc6d4b" outcome="Passed" testListId="8c84fa94-04c1-424b-9868-57a2d4851a1d" relativeResultsDirectory="d615d213-fce9-4427-9058-1dde5a4f66fa">
    </UnitTestResult>
    <UnitTestResult executionId="2f5f652a-ef94-47ca-80f1-a5fd59ce6f06" testId="98020f3d-3d67-95ba-3ae7-3b514b0bc5dc" testName="BasicSearchDtoTest" computerName="ROLIM-PC" duration="00:00:00.0098858" startTime="2015-02-02T13:59:19.3354722-02:00" endTime="2015-02-02T13:59:19.4034761-02:00" testType="13cdc9d9-ddb5-4fa4-a97d-d965ccfc6d4b" outcome="Passed" testListId="8c84fa94-04c1-424b-9868-57a2d4851a1d" relativeResultsDirectory="2f5f652a-ef94-47ca-80f1-a5fd59ce6f06">
    </UnitTestResult>
    <UnitTestResult executionId="564d4d4b-8e47-4e8a-b08f-c5ac5e8a59b6" testId="bd551a90-f138-445a-cc09-66e1047940e2" testName="DateSearchDtoGteTest" computerName="ROLIM-PC" duration="00:00:00.0051204" startTime="2015-02-02T13:59:19.4044762-02:00" endTime="2015-02-02T13:59:19.4114766-02:00" testType="13cdc9d9-ddb5-4fa4-a97d-d965ccfc6d4b" outcome="Passed" testListId="8c84fa94-04c1-424b-9868-57a2d4851a1d" relativeResultsDirectory="564d4d4b-8e47-4e8a-b08f-c5ac5e8a59b6">
    </UnitTestResult>
    <UnitTestResult executionId="95efd38d-b211-40c6-b68b-dd01dc9406d0" testId="058e27e7-a60a-540c-3a8e-4bf7ccdc4123" testName="DateSearchDtoLTTest" computerName="ROLIM-PC" duration="00:00:00.0013493" startTime="2015-02-02T13:59:19.4124766-02:00" endTime="2015-02-02T13:59:19.4154768-02:00" testType="13cdc9d9-ddb5-4fa4-a97d-d965ccfc6d4b" outcome="Passed" testListId="8c84fa94-04c1-424b-9868-57a2d4851a1d" relativeResultsDirectory="95efd38d-b211-40c6-b68b-dd01dc9406d0">
    </UnitTestResult>
    <UnitTestResult executionId="1fd68dff-f990-4a85-8e76-ca566dd5a66b" testId="7d3385f6-7b2f-d410-9880-4d1883c8cb0b" testName="DateSearchDtoTest" computerName="ROLIM-PC" duration="00:00:00.0011416" startTime="2015-02-02T13:59:19.4164769-02:00" endTime="2015-02-02T13:59:19.4194770-02:00" testType="13cdc9d9-ddb5-4fa4-a97d-d965ccfc6d4b" outcome="Passed" testListId="8c84fa94-04c1-424b-9868-57a2d4851a1d" relativeResultsDirectory="1fd68dff-f990-4a85-8e76-ca566dd5a66b">
    </UnitTestResult>
    <UnitTestResult executionId="cf7c1474-4fae-427e-a844-c67c35d523b4" testId="0ceedc9a-fafe-a1d2-269b-78553163e453" testName="MultipleFieldsSearchDtoTest" computerName="ROLIM-PC" duration="00:00:00.0010561" startTime="2015-02-02T13:59:19.4204771-02:00" endTime="2015-02-02T13:59:19.4234773-02:00" testType="13cdc9d9-ddb5-4fa4-a97d-d965ccfc6d4b" outcome="Passed" testListId="8c84fa94-04c1-424b-9868-57a2d4851a1d" relativeResultsDirectory="cf7c1474-4fae-427e-a844-c67c35d523b4">
    </UnitTestResult>
    <UnitTestResult executionId="db2f010a-6e0d-4082-ab48-ee4d9ef6119d" testId="f47aed1c-fb58-5703-cf88-7963108c5062" testName="NotEqEmptySearchDtoTest" computerName="ROLIM-PC" duration="00:00:00.0009523" startTime="2015-02-02T13:59:19.4254774-02:00" endTime="2015-02-02T13:59:19.4274775-02:00" testType="13cdc9d9-ddb5-4fa4-a97d-d965ccfc6d4b" outcome="Passed" testListId="8c84fa94-04c1-424b-9868-57a2d4851a1d" relativeResultsDirectory="db2f010a-6e0d-4082-ab48-ee4d9ef6119d">
    </UnitTestResult>
    <UnitTestResult executionId="27d05d2f-b55f-48f0-a2ad-d300ab4a8eac" testId="1ea3a08a-e479-6280-a556-9b2d5a32d24f" testName="NotEqNotEmptySearchDtoTest" computerName="ROLIM-PC" duration="00:00:00.0008452" startTime="2015-02-02T13:59:19.4294776-02:00" endTime="2015-02-02T13:59:19.4324778-02:00" testType="13cdc9d9-ddb5-4fa4-a97d-d965ccfc6d4b" outcome="Passed" testListId="8c84fa94-04c1-424b-9868-57a2d4851a1d" relativeResultsDirectory="27d05d2f-b55f-48f0-a2ad-d300ab4a8eac">
    </UnitTestResult>
    <UnitTestResult executionId="ce346c07-871f-4124-aed5-e791ef527c32" testId="26ef22f7-16e4-fc2c-0534-9721d0a60367" testName="SearchWithFixedParam_Hapag_SEARCH_TEST" computerName="ROLIM-PC" duration="00:00:00.0022195" startTime="2015-02-02T13:59:19.4334778-02:00" endTime="2015-02-02T13:59:19.4374781-02:00" testType="13cdc9d9-ddb5-4fa4-a97d-d965ccfc6d4b" outcome="Passed" testListId="8c84fa94-04c1-424b-9868-57a2d4851a1d" relativeResultsDirectory="ce346c07-871f-4124-aed5-e791ef527c32">
    </UnitTestResult>
    <UnitTestResult executionId="12b7c431-ef20-4af1-bcfc-3cef8dbde1d8" testId="442c99c8-19a0-3c2e-f9ca-d8141de7b70e" testName="SearchWithFixedParam_Hapag_SEARCH_TEST_NOTEQ" computerName="ROLIM-PC" duration="00:00:00.0005952" startTime="2015-02-02T13:59:19.4384781-02:00" endTime="2015-02-02T13:59:19.4514789-02:00" testType="13cdc9d9-ddb5-4fa4-a97d-d965ccfc6d4b" outcome="Passed" testListId="8c84fa94-04c1-424b-9868-57a2d4851a1d" relativeResultsDirectory="12b7c431-ef20-4af1-bcfc-3cef8dbde1d8">
    </UnitTestResult>
    <UnitTestResult executionId="c472fba6-07da-45d3-9050-fbee97f49309" testId="b519b0dd-c920-4dd8-64fe-8cc0189a57a6" testName="SearchWithQueryParameter" computerName="ROLIM-PC" duration="00:00:00.0008358" startTime="2015-02-02T13:59:19.4514789-02:00" endTime="2015-02-02T13:59:19.4544790-02:00" testType="13cdc9d9-ddb5-4fa4-a97d-d965ccfc6d4b" outcome="Passed" testListId="8c84fa94-04c1-424b-9868-57a2d4851a1d" relativeResultsDirectory="c472fba6-07da-45d3-9050-fbee97f49309">
    </UnitTestResult>
    <UnitTestResult executionId="816f07df-84a4-4e0b-b601-92bdd1614cd7" testId="47ee8c2f-44b5-76ff-37ac-fdbc6fcd06fc" testName="NumberSearchDtoGteTest" computerName="ROLIM-PC" duration="00:00:00.0008032" startTime="2015-02-02T13:59:19.4554791-02:00" endTime="2015-02-02T13:59:19.5184827-02:00" testType="13cdc9d9-ddb5-4fa4-a97d-d965ccfc6d4b" outcome="Passed" testListId="8c84fa94-04c1-424b-9868-57a2d4851a1d" relativeResultsDirectory="816f07df-84a4-4e0b-b601-92bdd1614cd7">
    </UnitTestResult>
    <UnitTestResult executionId="6bebe673-eaeb-404c-b360-c862dc6d62bd" testId="d0527def-4469-3bef-c311-54ce24aea28b" testName="TestMethod1" computerName="ROLIM-PC" duration="00:00:00.0363369" startTime="2015-02-02T13:59:19.5194828-02:00" endTime="2015-02-02T13:59:19.5574849-02:00" testType="13cdc9d9-ddb5-4fa4-a97d-d965ccfc6d4b" outcome="Passed" testListId="8c84fa94-04c1-424b-9868-57a2d4851a1d" relativeResultsDirectory="6bebe673-eaeb-404c-b360-c862dc6d62bd">
    </UnitTestResult>
    <UnitTestResult executionId="1f754ef8-c47e-4d15-aa98-660a698e59cf" testId="3e847722-9b65-4102-ba58-bf1fe444bed0" testName="TestQueryGenerator" computerName="ROLIM-PC" duration="00:00:00.0020203" startTime="2015-02-02T13:59:19.5584850-02:00" endTime="2015-02-02T13:59:19.5624852-02:00" testType="13cdc9d9-ddb5-4fa4-a97d-d965ccfc6d4b" outcome="Passed" testListId="8c84fa94-04c1-424b-9868-57a2d4851a1d" relativeResultsDirectory="1f754ef8-c47e-4d15-aa98-660a698e59cf">
    </UnitTestResult>
    <UnitTestResult executionId="a933d382-4085-41c8-a11e-f8f45d1fa5d9" testId="9f8da57b-4ad8-fa25-5e9a-a17945c7e8e1" testName="CheckFieldsOrderOrder" computerName="ROLIM-PC" duration="00:00:00.0060766" startTime="2015-02-02T13:59:19.5634853-02:00" endTime="2015-02-02T13:59:19.5864866-02:00" testType="13cdc9d9-ddb5-4fa4-a97d-d965ccfc6d4b" outcome="Passed" testListId="8c84fa94-04c1-424b-9868-57a2d4851a1d" relativeResultsDirectory="a933d382-4085-41c8-a11e-f8f45d1fa5d9">
    </UnitTestResult>
    <UnitTestResult executionId="37ad4eec-27db-406a-8d3a-fad31d5af661" testId="ecf50f5d-1505-8b7d-5392-a60e99531be0" testName="CheckFieldsOrderOrder2" computerName="ROLIM-PC" duration="00:00:00.0042407" startTime="2015-02-02T13:59:19.5884867-02:00" endTime="2015-02-02T13:59:19.5944870-02:00" testType="13cdc9d9-ddb5-4fa4-a97d-d965ccfc6d4b" outcome="Passed" testListId="8c84fa94-04c1-424b-9868-57a2d4851a1d" relativeResultsDirectory="37ad4eec-27db-406a-8d3a-fad31d5af661">
    </UnitTestResult>
    <UnitTestResult executionId="55addc28-4414-4b07-aa03-b988371a6c3f" testId="84166121-3586-094d-1bef-877281391cec" testName="TestAddCommandRightTo" computerName="ROLIM-PC" duration="00:00:00.0018328" startTime="2015-02-02T13:59:19.5944870-02:00" endTime="2015-02-02T13:59:19.5994873-02:00" testType="13cdc9d9-ddb5-4fa4-a97d-d965ccfc6d4b" outcome="Passed" testListId="8c84fa94-04c1-424b-9868-57a2d4851a1d" relativeResultsDirectory="55addc28-4414-4b07-aa03-b988371a6c3f">
    </UnitTestResult>
    <UnitTestResult executionId="9d6f69bb-37d5-4296-be6e-1355add316f8" testId="2017f71d-b182-81b2-01a7-1b4e3bdce128" testName="TestAddCommandRightTo2" computerName="ROLIM-PC" duration="00:00:00.0012083" startTime="2015-02-02T13:59:19.6014874-02:00" endTime="2015-02-02T13:59:19.6134881-02:00" testType="13cdc9d9-ddb5-4fa4-a97d-d965ccfc6d4b" outcome="Passed" testListId="8c84fa94-04c1-424b-9868-57a2d4851a1d" relativeResultsDirectory="9d6f69bb-37d5-4296-be6e-1355add316f8">
    </UnitTestResult>
    <UnitTestResult executionId="f5f4bb94-a18c-403c-b107-89d00da34269" testId="1c66d0fe-c7f9-a3e4-73f5-425d13fa0154" testName="TestEmptySchema" computerName="ROLIM-PC" duration="00:00:00.0007455" startTime="2015-02-02T13:59:19.6134881-02:00" endTime="2015-02-02T13:59:19.6164883-02:00" testType="13cdc9d9-ddb5-4fa4-a97d-d965ccfc6d4b" outcome="Passed" testListId="8c84fa94-04c1-424b-9868-57a2d4851a1d" relativeResultsDirectory="f5f4bb94-a18c-403c-b107-89d00da34269">
    </UnitTestResult>
    <UnitTestResult executionId="b15c1537-3a49-4793-a9b0-36a44718506a" testId="1ab2007e-bf91-4ee1-e89b-ed7aabf86985" testName="TestRemoveCommand" computerName="ROLIM-PC" duration="00:00:00.0014869" startTime="2015-02-02T13:59:19.6184884-02:00" endTime="2015-02-02T13:59:19.6224886-02:00" testType="13cdc9d9-ddb5-4fa4-a97d-d965ccfc6d4b" outcome="Passed" testListId="8c84fa94-04c1-424b-9868-57a2d4851a1d" relativeResultsDirectory="b15c1537-3a49-4793-a9b0-36a44718506a">
    </UnitTestResult>
    <UnitTestResult executionId="e7330c85-4fd6-4c92-ad9d-2c7fcf7b40a6" testId="dd5dcc84-7478-0332-5ccd-e44efa1d8b48" testName="TestRemoveUndeclared" computerName="ROLIM-PC" duration="00:00:00.0011935" startTime="2015-02-02T13:59:19.6224886-02:00" endTime="2015-02-02T13:59:19.6254888-02:00" testType="13cdc9d9-ddb5-4fa4-a97d-d965ccfc6d4b" outcome="Passed" testListId="8c84fa94-04c1-424b-9868-57a2d4851a1d" relativeResultsDirectory="e7330c85-4fd6-4c92-ad9d-2c7fcf7b40a6">
    </UnitTestResult>
    <UnitTestResult executionId="4a39a001-614e-46f9-9769-59cc29cf1ace" testId="d4054a2f-5507-4442-5cf3-27b763864e5c" testName="TestReplaceCommand" computerName="ROLIM-PC" duration="00:00:00.0014148" startTime="2015-02-02T13:59:19.6274889-02:00" endTime="2015-02-02T13:59:19.6304891-02:00" testType="13cdc9d9-ddb5-4fa4-a97d-d965ccfc6d4b" outcome="Passed" testListId="8c84fa94-04c1-424b-9868-57a2d4851a1d" relativeResultsDirectory="4a39a001-614e-46f9-9769-59cc29cf1ace">
    </UnitTestResult>
    <UnitTestResult executionId="1e572aa9-880a-4bc9-8b18-a5e57516a2c0" testId="4685f03c-8b62-fde2-b4be-9edd60faaed3" testName="SecureBars" computerName="ROLIM-PC" duration="00:00:00.0050823" startTime="2015-02-02T13:59:19.6314892-02:00" endTime="2015-02-02T13:59:19.6374895-02:00" testType="13cdc9d9-ddb5-4fa4-a97d-d965ccfc6d4b" outcome="Passed" testListId="8c84fa94-04c1-424b-9868-57a2d4851a1d" relativeResultsDirectory="1e572aa9-880a-4bc9-8b18-a5e57516a2c0">
    </UnitTestResult>
    <UnitTestResult executionId="81f52623-0f07-4420-90e6-6f28e9d5b63e" testId="c6eb0ddd-105b-065b-1c32-96233b44078e" testName="BothNulls" computerName="ROLIM-PC" duration="00:00:00.0068923" startTime="2015-02-02T13:59:19.6384896-02:00" endTime="2015-02-02T13:59:19.6474901-02:00" testType="13cdc9d9-ddb5-4fa4-a97d-d965ccfc6d4b" outcome="Passed" testListId="8c84fa94-04c1-424b-9868-57a2d4851a1d" relativeResultsDirectory="81f52623-0f07-4420-90e6-6f28e9d5b63e">
    </UnitTestResult>
    <UnitTestResult executionId="31363dac-9b0e-45cd-8749-deea738949f3" testId="79cd2259-0782-0434-e74d-14e7891a5b76" testName="NoneRequestOverriding" computerName="ROLIM-PC" duration="00:00:00.0010320" startTime="2015-02-02T13:59:19.6474901-02:00" endTime="2015-02-02T13:59:19.6514903-02:00" testType="13cdc9d9-ddb5-4fa4-a97d-d965ccfc6d4b" outcome="Passed" testListId="8c84fa94-04c1-424b-9868-57a2d4851a1d" relativeResultsDirectory="31363dac-9b0e-45cd-8749-deea738949f3">
    </UnitTestResult>
    <UnitTestResult executionId="5f26a5e0-4422-42f3-b9a1-71543da2c214" testId="4aa1307b-627a-98dd-6f20-5dee6d1130a6" testName="RequestNullReturnApp" computerName="ROLIM-PC" duration="00:00:00.0014540" startTime="2015-02-02T13:59:19.6524904-02:00" endTime="2015-02-02T13:59:19.6554905-02:00" testType="13cdc9d9-ddb5-4fa4-a97d-d965ccfc6d4b" outcome="Passed" testListId="8c84fa94-04c1-424b-9868-57a2d4851a1d" relativeResultsDirectory="5f26a5e0-4422-42f3-b9a1-71543da2c214">
    </UnitTestResult>
    <UnitTestResult executionId="e59146b4-ed6e-44fb-b62a-a27127d2cd0c" testId="f503ea6d-bf59-1f9d-dc11-8ebdf7ed7e77" testName="TestAllButSchema" computerName="ROLIM-PC" duration="00:00:00.0012557" startTime="2015-02-02T13:59:19.6554905-02:00" endTime="2015-02-02T13:59:19.6584907-02:00" testType="13cdc9d9-ddb5-4fa4-a97d-d965ccfc6d4b" outcome="Passed" testListId="8c84fa94-04c1-424b-9868-57a2d4851a1d" relativeResultsDirectory="e59146b4-ed6e-44fb-b62a-a27127d2cd0c">
    </UnitTestResult>
    <UnitTestResult executionId="63a897af-d1e2-4306-9647-2243e0cb2441" testId="7d148788-1a23-81e0-62aa-d6d167b7210c" testName="TestAllButSchema2" computerName="ROLIM-PC" duration="00:00:00.0006550" startTime="2015-02-02T13:59:19.6594908-02:00" endTime="2015-02-02T13:59:19.6624909-02:00" testType="13cdc9d9-ddb5-4fa4-a97d-d965ccfc6d4b" outcome="Passed" testListId="8c84fa94-04c1-424b-9868-57a2d4851a1d" relativeResultsDirectory="63a897af-d1e2-4306-9647-2243e0cb2441">
    </UnitTestResult>
    <UnitTestResult executionId="ecbdb675-1fde-4424-b8a8-859a832eb18f" testId="a0d3a6cd-a27f-c06d-ff98-bbb9fd660690" testName="TestMerge" computerName="ROLIM-PC" duration="00:00:00.0005158" startTime="2015-02-02T13:59:19.6634910-02:00" endTime="2015-02-02T13:59:19.6654911-02:00" testType="13cdc9d9-ddb5-4fa4-a97d-d965ccfc6d4b" outcome="Passed" testListId="8c84fa94-04c1-424b-9868-57a2d4851a1d" relativeResultsDirectory="ecbdb675-1fde-4424-b8a8-859a832eb18f">
    </UnitTestResult>
    <UnitTestResult executionId="516e4549-5c98-4758-8bdf-32e4a3d12ee6" testId="2a635ad6-76f8-6bb6-866e-2217b1072759" testName="TestParseWhere" computerName="ROLIM-PC" duration="00:00:00.0005569" startTime="2015-02-02T13:59:19.6654911-02:00" endTime="2015-02-02T13:59:19.6684913-02:00" testType="13cdc9d9-ddb5-4fa4-a97d-d965ccfc6d4b" outcome="Passed" testListId="8c84fa94-04c1-424b-9868-57a2d4851a1d" relativeResultsDirectory="516e4549-5c98-4758-8bdf-32e4a3d12ee6">
    </UnitTestResult>
    <UnitTestResult executionId="32b35c27-854b-4719-92b2-b45acf29218b" testId="9fbe5469-6512-aa7d-2fdc-c8be71dac349" testName="TestParseWhere2" computerName="ROLIM-PC" duration="00:00:00.0004283" startTime="2015-02-02T13:59:19.6684913-02:00" endTime="2015-02-02T13:59:19.6704914-02:00" testType="13cdc9d9-ddb5-4fa4-a97d-d965ccfc6d4b" outcome="Passed" testListId="8c84fa94-04c1-424b-9868-57a2d4851a1d" relativeResultsDirectory="32b35c27-854b-4719-92b2-b45acf29218b">
    </UnitTestResult>
    <UnitTestResult executionId="384262b5-22b7-4ddc-a0da-fd1b25e2fe68" testId="f5728043-1b0e-9f39-2376-5e1d076ce8ca" testName="TestParseWhereNull" computerName="ROLIM-PC" duration="00:00:00.0003619" startTime="2015-02-02T13:59:19.6714914-02:00" endTime="2015-02-02T13:59:19.6734916-02:00" testType="13cdc9d9-ddb5-4fa4-a97d-d965ccfc6d4b" outcome="Passed" testListId="8c84fa94-04c1-424b-9868-57a2d4851a1d" relativeResultsDirectory="384262b5-22b7-4ddc-a0da-fd1b25e2fe68">
    </UnitTestResult>
    <UnitTestResult executionId="373d70c2-e89e-40fe-ba46-b89435b9d8f5" testId="1cf08750-3251-452c-d9a1-5405821fb54e" testName="TestAssetListReportBug" computerName="ROLIM-PC" duration="00:00:00.0577069" startTime="2015-02-02T13:59:19.6744916-02:00" endTime="2015-02-02T13:59:19.7334950-02:00" testType="13cdc9d9-ddb5-4fa4-a97d-d965ccfc6d4b" outcome="Passed" testListId="8c84fa94-04c1-424b-9868-57a2d4851a1d" relativeResultsDirectory="373d70c2-e89e-40fe-ba46-b89435b9d8f5">
      <Output>
        <DebugTrace>select CASE WHEN asset.PLUSPCUSTOMER IS NOT NULL AND asset.PLUSPCUSTOMER = 'HLC-00' then 'HLC-00'  WHEN asset.PLUSPCUSTOMER IS NOT NULL AND LENGTH(asset.PLUSPCUSTOMER) &gt;= 3 THEN SUBSTR(asset.PLUSPCUSTOMER, LENGTH(asset.PLUSPCUSTOMER) - 2, 3) ELSE '' END as "hlagpluspcustomer", asset.itdmachtype as "itdmachtype", asset.serialnum as "serialnum", asset.assetnum as "assetnum", asset.itdalttag as "itdalttag", asset.installdate as "installdate", (select case when comm_.description is null then null else SUBSTR(comm_.description, 17) end from commodities as comm_ inner join assetloccomm as alclistreport_ on (alclistreport_.commodity = comm_.commodity and alclistreport_.itemsetid = comm_.itemsetid and (comm_.description like 'Asset owened by%')) where asset.assetnum = alclistreport_.assetnum and asset.siteid = alclistreport_.siteid) as "ownedby", asset.usage as "usage", asset.status as "status", CASE WHEN assetloccommswd_.commodity = 'HLC-0007' THEN 'Yes' ELSE 'No' END as "hlagswd", CASE WHEN assetloccommscanclient_.commodity = 'HLC-0006' THEN 'Yes' ELSE 'No' END as "hlagscanclient", asset.pluspcustomer as "pluspcustomer", asset.glaccount as "glaccount", asset.parent as "parent", asset.assetid as "assetid", asset.siteid as "siteid", asset.rowstamp as "rowstamp", aucisnotowner_.assetnum as "aucisnotowner_.assetnum", aucisnotowner_.assetlocusercustid as "aucisnotowner_.assetlocusercustid", aucisnotowner_.rowstamp as "aucisnotowner_.rowstamp", location_.description as "location_.description", location_.serviceaddresscode as "location_.serviceaddresscode", location_.locationsid as "location_.locationsid", location_.rowstamp as "location_.rowstamp", CASE WHEN LOCATE('@',primaryuser_.PERSONID) &gt; 0 THEN SUBSTR(primaryuser_.PERSONID,1,LOCATE('@',primaryuser_.PERSONID)-1) ELSE primaryuser_.PERSONID END as "primaryuser_.hlagdisplayname", primaryuser_.assetlocusercustid as "primaryuser_.assetlocusercustid", primaryuser_.rowstamp as "primaryuser_.rowstamp", CASE WHEN LOCATE('@',aucisowner_.PERSONID) &gt; 0 THEN SUBSTR(aucisowner_.PERSONID,1,LOCATE('@',aucisowner_.PERSONID)-1) ELSE aucisowner_.PERSONID END as "aucisowner_.hlagdisplayname", aucisowner_.assetlocusercustid as "aucisowner_.assetlocusercustid", aucisowner_.rowstamp as "aucisowner_.rowstamp", item_.itdmodel as "item_.itdmodel", item_.itemnum as "item_.itemnum", item_.itemid as "item_.itemid", item_.rowstamp as "item_.rowstamp", assetspeceosdate_.alnvalue as "assetspeceosdate_.alnvalue", assetspeceosdate_.assetspecid as "assetspeceosdate_.assetspecid", assetspeceosdate_.rowstamp as "assetspeceosdate_.rowstamp", assetspeccomment_.alnvalue as "assetspeccomment_.alnvalue", assetspeccomment_.assetspecid as "assetspeccomment_.assetspecid", assetspeccomment_.rowstamp as "assetspeccomment_.rowstamp", assetspecipaddress_.alnvalue as "assetspecipaddress_.alnvalue", assetspecipaddress_.assetspecid as "assetspecipaddress_.assetspecid", assetspecipaddress_.rowstamp as "assetspecipaddress_.rowstamp", assetspecmacaddress_.alnvalue as "assetspecmacaddress_.alnvalue", assetspecmacaddress_.assetspecid as "assetspecmacaddress_.assetspecid", assetspecmacaddress_.rowstamp as "assetspecmacaddress_.rowstamp", assetglaccount_.accountname as "assetglaccount_.accountname", assetglaccount_.chartofaccountsid as "assetglaccount_.chartofaccountsid", assetglaccount_.rowstamp as "assetglaccount_.rowstamp", classstructure_.classificationid as "classstructure_.classificationid", classstructure_.description as "classstructure_.description", classstructure_.classstructureuid as "classstructure_.classstructureuid", classstructure_.rowstamp as "classstructure_.rowstamp", companies_.company as "companies_.company", companies_.companiesid as "companies_.companiesid", companies_.rowstamp as "companies_.rowstamp", assetloccommswd_.assetnum as "assetloccommswd_.assetnum", assetloccommswd_.assetloccommid as "assetloccommswd_.assetloccommid", assetloccommswd_.rowstamp as "assetloccommswd_.rowstamp", assetloccommscanclient_.assetnum as "assetloccommscanclient_.assetnum", assetloccommscanclient_.assetloccommid as "assetloccommscanclient_.assetloccommid", assetloccommscanclient_.rowstamp as "assetloccommscanclient_.rowstamp", aucisnotowner_person_.department as "aucisnotowner_person_.department", aucisnotowner_person_.displayname as "aucisnotowner_person_.displayname", aucisnotowner_person_.personuid as "aucisnotowner_person_.personuid", aucisnotowner_person_.rowstamp as "aucisnotowner_person_.rowstamp", location_pluspservaddr_.country as "location_pluspservaddr_.country", location_pluspservaddr_.pluspservaddrid as "location_pluspservaddr_.pluspservaddrid", location_pluspservaddr_.rowstamp as "location_pluspservaddr_.rowstamp", item_invvendor_.manufacturer as "item_invvendor_.manufacturer", item_invvendor_.invvendorid as "item_invvendor_.invvendorid", item_invvendor_.rowstamp as "item_invvendor_.rowstamp", classstructure_category_.description as "classstructure_category_.description", classstructure_category_.classstructureuid as "classstructure_category_.classstructureuid", classstructure_category_.rowstamp as "classstructure_category_.rowstamp", companies_warrantyview_.description as "companies_warrantyview_.description", companies_warrantyview_.contractid as "companies_warrantyview_.contractid", companies_warrantyview_.rowstamp as "companies_warrantyview_.rowstamp" </DebugTrace>
      </Output>
    </UnitTestResult>
    <UnitTestResult executionId="d43a46fb-bd9f-433e-b93c-a3893c360ed5" testId="b7d86fdc-6fee-84a5-58aa-f9b91c364c85" testName="TestFrom" computerName="ROLIM-PC" duration="00:00:00.0533662" startTime="2015-02-02T13:59:19.7334950-02:00" endTime="2015-02-02T13:59:19.7894982-02:00" testType="13cdc9d9-ddb5-4fa4-a97d-d965ccfc6d4b" outcome="Passed" testListId="8c84fa94-04c1-424b-9868-57a2d4851a1d" relativeResultsDirectory="d43a46fb-bd9f-433e-b93c-a3893c360ed5">
      <Output>
        <DebugTrace>from asset as asset left join asset as parentasset_ on (asset.parent = parentasset_.assetnum and asset.siteid = parentasset_.siteid)left join AssetUserCust as primaryuser_ on (asset.assetnum = primaryuser_.assetnum and asset.siteid = primaryuser_.siteid and primaryuser_.isprimary = 1)left join assettrans as assettrans_ on (asset.assetnum = assettrans_.assetnum and asset.siteid = assettrans_.siteid)left join locations as location_ on (asset.location = location_.location and asset.siteid = location_.siteid)left join address as location_shipto_ on (location_.shiptoaddresscode = location_shipto_.addresscode and location_.orgid = location_shipto_.orgid)left join address as location_billto_ on (location_.billtoaddresscode = location_billto_.addresscode and location_.orgid = location_billto_.orgid)left join address as location_serv_ on (location_.serviceaddresscode = location_serv_.addresscode and location_.orgid = location_serv_.orgid)</DebugTrace>
      </Output>
    </UnitTestResult>
    <UnitTestResult executionId="f6079f76-1580-4e74-b21a-8e5b6d8530e7" testId="8f371522-4d77-e027-7af9-fe472fbacd2e" testName="TestReverseMapping" computerName="ROLIM-PC" duration="00:00:00.0839006" startTime="2015-02-02T13:59:19.7894982-02:00" endTime="2015-02-02T13:59:19.8755031-02:00" testType="13cdc9d9-ddb5-4fa4-a97d-d965ccfc6d4b" outcome="Passed" testListId="8c84fa94-04c1-424b-9868-57a2d4851a1d" relativeResultsDirectory="f6079f76-1580-4e74-b21a-8e5b6d8530e7">
      <Output>
        <DebugTrace>select SR.ticketid as "ticketid", SR.siteid as "siteid", SR.ticketuid as "ticketuid", SR.class as "class", SR.actlabcost as "actlabcost", SR.actlabhrs as "actlabhrs", SR.orgid as "orgid", SR.changeby as "changeby", SR.reportedby as "reportedby", SR.reportdate as "reportdate", SR.targetstart as "targetstart", SR.targetfinish as "targetfinish", SR.actualstart as "actualstart", SR.actualfinish as "actualfinish", SR.description as "description", SR.status as "status", SR.classstructureid as "classstructureid", SR.owner as "owner", SR.ownergroup as "ownergroup", SR.affectedperson as "affectedperson", SR.location as "location", SR.assetnum as "assetnum", synstatus_.description as "synstatus_.description", ownerperson_.displayname as "ownerperson_.displayname", persongroup_.description as "persongroup_.description", person_.displayname as "person_.displayname", location_.description as "location_.description", asset_.description as "asset_.description", longdescription_.ldtext as "longdescription_.ldtext", longdescription_.longdescriptionid as "longdescription_.longdescriptionid", longdescription_.rowstamp as "longdescription_.rowstamp" from SR as SR left join synonymdomain as synstatus_ on (SR.status = synstatus_.value and synstatus_.domainid = 'SRSTATUS')left join person as ownerperson_ on (SR.owner = ownerperson_.personid)left join persongroup as persongroup_ on (SR.ownergroup = persongroup_.persongroup)left join person as person_ on (SR.affectedperson = person_.personid and person_.status = 'ACTIVE')left join locations as location_ on (SR.location = location_.location and SR.siteid = location_.siteid)left join asset as asset_ on (SR.assetnum = asset_.assetnum and SR.siteid = asset_.siteid)left join longdescription as longdescription_ on (SR.ticketuid = longdescription_.ldkey and longdescription_.ldownertable = 'TICKET' and longdescription_.ldownercol = 'DESCRIPTION')</DebugTrace>
      </Output>
    </UnitTestResult>
    <UnitTestResult executionId="9d309a0f-6651-4e46-b4c1-5ea260ed7725" testId="45a2a7e9-9d20-b839-b088-74727e5e6fae" testName="TestSelect" computerName="ROLIM-PC" duration="00:00:00.0540252" startTime="2015-02-02T13:59:19.8825035-02:00" endTime="2015-02-02T13:59:19.9385067-02:00" testType="13cdc9d9-ddb5-4fa4-a97d-d965ccfc6d4b" outcome="Passed" testListId="8c84fa94-04c1-424b-9868-57a2d4851a1d" relativeResultsDirectory="9d309a0f-6651-4e46-b4c1-5ea260ed7725">
      <Output>
        <DebugTrace>select asset.assetnum as "assetnum", asset.siteid as "siteid", '('||asset.assetnum ||') ' || asset.Description || case when asset.serialnum is null then '' else ' // ' || asset.serialnum end  as "hlagdescription2", asset.classstructureid as "classstructureid", asset.itdextid as "itdextid", asset.pluspcustomer as "pluspcustomer", CASE WHEN asset.PLUSPCUSTOMER IS NOT NULL AND asset.PLUSPCUSTOMER = 'HLC-00' then 'HLC-00'  WHEN asset.PLUSPCUSTOMER IS NOT NULL AND LENGTH(asset.PLUSPCUSTOMER) &gt;= 3 THEN SUBSTR(asset.PLUSPCUSTOMER, LENGTH(asset.PLUSPCUSTOMER) - 2, 3) ELSE '' END as "hlagpluspcustomer", asset.description as "description", asset.status as "status", asset.serialnum as "serialnum", asset.installdate as "installdate", asset.usage as "usage", asset.pluspcostcenter as "pluspcostcenter", asset.assetid as "assetid", asset.rowstamp as "rowstamp", parentasset_.assetid as "parentasset_.assetid", '('||parentasset_.assetnum ||') ' || parentasset_.Description || case when parentasset_.serialnum is null then '' else ' // ' || parentasset_.serialnum end  as "parentasset_.hlagdescription2", parentasset_.rowstamp as "parentasset_.rowstamp", CASE WHEN LOCATE('@',primaryuser_.PERSONID) &gt; 0 THEN SUBSTR(primaryuser_.PERSONID,1,LOCATE('@',primaryuser_.PERSONID)-1) ELSE primaryuser_.PERSONID END as "primaryuser_.hlagdisplayname", primaryuser_.assetlocusercustid as "primaryuser_.assetlocusercustid", primaryuser_.rowstamp as "primaryuser_.rowstamp", assettrans_.ponum as "assettrans_.ponum", assettrans_.assettransid as "assettrans_.assettransid", assettrans_.rowstamp as "assettrans_.rowstamp", location_.description as "location_.description", location_.billtoaddresscode as "location_.billtoaddresscode", location_.shiptoaddresscode as "location_.shiptoaddresscode", location_.serviceaddresscode as "location_.serviceaddresscode", location_.locationsid as "location_.locationsid", location_.rowstamp as "location_.rowstamp", location_shipto_.address1 as "location_shipto_.address1", location_shipto_.address3 as "location_shipto_.address3", location_shipto_.address4 as "location_shipto_.address4", location_shipto_.address5 as "location_shipto_.address5", location_shipto_.description as "location_shipto_.description", location_shipto_.addressid as "location_shipto_.addressid", location_shipto_.rowstamp as "location_shipto_.rowstamp", location_billto_.address1 as "location_billto_.address1", location_billto_.address3 as "location_billto_.address3", location_billto_.address4 as "location_billto_.address4", location_billto_.address5 as "location_billto_.address5", location_billto_.description as "location_billto_.description", location_billto_.addressid as "location_billto_.addressid", location_billto_.rowstamp as "location_billto_.rowstamp", location_serv_.address1 as "location_serv_.address1", location_serv_.address3 as "location_serv_.address3", location_serv_.address4 as "location_serv_.address4", location_serv_.address5 as "location_serv_.address5", location_serv_.description as "location_serv_.description", location_serv_.addressid as "location_serv_.addressid", location_serv_.rowstamp as "location_serv_.rowstamp" </DebugTrace>
      </Output>
    </UnitTestResult>
    <UnitTestResult executionId="97e34cef-b491-4b26-b716-2415e9568993" testId="167ef33e-6f10-7229-4011-145d2ccab00c" testName="TestSelect2" computerName="ROLIM-PC" duration="00:00:00.0559477" startTime="2015-02-02T13:59:19.9385067-02:00" endTime="2015-02-02T13:59:19.9965100-02:00" testType="13cdc9d9-ddb5-4fa4-a97d-d965ccfc6d4b" outcome="Passed" testListId="8c84fa94-04c1-424b-9868-57a2d4851a1d" relativeResultsDirectory="97e34cef-b491-4b26-b716-2415e9568993">
      <Output>
        <DebugTrace>select asset.assetnum as "assetnum", asset.siteid as "siteid", '('||asset.assetnum ||') ' || asset.Description || case when asset.serialnum is null then '' else ' // ' || asset.serialnum end  as "hlagdescription2", asset.classstructureid as "classstructureid", asset.itdextid as "itdextid", asset.pluspcustomer as "pluspcustomer", CASE WHEN asset.PLUSPCUSTOMER IS NOT NULL AND asset.PLUSPCUSTOMER = 'HLC-00' then 'HLC-00'  WHEN asset.PLUSPCUSTOMER IS NOT NULL AND LENGTH(asset.PLUSPCUSTOMER) &gt;= 3 THEN SUBSTR(asset.PLUSPCUSTOMER, LENGTH(asset.PLUSPCUSTOMER) - 2, 3) ELSE '' END as "hlagpluspcustomer", asset.description as "description", asset.status as "status", asset.serialnum as "serialnum", asset.installdate as "installdate", asset.usage as "usage", asset.pluspcostcenter as "pluspcostcenter", asset.assetid as "assetid", asset.rowstamp as "rowstamp", parentasset_.assetid as "parentasset_.assetid", '('||parentasset_.assetnum ||') ' || parentasset_.Description || case when parentasset_.serialnum is null then '' else ' // ' || parentasset_.serialnum end  as "parentasset_.hlagdescription2", parentasset_.rowstamp as "parentasset_.rowstamp", CASE WHEN LOCATE('@',primaryuser_.PERSONID) &gt; 0 THEN SUBSTR(primaryuser_.PERSONID,1,LOCATE('@',primaryuser_.PERSONID)-1) ELSE primaryuser_.PERSONID END as "primaryuser_.hlagdisplayname", primaryuser_.assetlocusercustid as "primaryuser_.assetlocusercustid", primaryuser_.rowstamp as "primaryuser_.rowstamp", assettrans_.ponum as "assettrans_.ponum", assettrans_.assettransid as "assettrans_.assettransid", assettrans_.rowstamp as "assettrans_.rowstamp", location_.description as "location_.description", location_.billtoaddresscode as "location_.billtoaddresscode", location_.shiptoaddresscode as "location_.shiptoaddresscode", location_.serviceaddresscode as "location_.serviceaddresscode", location_.locationsid as "location_.locationsid", location_.rowstamp as "location_.rowstamp", location_shipto_.address1 as "location_shipto_.address1", location_shipto_.address3 as "location_shipto_.address3", location_shipto_.address4 as "location_shipto_.address4", location_shipto_.address5 as "location_shipto_.address5", location_shipto_.description as "location_shipto_.description", location_shipto_.addressid as "location_shipto_.addressid", location_shipto_.rowstamp as "location_shipto_.rowstamp", location_billto_.address1 as "location_billto_.address1", location_billto_.address3 as "location_billto_.address3", location_billto_.address4 as "location_billto_.address4", location_billto_.address5 as "location_billto_.address5", location_billto_.description as "location_billto_.description", location_billto_.addressid as "location_billto_.addressid", location_billto_.rowstamp as "location_billto_.rowstamp", location_serv_.address1 as "location_serv_.address1", location_serv_.address3 as "location_serv_.address3", location_serv_.address4 as "location_serv_.address4", location_serv_.address5 as "location_serv_.address5", location_serv_.description as "location_serv_.description", location_serv_.addressid as "location_serv_.addressid", location_serv_.rowstamp as "location_serv_.rowstamp" </DebugTrace>
      </Output>
    </UnitTestResult>
    <UnitTestResult executionId="a010313f-a182-43d8-ba5d-2b65f745b40d" testId="c35a2521-fc31-8d4f-0f0c-02189f608d96" testName="TestSelect3" computerName="ROLIM-PC" duration="00:00:00.0531679" startTime="2015-02-02T13:59:19.9975101-02:00" endTime="2015-02-02T13:59:20.0525132-02:00" testType="13cdc9d9-ddb5-4fa4-a97d-d965ccfc6d4b" outcome="Passed" testListId="8c84fa94-04c1-424b-9868-57a2d4851a1d" relativeResultsDirectory="a010313f-a182-43d8-ba5d-2b65f745b40d">
      <Output>
        <DebugTrace>select wochange.workorderid as "workorderid", wochange.wonum as "wonum", wochange.ownergroup as "ownergroup", wochange.location as "location", CASE WHEN wochange.PLUSPCUSTOMER IS NOT NULL AND wochange.PLUSPCUSTOMER = 'HLC-00' then 'HLC-00'  WHEN wochange.PLUSPCUSTOMER IS NOT NULL AND LENGTH(wochange.PLUSPCUSTOMER) &gt;= 3 THEN SUBSTR(wochange.PLUSPCUSTOMER, LENGTH(wochange.PLUSPCUSTOMER) - 2, 3) ELSE '' END as "hlagpluspcustomer", wochange.description as "description", CASE WHEN LOCATE('@',wochange.REPORTEDBY) &gt; 0 THEN SUBSTR(wochange.REPORTEDBY,1,LOCATE('@',wochange.REPORTEDBY)-1) ELSE wochange.REPORTEDBY END as "hlagreportedby", wochange.classstructureid as "classstructureid", wochange.cinum as "cinum", wochange.pmchgapprovallevel as "pmchgapprovallevel", wochange.worktype as "worktype", wochange.pmcomimpact as "pmcomimpact", wochange.pmcomurgency as "pmcomurgency", wochange.reasonforchange as "reasonforchange", wochange.itdchgbusimpct as "itdchgbusimpct", wochange.verification as "verification", wochange.itdbckoutdur as "itdbckoutdur", wochange.backoutplan as "backoutplan", wochange.itdchgpretstdtl as "itdchgpretstdtl", wochange.schedstart as "schedstart", wochange.schedfinish as "schedfinish", wochange.targstartdate as "targstartdate", wochange.targcompdate as "targcompdate", wochange.itdcreatedate as "itdcreatedate", wochange.wopriority as "wopriority", wochange.status as "status", wochange.itdclosurecode as "itdclosurecode", wochange.rowstamp as "rowstamp", sr_.ticketid as "sr_.ticketid", sr_.rowstamp as "sr_.rowstamp", reasonforchange_.ldtext as "reasonforchange_.ldtext", reasonforchange_.longdescriptionid as "reasonforchange_.longdescriptionid", reasonforchange_.rowstamp as "reasonforchange_.rowstamp", backoutplan_.ldtext as "backoutplan_.ldtext", backoutplan_.longdescriptionid as "backoutplan_.longdescriptionid", backoutplan_.rowstamp as "backoutplan_.rowstamp", pretestdetail_.ldtext as "pretestdetail_.ldtext", pretestdetail_.longdescriptionid as "pretestdetail_.longdescriptionid", pretestdetail_.rowstamp as "pretestdetail_.rowstamp", longdescription_.ldtext as "longdescription_.ldtext", longdescription_.longdescriptionid as "longdescription_.longdescriptionid", longdescription_.rowstamp as "longdescription_.rowstamp", sr_asset_.serialnum as "sr_asset_.serialnum", sr_asset_.assetid as "sr_asset_.assetid", sr_asset_.rowstamp as "sr_asset_.rowstamp" </DebugTrace>
      </Output>
    </UnitTestResult>
    <UnitTestResult executionId="95292292-39c6-4eb7-85a0-3098a0de6e6b" testId="0eab8dc7-d3da-ddab-b9b9-e929032208a5" testName="TestSelect4" computerName="ROLIM-PC" duration="00:00:00.0541734" startTime="2015-02-02T13:59:20.0525132-02:00" endTime="2015-02-02T13:59:20.1085164-02:00" testType="13cdc9d9-ddb5-4fa4-a97d-d965ccfc6d4b" outcome="Passed" testListId="8c84fa94-04c1-424b-9868-57a2d4851a1d" relativeResultsDirectory="95292292-39c6-4eb7-85a0-3098a0de6e6b">
      <Output>
        <DebugTrace>select imac.ticketid as "ticketid", CASE WHEN LOCATE('//',imac.Description) &gt; 0 THEN LTRIM(RTRIM(SUBSTR(imac.Description,1,LOCATE('//',imac.Description)-1))) ELSE LTRIM(RTRIM(imac.Description)) END as "hlagsummary", imac.description as "description", case             when imac.classificationid = '81515000' then 'Install'          when imac.classificationid = '81515100' then 'Move'          when imac.classificationid = '81515300' then 'Update Asset Data'          when imac.classificationid = '81515200' then 'Add Subcomponent'          when imac.classificationid = '81515400' then 'Remove'          when imac.classificationid = '81515500' then 'Replace'           end as "hlagservice", imac.reportdate as "reportdate", imac.status as "status", imac.classificationid as "classificationid", imac.assetnum as "assetnum", CASE WHEN LOCATE('@',imac.AFFECTEDPERSON) &gt; 0 THEN SUBSTR(imac.AFFECTEDPERSON,1,LOCATE('@',imac.AFFECTEDPERSON)-1) ELSE imac.AFFECTEDPERSON END as "hlagaffectedperson", CASE WHEN LOCATE('@',imac.REPORTEDBY) &gt; 0 THEN SUBSTR(imac.REPORTEDBY,1,LOCATE('@',imac.REPORTEDBY)-1) ELSE imac.REPORTEDBY END as "hlagreportedby", imac.rowstamp as "rowstamp", asset_.description as "asset_.description", asset_.glaccount as "asset_.glaccount", asset_.serialnum as "asset_.serialnum", '('||asset_.assetnum ||') ' || asset_.Description || case when asset_.serialnum is null then '' else ' // ' || asset_.serialnum end  as "asset_.hlagdescription2", asset_.assetid as "asset_.assetid", asset_.rowstamp as "asset_.rowstamp", longdescription_.ldtext as "longdescription_.ldtext", longdescription_.longdescriptionid as "longdescription_.longdescriptionid", longdescription_.rowstamp as "longdescription_.rowstamp", classstructure_.description as "classstructure_.description", classstructure_.classstructureuid as "classstructure_.classstructureuid", classstructure_.rowstamp as "classstructure_.rowstamp", asset_assetglaccount_.glaccount as "asset_assetglaccount_.glaccount", asset_assetglaccount_.chartofaccountsid as "asset_assetglaccount_.chartofaccountsid", asset_assetglaccount_.rowstamp as "asset_assetglaccount_.rowstamp", asset_location_.description as "asset_location_.description", asset_location_.locationsid as "asset_location_.locationsid", asset_location_.rowstamp as "asset_location_.rowstamp", CASE WHEN LOCATE('@',asset_primaryuser_.PERSONID) &gt; 0 THEN SUBSTR(asset_primaryuser_.PERSONID,1,LOCATE('@',asset_primaryuser_.PERSONID)-1) ELSE asset_primaryuser_.PERSONID END as "asset_primaryuser_.hlagdisplayname", asset_primaryuser_.assetlocusercustid as "asset_primaryuser_.assetlocusercustid", asset_primaryuser_.rowstamp as "asset_primaryuser_.rowstamp" </DebugTrace>
      </Output>
    </UnitTestResult>
    <UnitTestResult executionId="79ad2352-7398-4562-884c-a474affa09db" testId="619856f5-fbf3-c422-976f-5fa6bbf0cc3c" testName="TestSelectNullAttributes" computerName="ROLIM-PC" duration="00:00:00.0538299" startTime="2015-02-02T13:59:20.1105166-02:00" endTime="2015-02-02T13:59:20.1665198-02:00" testType="13cdc9d9-ddb5-4fa4-a97d-d965ccfc6d4b" outcome="Passed" testListId="8c84fa94-04c1-424b-9868-57a2d4851a1d" relativeResultsDirectory="79ad2352-7398-4562-884c-a474affa09db">
      <Output>
        <DebugTrace>select null, '-666' as "zeroedattr", srforchange.description as "hlagchangesummary", srforchange.ticketid as "ticketid", null, null, CASE WHEN srforchange.PLUSPCUSTOMER IS NOT NULL AND srforchange.PLUSPCUSTOMER = 'HLC-00' then 'HLC-00'  WHEN srforchange.PLUSPCUSTOMER IS NOT NULL AND LENGTH(srforchange.PLUSPCUSTOMER) &gt;= 3 THEN SUBSTR(srforchange.PLUSPCUSTOMER, LENGTH(srforchange.PLUSPCUSTOMER) - 2, 3) ELSE '' END as "hlagpluspcustomer", CASE WHEN LOCATE('@',srforchange.REPORTEDBY) &gt; 0 THEN SUBSTR(srforchange.REPORTEDBY,1,LOCATE('@',srforchange.REPORTEDBY)-1) ELSE srforchange.REPORTEDBY END as "hlagreportedby", srforchange.status as "status", asset_.description as "asset_.description", asset_.assetid as "asset_.assetid", asset_.rowstamp as "asset_.rowstamp" </DebugTrace>
      </Output>
    </UnitTestResult>
    <UnitTestResult executionId="ea7c5eed-6fbb-4e6c-8ceb-103d6982a878" testId="2297944c-225c-b4e7-edc7-7eadeddb77e1" testName="TestReverseMapping" computerName="ROLIM-PC" duration="00:00:00.0308280" startTime="2015-02-02T13:59:20.1675198-02:00" endTime="2015-02-02T13:59:20.2005217-02:00" testType="13cdc9d9-ddb5-4fa4-a97d-d965ccfc6d4b" outcome="Passed" testListId="8c84fa94-04c1-424b-9868-57a2d4851a1d" relativeResultsDirectory="ea7c5eed-6fbb-4e6c-8ceb-103d6982a878">
      <Output>
        <DebugTrace>select SR.ticketid as "ticketid", SR.siteid as "siteid", SR.ticketuid as "ticketuid", SR.class as "class", SR.actlabcost as "actlabcost", SR.actlabhrs as "actlabhrs", SR.orgid as "orgid", SR.changeby as "changeby", SR.reportedby as "reportedby", SR.reportdate as "reportdate", SR.targetstart as "targetstart", SR.targetfinish as "targetfinish", SR.actualstart as "actualstart", SR.actualfinish as "actualfinish", SR.description as "description", SR.status as "status", SR.classstructureid as "classstructureid", SR.owner as "owner", SR.ownergroup as "ownergroup", SR.affectedperson as "affectedperson", SR.location as "location", SR.assetnum as "assetnum", synstatus_.description as "synstatus_.description", ownerperson_.displayname as "ownerperson_.displayname", persongroup_.description as "persongroup_.description", person_.displayname as "person_.displayname", location_.description as "location_.description", asset_.description as "asset_.description", longdescription_.ldtext as "longdescription_.ldtext", longdescription_.longdescriptionid as "longdescription_.longdescriptionid", longdescription_.rowstamp as "longdescription_.rowstamp" from SR as SR left join synonymdomain as synstatus_ on (SR.status = synstatus_.value and synstatus_.domainid = 'SRSTATUS')left join person as ownerperson_ on (SR.owner = ownerperson_.personid)left join persongroup as persongroup_ on (SR.ownergroup = persongroup_.persongroup)left join person as person_ on (SR.affectedperson = person_.personid and person_.status = 'ACTIVE')left join locations as location_ on (SR.location = location_.location and SR.siteid = location_.siteid)left join asset as asset_ on (SR.assetnum = asset_.assetnum and SR.siteid = asset_.siteid)left join longdescription as longdescription_ on (SR.ticketuid = longdescription_.ldkey and longdescription_.ldownertable = 'TICKET' and longdescription_.ldownercol = 'DESCRIPTION')</DebugTrace>
      </Output>
    </UnitTestResult>
    <UnitTestResult executionId="cec2b85f-e1e0-47c1-985e-8ba7e3fe002d" testId="4375b126-b98f-0752-6b6b-302df4d378f5" testName="TestFrom" computerName="ROLIM-PC" duration="00:00:00.0015304" startTime="2015-02-02T13:59:20.2015218-02:00" endTime="2015-02-02T13:59:20.2535247-02:00" testType="13cdc9d9-ddb5-4fa4-a97d-d965ccfc6d4b" outcome="Passed" testListId="8c84fa94-04c1-424b-9868-57a2d4851a1d" relativeResultsDirectory="cec2b85f-e1e0-47c1-985e-8ba7e3fe002d">
      <Output>
        <DebugTrace>from incident as incident left join person as person_ on (incident.affectedperson = person_.personid and person_.status = 'ACTIVE')left join person as ownerperson_ on (incident.owner = ownerperson_.personid)left join persongroup as persongroup_ on (incident.ownergroup = persongroup_.persongroup)left join locations as location_ on (incident.location = location_.location and incident.siteid = location_.siteid)left join asset as asset_ on (incident.assetnum = asset_.assetnum and incident.siteid = asset_.siteid)left join solution as solution_ on (incident.solution = solution_.solution)left join longdescription as longdescription_ on (incident.ticketuid = longdescription_.ldkey and longdescription_.ldownertable = 'TICKET' and longdescription_.ldownercol = 'DESCRIPTION')left join longdescription as symptom_ on (incident.ticketuid = symptom_.ldkey and symptom_.ldownertable = 'TICKET' and symptom_.ldownercol = 'PROBLEMCODE')left join longdescription as cause_ on (incident.ticketuid = cause_.ldkey and cause_.ldownertable = 'TICKET' and cause_.ldownercol = 'FR1CODE')left join longdescription as resolution_ on (incident.ticketuid = resolution_.ldkey and resolution_.ldownertable = 'TICKET' and resolution_.ldownercol = 'FR2CODE')</DebugTrace>
      </Output>
    </UnitTestResult>
    <UnitTestResult executionId="4477b2dc-b3f3-4097-aee4-ccc3c1452fde" testId="634d16c0-8174-af93-abfb-30f2c13468e7" testName="TestSelect" computerName="ROLIM-PC" duration="00:00:00.0011035" startTime="2015-02-02T13:59:20.2545248-02:00" endTime="2015-02-02T13:59:20.2575250-02:00" testType="13cdc9d9-ddb5-4fa4-a97d-d965ccfc6d4b" outcome="Passed" testListId="8c84fa94-04c1-424b-9868-57a2d4851a1d" relativeResultsDirectory="4477b2dc-b3f3-4097-aee4-ccc3c1452fde">
      <Output>
        <DebugTrace>select incident.actlabcost as "actlabcost", incident.actlabhrs as "actlabhrs", incident.ticketuid as "ticketuid", incident.ticketid as "ticketid", incident.description as "description", incident.reportedby as "reportedby", incident.siteid as "siteid", incident.orgid as "orgid", incident.class as "class", incident.targetstart as "targetstart", incident.targetfinish as "targetfinish", incident.actualstart as "actualstart", incident.actualfinish as "actualfinish", incident.status as "status", incident.solution as "solution", incident.affectedperson as "affectedperson", incident.owner as "owner", incident.ownergroup as "ownergroup", incident.classstructureid as "classstructureid", incident.internalpriority as "internalpriority", incident.location as "location", incident.assetnum as "assetnum", incident.rowstamp as "rowstamp", person_.displayname as "person_.displayname", ownerperson_.displayname as "ownerperson_.displayname", persongroup_.description as "persongroup_.description", location_.description as "location_.description", asset_.description as "asset_.description", solution_.description as "solution_.description", longdescription_.ldtext as "longdescription_.ldtext", longdescription_.longdescriptionid as "longdescription_.longdescriptionid", longdescription_.rowstamp as "longdescription_.rowstamp", symptom_.ldtext as "symptom_.ldtext", symptom_.longdescriptionid as "symptom_.longdescriptionid", symptom_.rowstamp as "symptom_.rowstamp", cause_.ldtext as "cause_.ldtext", cause_.longdescriptionid as "cause_.longdescriptionid", cause_.rowstamp as "cause_.rowstamp", resolution_.ldtext as "resolution_.ldtext", resolution_.longdescriptionid as "resolution_.longdescriptionid", resolution_.rowstamp as "resolution_.rowstamp" </DebugTrace>
      </Output>
    </UnitTestResult>
    <UnitTestResult executionId="092959fe-49b6-4222-bc12-d575db483966" testId="d1c9e1a2-c791-6f91-f773-49741e5ecfdc" testName="TestMethod1" computerName="ROLIM-PC" duration="00:00:00.0004947" startTime="2015-02-02T13:59:20.2575250-02:00" endTime="2015-02-02T13:59:20.3135282-02:00" testType="13cdc9d9-ddb5-4fa4-a97d-d965ccfc6d4b" outcome="Passed" testListId="8c84fa94-04c1-424b-9868-57a2d4851a1d" relativeResultsDirectory="092959fe-49b6-4222-bc12-d575db483966">
    </UnitTestResult>
    <UnitTestResult executionId="cd9cb636-2cb9-4b30-89fa-40dd0ad6243e" testId="2ab63181-cbc7-c789-2f93-81c5121479ff" testName="TestMethod1" computerName="ROLIM-PC" duration="00:00:00.0362585" startTime="2015-02-02T13:59:20.3135282-02:00" endTime="2015-02-02T13:59:20.3595308-02:00" testType="13cdc9d9-ddb5-4fa4-a97d-d965ccfc6d4b" outcome="Passed" testListId="8c84fa94-04c1-424b-9868-57a2d4851a1d" relativeResultsDirectory="cd9cb636-2cb9-4b30-89fa-40dd0ad6243e">
    </UnitTestResult>
    <UnitTestResult executionId="ebfaa89b-1084-4eb4-977c-df09462452af" testId="c6c54fdd-371c-b9db-6c48-929480530129" testName="TestAlreadyFilledValues" computerName="ROLIM-PC" duration="00:00:00.0130930" startTime="2015-02-02T13:59:20.3655311-02:00" endTime="2015-02-02T13:59:20.3805320-02:00" testType="13cdc9d9-ddb5-4fa4-a97d-d965ccfc6d4b" outcome="Passed" testListId="8c84fa94-04c1-424b-9868-57a2d4851a1d" relativeResultsDirectory="ebfaa89b-1084-4eb4-977c-df09462452af">
    </UnitTestResult>
    <UnitTestResult executionId="953fee1a-2bee-41b6-b80b-3a6ee2a74c3a" testId="5056a224-4cae-e816-70f1-bf880c8ec319" testName="TestConversion" computerName="ROLIM-PC" duration="00:00:00.0243294" startTime="2015-02-02T13:59:20.3805320-02:00" endTime="2015-02-02T13:59:20.4075335-02:00" testType="13cdc9d9-ddb5-4fa4-a97d-d965ccfc6d4b" outcome="Passed" testListId="8c84fa94-04c1-424b-9868-57a2d4851a1d" relativeResultsDirectory="953fee1a-2bee-41b6-b80b-3a6ee2a74c3a">
    </UnitTestResult>
    <UnitTestResult executionId="90b79e45-cbc3-441b-bac2-7753426cd236" testId="db5a8b8d-463f-1e29-75d3-7c22f150f79f" testName="TestMethod1" computerName="ROLIM-PC" duration="00:00:00.0075331" startTime="2015-02-02T13:59:20.4085336-02:00" endTime="2015-02-02T13:59:20.4195342-02:00" testType="13cdc9d9-ddb5-4fa4-a97d-d965ccfc6d4b" outcome="Passed" testListId="8c84fa94-04c1-424b-9868-57a2d4851a1d" relativeResultsDirectory="90b79e45-cbc3-441b-bac2-7753426cd236">
    </UnitTestResult>
    <UnitTestResult executionId="677f04c3-3120-41e5-9555-e4c563940b3f" testId="f07df37d-90e4-087a-a292-d0b5f1ea8755" testName="TestWebMenuParsing" computerName="ROLIM-PC" duration="00:00:00.3323589" startTime="2015-02-02T13:59:20.4205343-02:00" endTime="2015-02-02T13:59:20.7545534-02:00" testType="13cdc9d9-ddb5-4fa4-a97d-d965ccfc6d4b" outcome="Passed" testListId="8c84fa94-04c1-424b-9868-57a2d4851a1d" relativeResultsDirectory="677f04c3-3120-41e5-9555-e4c563940b3f">
      <Output>
        <DebugTrace>bering_inv
entegra
gric
hapag
kongsberg
manchester
otb
scottsdale
shared
test2
test3
test_only
tva
</DebugTrace>
      </Output>
    </UnitTestResult>
    <UnitTestResult executionId="c937c722-19d5-4d1b-a5c0-ea13a69dc3ae" testId="b34b1695-ae71-155d-66cf-eeeb475a677b" testName="ConfigThenEnvThenGlobal" computerName="ROLIM-PC" duration="00:00:00.0004555" startTime="2015-02-02T13:59:20.7545534-02:00" endTime="2015-02-02T13:59:20.7725544-02:00" testType="13cdc9d9-ddb5-4fa4-a97d-d965ccfc6d4b" outcome="Passed" testListId="8c84fa94-04c1-424b-9868-57a2d4851a1d" relativeResultsDirectory="c937c722-19d5-4d1b-a5c0-ea13a69dc3ae">
    </UnitTestResult>
    <UnitTestResult executionId="775108c9-4c7e-41b5-a05f-3054cff01b55" testId="9da10d2c-99b7-4eb2-a14a-fee15fd6b52a" testName="TestAddFk" computerName="ROLIM-PC" duration="00:00:00.0015977" startTime="2015-02-02T13:59:20.7735545-02:00" endTime="2015-02-02T13:59:20.7905555-02:00" testType="13cdc9d9-ddb5-4fa4-a97d-d965ccfc6d4b" outcome="Passed" testListId="8c84fa94-04c1-424b-9868-57a2d4851a1d" relativeResultsDirectory="775108c9-4c7e-41b5-a05f-3054cff01b55">
    </UnitTestResult>
    <UnitTestResult executionId="1f38f625-ad5e-4b04-9f2d-ea925ec5c7d2" testId="27b5564a-4b1c-bc34-cdda-f84fa9a7751e" testName="TestMethod1" computerName="ROLIM-PC" duration="00:00:00.0012333" startTime="2015-02-02T13:59:20.7915555-02:00" endTime="2015-02-02T13:59:20.7945557-02:00" testType="13cdc9d9-ddb5-4fa4-a97d-d965ccfc6d4b" outcome="Passed" testListId="8c84fa94-04c1-424b-9868-57a2d4851a1d" relativeResultsDirectory="1f38f625-ad5e-4b04-9f2d-ea925ec5c7d2">
    </UnitTestResult>
    <UnitTestResult executionId="c36c5720-07af-4b20-9496-78bf527b51c4" testId="6967fa50-19a3-b358-2875-068a48bc7d11" testName="TestMethod2" computerName="ROLIM-PC" duration="00:00:00.0003106" startTime="2015-02-02T13:59:20.7965558-02:00" endTime="2015-02-02T13:59:20.7985559-02:00" testType="13cdc9d9-ddb5-4fa4-a97d-d965ccfc6d4b" outcome="Passed" testListId="8c84fa94-04c1-424b-9868-57a2d4851a1d" relativeResultsDirectory="c36c5720-07af-4b20-9496-78bf527b51c4">
    </UnitTestResult>
    <UnitTestResult executionId="e801c911-8559-43de-aa20-76b883d3c95e" testId="dba5467f-1e97-4998-fba3-b71343cfde2f" testName="TestMethod3" computerName="ROLIM-PC" duration="00:00:00.0003066" startTime="2015-02-02T13:59:20.7985559-02:00" endTime="2015-02-02T13:59:20.8075564-02:00" testType="13cdc9d9-ddb5-4fa4-a97d-d965ccfc6d4b" outcome="Passed" testListId="8c84fa94-04c1-424b-9868-57a2d4851a1d" relativeResultsDirectory="e801c911-8559-43de-aa20-76b883d3c95e">
    </UnitTestResult>
    <UnitTestResult executionId="39d12fb1-0eec-415e-b875-f776b0faae5b" testId="9177643c-7d01-dccf-b4c7-e2e78cd26785" testName="TestMethod4" computerName="ROLIM-PC" duration="00:00:00.0003426" startTime="2015-02-02T13:59:20.8075564-02:00" endTime="2015-02-02T13:59:20.8105566-02:00" testType="13cdc9d9-ddb5-4fa4-a97d-d965ccfc6d4b" outcome="Passed" testListId="8c84fa94-04c1-424b-9868-57a2d4851a1d" relativeResultsDirectory="39d12fb1-0eec-415e-b875-f776b0faae5b">
    </UnitTestResult>
    <UnitTestResult executionId="5f356b07-ca29-4a1d-a274-c39674dc478a" testId="2ccc5849-fe9d-ffc5-c877-9e28427a4330" testName="TestMethod1" computerName="ROLIM-PC" duration="00:00:00.0020954" startTime="2015-02-02T13:59:20.8115567-02:00" endTime="2015-02-02T13:59:20.8155569-02:00" testType="13cdc9d9-ddb5-4fa4-a97d-d965ccfc6d4b" outcome="Passed" testListId="8c84fa94-04c1-424b-9868-57a2d4851a1d" relativeResultsDirectory="5f356b07-ca29-4a1d-a274-c39674dc478a">
    </UnitTestResult>
    <UnitTestResult executionId="4fb78b06-ab6a-4e16-9404-be32f44c3041" testId="ab5ef0c4-4676-92ba-5b5c-b3edc2f8e558" testName="TestMethod2" computerName="ROLIM-PC" duration="00:00:00.0005539" startTime="2015-02-02T13:59:20.8165569-02:00" endTime="2015-02-02T13:59:20.8185571-02:00" testType="13cdc9d9-ddb5-4fa4-a97d-d965ccfc6d4b" outcome="Passed" testListId="8c84fa94-04c1-424b-9868-57a2d4851a1d" relativeResultsDirectory="4fb78b06-ab6a-4e16-9404-be32f44c3041">
    </UnitTestResult>
    <UnitTestResult executionId="bbddc26c-422d-41c5-b84b-954547b3071c" testId="50e6540e-2a88-ed1c-1a43-14f2c488cd81" testName="TestMethod3_only_var" computerName="ROLIM-PC" duration="00:00:00.0004696" startTime="2015-02-02T13:59:20.8195571-02:00" endTime="2015-02-02T13:59:20.8215572-02:00" testType="13cdc9d9-ddb5-4fa4-a97d-d965ccfc6d4b" outcome="Passed" testListId="8c84fa94-04c1-424b-9868-57a2d4851a1d" relativeResultsDirectory="bbddc26c-422d-41c5-b84b-954547b3071c">
    </UnitTestResult>
    <UnitTestResult executionId="60300e02-8710-4d94-a28d-aac3ab56c918" testId="db90e7b4-7edb-e986-5eaa-4312b542d56a" testName="TestStringToBytes" computerName="ROLIM-PC" duration="00:00:00.0007603" startTime="2015-02-02T13:59:20.8225573-02:00" endTime="2015-02-02T13:59:20.8245574-02:00" testType="13cdc9d9-ddb5-4fa4-a97d-d965ccfc6d4b" outcome="Passed" testListId="8c84fa94-04c1-424b-9868-57a2d4851a1d" relativeResultsDirectory="60300e02-8710-4d94-a28d-aac3ab56c918">
    </UnitTestResult>
    <UnitTestResult executionId="3d87ad60-3644-4c14-aa61-81a3ccc4de0b" testId="ac59350e-b94c-3929-6c72-637148e3a7a0" testName="TestStringToBytesCompressed" computerName="ROLIM-PC" duration="00:00:00.0023315" startTime="2015-02-02T13:59:20.8295577-02:00" endTime="2015-02-02T13:59:20.8335579-02:00" testType="13cdc9d9-ddb5-4fa4-a97d-d965ccfc6d4b" outcome="Passed" testListId="8c84fa94-04c1-424b-9868-57a2d4851a1d" relativeResultsDirectory="3d87ad60-3644-4c14-aa61-81a3ccc4de0b">
    </UnitTestResult>
    <UnitTestResult executionId="2566ab69-614d-4c36-ab7f-656bdb470937" testId="0af06012-3841-913f-698b-cbdd9adfe552" testName="SimulateFaqRealData" computerName="ROLIM-PC" duration="00:00:00.0036742" startTime="2015-02-02T13:59:20.8345580-02:00" endTime="2015-02-02T13:59:20.8395583-02:00" testType="13cdc9d9-ddb5-4fa4-a97d-d965ccfc6d4b" outcome="Passed" testListId="8c84fa94-04c1-424b-9868-57a2d4851a1d" relativeResultsDirectory="2566ab69-614d-4c36-ab7f-656bdb470937">
    </UnitTestResult>
    <UnitTestResult executionId="d190c2ea-b735-433b-bbb5-b98e22ae4c0a" testId="0570c3a1-164a-8720-ab47-d3feb9cadb85" testName="TestQueryTranslation" computerName="ROLIM-PC" duration="00:00:00.0025522" startTime="2015-02-02T13:59:20.8405583-02:00" endTime="2015-02-02T13:59:20.8455586-02:00" testType="13cdc9d9-ddb5-4fa4-a97d-d965ccfc6d4b" outcome="Passed" testListId="8c84fa94-04c1-424b-9868-57a2d4851a1d" relativeResultsDirectory="d190c2ea-b735-433b-bbb5-b98e22ae4c0a">
    </UnitTestResult>
    <UnitTestResult executionId="8b0de845-7a61-4ef8-87ea-796e16f323a4" testId="63252ef7-222a-c0ee-6c32-93c3bf0f63f9" testName="LocateFiles" computerName="ROLIM-PC" duration="00:00:00.0083529" startTime="2015-02-02T13:59:20.8465587-02:00" endTime="2015-02-02T13:59:20.8565592-02:00" testType="13cdc9d9-ddb5-4fa4-a97d-d965ccfc6d4b" outcome="Passed" testListId="8c84fa94-04c1-424b-9868-57a2d4851a1d" relativeResultsDirectory="8b0de845-7a61-4ef8-87ea-796e16f323a4">
    </UnitTestResult>
    <UnitTestResult executionId="2b2d0d11-d674-426f-9e85-6769c1bc05df" testId="da13500b-fd77-6dbc-e99f-be00c510ca6a" testName="TestAllCatalogsOk" computerName="ROLIM-PC" duration="00:00:00.0043189" startTime="2015-02-02T13:59:20.8575593-02:00" endTime="2015-02-02T13:59:20.8635596-02:00" testType="13cdc9d9-ddb5-4fa4-a97d-d965ccfc6d4b" outcome="Passed" testListId="8c84fa94-04c1-424b-9868-57a2d4851a1d" relativeResultsDirectory="2b2d0d11-d674-426f-9e85-6769c1bc05df">
    </UnitTestResult>
    <UnitTestResult executionId="1d8553c4-1f87-4043-9124-c41bcc11f78b" testId="16f7b9df-3e74-1b0e-bd2f-0aae808f916b" testName="TestSchemaTitle" computerName="ROLIM-PC" duration="00:00:00.0568780" startTime="2015-02-02T13:59:20.8645597-02:00" endTime="2015-02-02T13:59:20.9245631-02:00" testType="13cdc9d9-ddb5-4fa4-a97d-d965ccfc6d4b" outcome="Passed" testListId="8c84fa94-04c1-424b-9868-57a2d4851a1d" relativeResultsDirectory="1d8553c4-1f87-4043-9124-c41bcc11f78b">
    </UnitTestResult>
    <UnitTestResult executionId="11a9b196-63fa-407d-8162-255e8a96a6de" testId="c47e7cfc-14d7-9cda-3c43-f788fc8fca98" testName="TestCollection" computerName="ROLIM-PC" duration="00:00:00.0024224" startTime="2015-02-02T13:59:20.9245631-02:00" endTime="2015-02-02T13:59:20.9355637-02:00" testType="13cdc9d9-ddb5-4fa4-a97d-d965ccfc6d4b" outcome="Passed" testListId="8c84fa94-04c1-424b-9868-57a2d4851a1d" relativeResultsDirectory="11a9b196-63fa-407d-8162-255e8a96a6de">
    </UnitTestResult>
    <UnitTestResult executionId="7ce208de-b14b-4d05-ba21-c890975366eb" testId="219d335f-0870-4220-8e61-3f41d8c43f86" testName="TestParameterReplacement" computerName="ROLIM-PC" duration="00:00:00.0004811" startTime="2015-02-02T13:59:20.9355637-02:00" endTime="2015-02-02T13:59:20.9385639-02:00" testType="13cdc9d9-ddb5-4fa4-a97d-d965ccfc6d4b" outcome="Passed" testListId="8c84fa94-04c1-424b-9868-57a2d4851a1d" relativeResultsDirectory="7ce208de-b14b-4d05-ba21-c890975366eb">
    </UnitTestResult>
    <UnitTestResult executionId="fd2e77f3-21a3-4843-8308-ca76412b9b2a" testId="4988fb77-d19b-a1c4-7211-49326cebe459" testName="TestQuestionMark" computerName="ROLIM-PC" duration="00:00:00.0007959" startTime="2015-02-02T13:59:20.9395640-02:00" endTime="2015-02-02T13:59:20.9415641-02:00" testType="13cdc9d9-ddb5-4fa4-a97d-d965ccfc6d4b" outcome="Passed" testListId="8c84fa94-04c1-424b-9868-57a2d4851a1d" relativeResultsDirectory="fd2e77f3-21a3-4843-8308-ca76412b9b2a">
    </UnitTestResult>
  </Results>
</TestRun>